#
# There is insufficient memory for the Java Runtime Environment to continue.
# Native memory allocation (malloc) failed to allocate 1932816 bytes. Error detail: Chunk::new
# Possible reasons:
#   The system is out of physical RAM or swap space
#   This process is running with CompressedOops enabled, and the Java Heap may be blocking the growth of the native heap
# Possible solutions:
#   Reduce memory load on the system
#   Increase physical memory or swap space
#   Check if swap backing store is full
#   Decrease Java heap size (-Xmx/-Xms)
#   Decrease number of Java threads
#   Decrease Java thread stack sizes (-Xss)
#   Set larger code cache with -XX:ReservedCodeCacheSize=
#   JVM is running with Unscaled Compressed Oops mode in which the Java heap is
#     placed in the first 4GB address space. The Java Heap base address is the
#     maximum limit for the native heap growth. Please use -XX:HeapBaseMinAddress
#     to set the Java Heap base and to place the Java Heap above 4GB virtual address.
# This output file may be truncated or incomplete.
#
#  Out of Memory Error (arena.cpp:191), pid=62140, tid=142672
#
# JRE version: OpenJDK Runtime Environment Temurin-17.0.12+7 (17.0.12+7) (build 17.0.12+7)
# Java VM: OpenJDK 64-Bit Server VM Temurin-17.0.12+7 (17.0.12+7, mixed mode, tiered, compressed oops, compressed class ptrs, parallel gc, windows-amd64)
# No core dump will be written. Minidumps are not enabled by default on client versions of Windows
#

---------------  S U M M A R Y ------------

Command Line: --add-modules=ALL-SYSTEM --add-opens=java.base/java.util=ALL-UNNAMED --add-opens=java.base/java.lang=ALL-UNNAMED --add-opens=java.base/sun.nio.fs=ALL-UNNAMED -Declipse.application=org.eclipse.jdt.ls.core.id1 -Dosgi.bundles.defaultStartLevel=4 -Declipse.product=org.eclipse.jdt.ls.core.product -Djava.import.generatesMetadataFilesAtProjectRoot=false -DDetectVMInstallationsJob.disabled=true -Dfile.encoding=utf8 -XX:+UseParallelGC -XX:GCTimeRatio=4 -XX:AdaptiveSizePolicyWeight=90 -Dsun.zip.disableMemoryMapping=true -Xmx1G -Xms100m -Xlog:disable -javaagent:c:\Users\itwill\.vscode\extensions\redhat.java-1.35.1-win32-x64\lombok\lombok-1.18.33.jar -XX:+HeapDumpOnOutOfMemoryError -XX:HeapDumpPath=c:\Users\itwill\AppData\Roaming\Code\User\workspaceStorage\7d2a5cd38aa2d00f32d639ecbf84f81d\redhat.java -Daether.dependencyCollector.impl=bf c:\Users\itwill\.vscode\extensions\redhat.java-1.35.1-win32-x64\server\plugins\org.eclipse.equinox.launcher_1.6.900.v20240613-2009.jar -configuration c:\Users\itwill\AppData\Roaming\Code\User\globalStorage\redhat.java\1.35.1\config_win -data c:\Users\itwill\AppData\Roaming\Code\User\workspaceStorage\7d2a5cd38aa2d00f32d639ecbf84f81d\redhat.java\jdt_ws --pipe=\\.\pipe\lsp-41f524f57dc0e1348d5d3a0d2758e475-sock

Host: 12th Gen Intel(R) Core(TM) i5-12400, 12 cores, 15G,  Windows 11 , 64 bit Build 22621 (10.0.22621.3958)
Time: Wed Oct 16 15:08:40 2024  Windows 11 , 64 bit Build 22621 (10.0.22621.3958) elapsed time: 14.225585 seconds (0d 0h 0m 14s)

---------------  T H R E A D  ---------------

Current thread (0x00000253e3949b40):  JavaThread "C2 CompilerThread2" daemon [_thread_in_native, id=142672, stack(0x0000007c0a900000,0x0000007c0aa00000)]


Current CompileTask:
C2:  14225 8234 %     4       org.eclipse.jdt.internal.core.search.indexing.BinaryIndexer::extractReferenceFromConstantPool @ 155 (358 bytes)

Stack: [0x0000007c0a900000,0x0000007c0aa00000]
Native frames: (J=compiled Java code, j=interpreted, Vv=VM code, C=native code)
V  [jvm.dll+0x67f929]
V  [jvm.dll+0x8371ba]
V  [jvm.dll+0x838c7e]
V  [jvm.dll+0x8392e3]
V  [jvm.dll+0x24834f]
V  [jvm.dll+0xac9d4]
V  [jvm.dll+0xad01c]
V  [jvm.dll+0x367452]
V  [jvm.dll+0x1bd562]
V  [jvm.dll+0x21aa09]
V  [jvm.dll+0x219cf1]
V  [jvm.dll+0x1a58bd]
V  [jvm.dll+0x229a2d]
V  [jvm.dll+0x227bdc]
V  [jvm.dll+0x7ec1f7]
V  [jvm.dll+0x7e65dc]
V  [jvm.dll+0x67e7f7]
C  [ucrtbase.dll+0x29333]
C  [KERNEL32.DLL+0x1257d]
C  [ntdll.dll+0x5af08]


---------------  P R O C E S S  ---------------

Threads class SMR info:
_java_thread_list=0x00000253e4989dc0, length=65, elements={
0x00000253c4ddbec0, 0x00000253d8c64030, 0x00000253d8c654b0, 0x00000253ddd4f4f0,
0x00000253ddd4fdc0, 0x00000253ddd72790, 0x00000253ddd8e010, 0x00000253ddd94320,
0x00000253ddd953d0, 0x00000253ddda64a0, 0x00000253ddf0d0b0, 0x00000253ddf0ad40,
0x00000253ddf0d5c0, 0x00000253ddf0dad0, 0x00000253ddf0b250, 0x00000253ddf0b760,
0x00000253ddf0cba0, 0x00000253ddf0c690, 0x00000253e02ce480, 0x00000253e02cda60,
0x00000253e02ccb30, 0x00000253e02cd550, 0x00000253e02cdf70, 0x00000253e02cacd0,
0x00000253e02ce990, 0x00000253e02ceea0, 0x00000253e02cf3b0, 0x00000253e02c7f40,
0x00000253e02cbc00, 0x00000253e02cc110, 0x00000253e02ca7c0, 0x00000253e02cf8c0,
0x00000253e02c8450, 0x00000253e02c8960, 0x00000253e02c8e70, 0x00000253e02c9380,
0x00000253e02c9da0, 0x00000253e02cc620, 0x00000253e02ca2b0, 0x00000253e02cb1e0,
0x00000253ddf0dfe0, 0x00000253e1d98980, 0x00000253e1d94cc0, 0x00000253e1d951d0,
0x00000253e1d99dc0, 0x00000253e394a5e0, 0x00000253e1d96100, 0x00000253e1d9a2d0,
0x00000253e1d947b0, 0x00000253e1d95bf0, 0x00000253e1d96610, 0x00000253e1d93880,
0x00000253e1d96b20, 0x00000253e1d98e90, 0x00000253e1d92e60, 0x00000253e1d93370,
0x00000253e1d93d90, 0x00000253e1d942a0, 0x00000253e3949b40, 0x00000253e1d97f60,
0x00000253e1d97540, 0x00000253e1d98470, 0x00000253e1d956e0, 0x00000253ddf0bc70,
0x00000253ddf0c180
}

Java Threads: ( => current thread )
  0x00000253c4ddbec0 JavaThread "main" [_thread_blocked, id=139380, stack(0x0000007c06000000,0x0000007c06100000)]
  0x00000253d8c64030 JavaThread "Reference Handler" daemon [_thread_blocked, id=34932, stack(0x0000007c06300000,0x0000007c06400000)]
  0x00000253d8c654b0 JavaThread "Finalizer" daemon [_thread_blocked, id=107384, stack(0x0000007c06400000,0x0000007c06500000)]
  0x00000253ddd4f4f0 JavaThread "Signal Dispatcher" daemon [_thread_blocked, id=108912, stack(0x0000007c06500000,0x0000007c06600000)]
  0x00000253ddd4fdc0 JavaThread "Attach Listener" daemon [_thread_blocked, id=38020, stack(0x0000007c06600000,0x0000007c06700000)]
  0x00000253ddd72790 JavaThread "Service Thread" daemon [_thread_blocked, id=91284, stack(0x0000007c06700000,0x0000007c06800000)]
  0x00000253ddd8e010 JavaThread "Monitor Deflation Thread" daemon [_thread_blocked, id=102080, stack(0x0000007c06800000,0x0000007c06900000)]
  0x00000253ddd94320 JavaThread "C2 CompilerThread0" daemon [_thread_in_native, id=105720, stack(0x0000007c06900000,0x0000007c06a00000)]
  0x00000253ddd953d0 JavaThread "C1 CompilerThread0" daemon [_thread_blocked, id=120492, stack(0x0000007c06a00000,0x0000007c06b00000)]
  0x00000253ddda64a0 JavaThread "Sweeper thread" daemon [_thread_blocked, id=81284, stack(0x0000007c06b00000,0x0000007c06c00000)]
  0x00000253ddf0d0b0 JavaThread "Common-Cleaner" daemon [_thread_blocked, id=19948, stack(0x0000007c06c00000,0x0000007c06d00000)]
  0x00000253ddf0ad40 JavaThread "Notification Thread" daemon [_thread_blocked, id=145504, stack(0x0000007c06e00000,0x0000007c06f00000)]
  0x00000253ddf0d5c0 JavaThread "Active Thread: Equinox Container: 1708a441-ce12-4029-a3a6-6f6e582276ec" [_thread_blocked, id=152200, stack(0x0000007c07700000,0x0000007c07800000)]
  0x00000253ddf0dad0 JavaThread "Framework Event Dispatcher: Equinox Container: 1708a441-ce12-4029-a3a6-6f6e582276ec" daemon [_thread_blocked, id=45832, stack(0x0000007c06d00000,0x0000007c06e00000)]
  0x00000253ddf0b250 JavaThread "Start Level: Equinox Container: 1708a441-ce12-4029-a3a6-6f6e582276ec" daemon [_thread_blocked, id=124068, stack(0x0000007c07000000,0x0000007c07100000)]
  0x00000253ddf0b760 JavaThread "Bundle File Closer" daemon [_thread_blocked, id=144988, stack(0x0000007c07a00000,0x0000007c07b00000)]
  0x00000253ddf0cba0 JavaThread "SCR Component Actor" daemon [_thread_blocked, id=66680, stack(0x0000007c07c00000,0x0000007c07d00000)]
  0x00000253ddf0c690 JavaThread "Worker-JM" [_thread_blocked, id=144016, stack(0x0000007c07e00000,0x0000007c07f00000)]
  0x00000253e02ce480 JavaThread "JNA Cleaner" daemon [_thread_blocked, id=25180, stack(0x0000007c07f00000,0x0000007c08000000)]
  0x00000253e02cda60 JavaThread "Worker-0: Initialize Workspace" [_thread_blocked, id=26372, stack(0x0000007c08000000,0x0000007c08100000)]
  0x00000253e02ccb30 JavaThread "Worker-1: Initialize workspace" [_thread_blocked, id=155024, stack(0x0000007c08100000,0x0000007c08200000)]
  0x00000253e02cd550 JavaThread "Java indexing" daemon [_thread_in_Java, id=135456, stack(0x0000007c08400000,0x0000007c08500000)]
  0x00000253e02cdf70 JavaThread "Thread-2" daemon [_thread_in_native, id=61992, stack(0x0000007c08700000,0x0000007c08800000)]
  0x00000253e02cacd0 JavaThread "Thread-3" daemon [_thread_in_native, id=145844, stack(0x0000007c08800000,0x0000007c08900000)]
  0x00000253e02ce990 JavaThread "Thread-4" daemon [_thread_in_native, id=65188, stack(0x0000007c08900000,0x0000007c08a00000)]
  0x00000253e02ceea0 JavaThread "Thread-5" daemon [_thread_in_native, id=83716, stack(0x0000007c08a00000,0x0000007c08b00000)]
  0x00000253e02cf3b0 JavaThread "Thread-6" daemon [_thread_in_native, id=108288, stack(0x0000007c08b00000,0x0000007c08c00000)]
  0x00000253e02c7f40 JavaThread "Thread-7" daemon [_thread_in_native, id=22328, stack(0x0000007c08c00000,0x0000007c08d00000)]
  0x00000253e02cbc00 JavaThread "Thread-8" daemon [_thread_in_native, id=94168, stack(0x0000007c08d00000,0x0000007c08e00000)]
  0x00000253e02cc110 JavaThread "Thread-9" daemon [_thread_in_native, id=123124, stack(0x0000007c08e00000,0x0000007c08f00000)]
  0x00000253e02ca7c0 JavaThread "Thread-10" daemon [_thread_in_native, id=31084, stack(0x0000007c08f00000,0x0000007c09000000)]
  0x00000253e02cf8c0 JavaThread "Thread-11" daemon [_thread_in_native, id=154040, stack(0x0000007c09000000,0x0000007c09100000)]
  0x00000253e02c8450 JavaThread "Thread-12" daemon [_thread_in_native, id=88356, stack(0x0000007c09100000,0x0000007c09200000)]
  0x00000253e02c8960 JavaThread "Thread-13" daemon [_thread_in_native, id=143984, stack(0x0000007c09200000,0x0000007c09300000)]
  0x00000253e02c8e70 JavaThread "Thread-14" daemon [_thread_in_native, id=18104, stack(0x0000007c09300000,0x0000007c09400000)]
  0x00000253e02c9380 JavaThread "pool-2-thread-1" [_thread_blocked, id=41968, stack(0x0000007c09400000,0x0000007c09500000)]
  0x00000253e02c9da0 JavaThread "WorkspaceEventsHandler" [_thread_blocked, id=102152, stack(0x0000007c09500000,0x0000007c09600000)]
  0x00000253e02cc620 JavaThread "pool-1-thread-1" [_thread_blocked, id=21160, stack(0x0000007c09600000,0x0000007c09700000)]
  0x00000253e02ca2b0 JavaThread "Worker-2: Building" [_thread_blocked, id=68204, stack(0x0000007c09700000,0x0000007c09800000)]
  0x00000253e02cb1e0 JavaThread "Timer-0" [_thread_blocked, id=71200, stack(0x0000007c09800000,0x0000007c09900000)]
  0x00000253ddf0dfe0 JavaThread "Exec process" [_thread_blocked, id=82332, stack(0x0000007c08200000,0x0000007c08300000)]
  0x00000253e1d98980 JavaThread "Exec process Thread 2" [_thread_blocked, id=44080, stack(0x0000007c08300000,0x0000007c08400000)]
  0x00000253e1d94cc0 JavaThread "Exec process Thread 3" [_thread_blocked, id=123324, stack(0x0000007c09a00000,0x0000007c09b00000)]
  0x00000253e1d951d0 JavaThread "Timer-1" [_thread_blocked, id=49084, stack(0x0000007c09c00000,0x0000007c09d00000)]
  0x00000253e1d99dc0 JavaThread "Worker-3: Java indexing... " [_thread_blocked, id=62844, stack(0x0000007c09900000,0x0000007c09a00000)]
  0x00000253e394a5e0 JavaThread "C2 CompilerThread1" daemon [_thread_in_native, id=49108, stack(0x0000007c09b00000,0x0000007c09c00000)]
  0x00000253e1d96100 JavaThread "Worker-4" [_thread_blocked, id=20096, stack(0x0000007c09d00000,0x0000007c09e00000)]
  0x00000253e1d9a2d0 JavaThread "Worker-5" [_thread_blocked, id=122232, stack(0x0000007c09e00000,0x0000007c09f00000)]
  0x00000253e1d947b0 JavaThread "Compiler Source File Reader" daemon [_thread_blocked, id=157084, stack(0x0000007c09f00000,0x0000007c0a000000)]
  0x00000253e1d95bf0 JavaThread "Compiler Source File Reader" daemon [_thread_blocked, id=30988, stack(0x0000007c0a000000,0x0000007c0a100000)]
  0x00000253e1d96610 JavaThread "Compiler Source File Reader" daemon [_thread_blocked, id=149692, stack(0x0000007c0a100000,0x0000007c0a200000)]
  0x00000253e1d93880 JavaThread "Compiler Source File Reader" daemon [_thread_blocked, id=24732, stack(0x0000007c0a200000,0x0000007c0a300000)]
  0x00000253e1d96b20 JavaThread "Compiler Source File Reader" daemon [_thread_blocked, id=55680, stack(0x0000007c0a300000,0x0000007c0a400000)]
  0x00000253e1d98e90 JavaThread "Compiler Source File Reader" daemon [_thread_blocked, id=61348, stack(0x0000007c0a400000,0x0000007c0a500000)]
  0x00000253e1d92e60 JavaThread "Compiler Source File Reader" daemon [_thread_blocked, id=118364, stack(0x0000007c0a500000,0x0000007c0a600000)]
  0x00000253e1d93370 JavaThread "Compiler Source File Reader" daemon [_thread_blocked, id=16108, stack(0x0000007c0a600000,0x0000007c0a700000)]
  0x00000253e1d93d90 JavaThread "Compiler Source File Reader" daemon [_thread_blocked, id=139848, stack(0x0000007c0a700000,0x0000007c0a800000)]
  0x00000253e1d942a0 JavaThread "Compiler Source File Reader" daemon [_thread_blocked, id=150944, stack(0x0000007c0a800000,0x0000007c0a900000)]
=>0x00000253e3949b40 JavaThread "C2 CompilerThread2" daemon [_thread_in_native, id=142672, stack(0x0000007c0a900000,0x0000007c0aa00000)]
  0x00000253e1d97f60 JavaThread "ForkJoinPool.commonPool-worker-1" daemon [_thread_blocked, id=97076, stack(0x0000007c0aa00000,0x0000007c0ab00000)]
  0x00000253e1d97540 JavaThread "ForkJoinPool.commonPool-worker-2" daemon [_thread_blocked, id=121088, stack(0x0000007c0ab00000,0x0000007c0ac00000)]
  0x00000253e1d98470 JavaThread "ForkJoinPool.commonPool-worker-3" daemon [_thread_blocked, id=131784, stack(0x0000007c0ac00000,0x0000007c0ad00000)]
  0x00000253e1d956e0 JavaThread "ForkJoinPool.commonPool-worker-4" daemon [_thread_blocked, id=34644, stack(0x0000007c0ad00000,0x0000007c0ae00000)]
  0x00000253ddf0bc70 JavaThread "ForkJoinPool.commonPool-worker-5" daemon [_thread_blocked, id=155484, stack(0x0000007c0ae00000,0x0000007c0af00000)]
  0x00000253ddf0c180 JavaThread "Compiler Processing Task" daemon [_thread_blocked, id=139408, stack(0x0000007c0af00000,0x0000007c0b000000)]

Other Threads:
  0x00000253c4e86b10 VMThread "VM Thread" [stack: 0x0000007c06200000,0x0000007c06300000] [id=127208]
  0x00000253df466a70 WatcherThread [stack: 0x0000007c06f00000,0x0000007c07000000] [id=35248]
  0x00000253c4df0ad0 GCTaskThread "GC Thread#0" [stack: 0x0000007c06100000,0x0000007c06200000] [id=132340]
  0x00000253dfa0ffe0 GCTaskThread "GC Thread#1" [stack: 0x0000007c07100000,0x0000007c07200000] [id=143004]
  0x00000253dfa21330 GCTaskThread "GC Thread#2" [stack: 0x0000007c07200000,0x0000007c07300000] [id=49448]
  0x00000253dfb90d00 GCTaskThread "GC Thread#3" [stack: 0x0000007c07300000,0x0000007c07400000] [id=81948]
  0x00000253dfb90fc0 GCTaskThread "GC Thread#4" [stack: 0x0000007c07400000,0x0000007c07500000] [id=18976]
  0x00000253dfaa60c0 GCTaskThread "GC Thread#5" [stack: 0x0000007c07500000,0x0000007c07600000] [id=53512]
  0x00000253dfaa6380 GCTaskThread "GC Thread#6" [stack: 0x0000007c07600000,0x0000007c07700000] [id=137936]
  0x00000253dfd76740 GCTaskThread "GC Thread#7" [stack: 0x0000007c07800000,0x0000007c07900000] [id=40500]
  0x00000253e00c01b0 GCTaskThread "GC Thread#8" [stack: 0x0000007c07900000,0x0000007c07a00000] [id=72920]
  0x00000253dff2c890 GCTaskThread "GC Thread#9" [stack: 0x0000007c07b00000,0x0000007c07c00000] [id=103328]

Threads with active compile tasks:
C2 CompilerThread0    14260 8603   !   4       org.eclipse.jdt.internal.core.search.indexing.BinaryIndexer::indexDocument (1157 bytes)
C2 CompilerThread1    14260 8567       4       org.eclipse.jdt.internal.core.builder.ClasspathLocation::findClass (25 bytes)
C2 CompilerThread2    14260 8234 %     4       org.eclipse.jdt.internal.core.search.indexing.BinaryIndexer::extractReferenceFromConstantPool @ 155 (358 bytes)

VM state: not at safepoint (normal execution)

VM Mutex/Monitor currently owned by a thread: None

OutOfMemory and StackOverflow Exception counts:
OutOfMemoryError java_heap_errors=1
LinkageErrors=113

Heap address: 0x00000000c0000000, size: 1024 MB, Compressed Oops mode: 32-bit

CDS archive(s) not mapped
Compressed class space mapped at: 0x0000000100000000-0x0000000140000000, reserved size: 1073741824
Narrow klass base: 0x0000000000000000, Narrow klass shift: 3, Narrow klass range: 0x140000000

GC Precious Log:
 CPUs: 12 total, 12 available
 Memory: 16099M
 Large Page Support: Disabled
 NUMA Support: Disabled
 Compressed Oops: Enabled (32-bit)
 Alignments: Space 512K, Generation 512K, Heap 2M
 Heap Min Capacity: 100M
 Heap Initial Capacity: 100M
 Heap Max Capacity: 1G
 Pre-touch: Disabled
 Parallel Workers: 10

Heap:
 PSYoungGen      total 20480K, used 17313K [0x00000000eab00000, 0x00000000ec280000, 0x0000000100000000)
  eden space 18432K, 84% used [0x00000000eab00000,0x00000000eba48590,0x00000000ebd00000)
  from space 2048K, 81% used [0x00000000ebe00000,0x00000000ebfa0000,0x00000000ec000000)
  to   space 2560K, 0% used [0x00000000ec000000,0x00000000ec000000,0x00000000ec280000)
 ParOldGen       total 92672K, used 86176K [0x00000000c0000000, 0x00000000c5a80000, 0x00000000eab00000)
  object space 92672K, 92% used [0x00000000c0000000,0x00000000c54283c8,0x00000000c5a80000)
 Metaspace       used 72755K, committed 73984K, reserved 1114112K
  class space    used 8309K, committed 8832K, reserved 1048576K

Card table byte_map: [0x00000253c4770000,0x00000253c4980000] _byte_map_base: 0x00000253c4170000

Marking Bits: (ParMarkBitMap*) 0x00007ffe6b5a58b0
 Begin Bits: [0x00000253d6a70000, 0x00000253d7a70000)
 End Bits:   [0x00000253d7a70000, 0x00000253d8a70000)

Polling page: 0x00000253c2d80000

Metaspace:

Usage:
  Non-class:     62.94 MB used.
      Class:      8.11 MB used.
       Both:     71.05 MB used.

Virtual space:
  Non-class space:       64.00 MB reserved,      63.62 MB (>99%) committed,  1 nodes.
      Class space:        1.00 GB reserved,       8.62 MB ( <1%) committed,  1 nodes.
             Both:        1.06 GB reserved,      72.25 MB (  7%) committed. 

Chunk freelists:
   Non-Class:  96.00 KB
       Class:  7.40 MB
        Both:  7.49 MB

MaxMetaspaceSize: unlimited
CompressedClassSpaceSize: 1.00 GB
Initial GC threshold: 21.00 MB
Current GC threshold: 116.19 MB
CDS: off
MetaspaceReclaimPolicy: balanced
 - commit_granule_bytes: 65536.
 - commit_granule_words: 8192.
 - virtual_space_node_default_size: 8388608.
 - enlarge_chunks_in_place: 1.
 - new_chunks_are_fully_committed: 0.
 - uncommit_free_chunks: 1.
 - use_allocation_guard: 0.
 - handle_deallocations: 1.


Internal statistics:

num_allocs_failed_limit: 9.
num_arena_births: 704.
num_arena_deaths: 14.
num_vsnodes_births: 2.
num_vsnodes_deaths: 0.
num_space_committed: 1156.
num_space_uncommitted: 0.
num_chunks_returned_to_freelist: 23.
num_chunks_taken_from_freelist: 3440.
num_chunk_merges: 11.
num_chunk_splits: 2289.
num_chunks_enlarged: 1571.
num_inconsistent_stats: 0.

CodeHeap 'non-profiled nmethods': size=120000Kb used=4863Kb max_used=5001Kb free=115136Kb
 bounds [0x00000253cf540000, 0x00000253cfa40000, 0x00000253d6a70000]
CodeHeap 'profiled nmethods': size=120000Kb used=15052Kb max_used=15052Kb free=104947Kb
 bounds [0x00000253c7a70000, 0x00000253c8930000, 0x00000253cefa0000]
CodeHeap 'non-nmethods': size=5760Kb used=1365Kb max_used=1439Kb free=4395Kb
 bounds [0x00000253cefa0000, 0x00000253cf210000, 0x00000253cf540000]
 total_blobs=7884 nmethods=7176 adapters=620
 compilation: enabled
              stopped_count=0, restarted_count=0
 full_count=0

Compilation events (20 events):
Event: 14.198 Thread 0x00000253ddd953d0 8678       2       org.eclipse.jdt.internal.compiler.lookup.SourceTypeBinding::isGenericType (29 bytes)
Event: 14.199 Thread 0x00000253ddd953d0 nmethod 8678 0x00000253c8911c90 code [0x00000253c8911e40, 0x00000253c8912068]
Event: 14.199 Thread 0x00000253ddd953d0 8679       2       org.eclipse.jdt.internal.compiler.lookup.ReferenceBinding$3::compare (13 bytes)
Event: 14.199 Thread 0x00000253ddd953d0 nmethod 8679 0x00000253c8912190 code [0x00000253c8912340, 0x00000253c89124c8]
Event: 14.199 Thread 0x00000253ddd953d0 8681       2       java.util.TimSort::binarySort (223 bytes)
Event: 14.199 Thread 0x00000253ddd953d0 nmethod 8681 0x00000253c8912590 code [0x00000253c8912760, 0x00000253c8912d18]
Event: 14.199 Thread 0x00000253ddd953d0 8682       2       org.eclipse.jdt.internal.compiler.classfmt.ClassFileReader::decodeAnnotations (252 bytes)
Event: 14.199 Thread 0x00000253ddd953d0 nmethod 8682 0x00000253c8913010 code [0x00000253c8913220, 0x00000253c8913d78]
Event: 14.199 Thread 0x00000253ddd953d0 8683 %     3       org.eclipse.jdt.internal.compiler.lookup.BinaryTypeBinding::createMethod @ 370 (1724 bytes)
Event: 14.206 Thread 0x00000253ddd953d0 nmethod 8683% 0x00000253c8914190 code [0x00000253c8914ae0, 0x00000253c891d278]
Event: 14.206 Thread 0x00000253ddd953d0 8686   !   2       org.eclipse.jdt.core.Signature::getTypeParameters (313 bytes)
Event: 14.206 Thread 0x00000253ddd953d0 nmethod 8686 0x00000253c8920790 code [0x00000253c8920a40, 0x00000253c8921688]
Event: 14.206 Thread 0x00000253ddd953d0 8680       2       org.eclipse.jdt.internal.compiler.lookup.ReferenceBinding$3::compare (46 bytes)
Event: 14.207 Thread 0x00000253ddd953d0 nmethod 8680 0x00000253c8922010 code [0x00000253c89221c0, 0x00000253c8922348]
Event: 14.207 Thread 0x00000253ddd953d0 8684       2       org.eclipse.jdt.internal.compiler.classfmt.NonNullDefaultAwareTypeAnnotationWalker::<init> (51 bytes)
Event: 14.207 Thread 0x00000253ddd953d0 nmethod 8684 0x00000253c8922510 code [0x00000253c89226a0, 0x00000253c8922818]
Event: 14.207 Thread 0x00000253ddd953d0 8685       2       org.eclipse.jdt.internal.compiler.lookup.PackageBinding::addType (247 bytes)
Event: 14.207 Thread 0x00000253ddd953d0 nmethod 8685 0x00000253c8922910 code [0x00000253c8922b80, 0x00000253c8923318]
Event: 14.208 Thread 0x00000253ddd953d0 8687       3       org.eclipse.jdt.core.compiler.CharOperation::fragmentEquals (89 bytes)
Event: 14.208 Thread 0x00000253ddd953d0 nmethod 8687 0x00000253c8923890 code [0x00000253c8923a80, 0x00000253c8923fd8]

GC Heap History (20 events):
Event: 13.841 GC heap before
{Heap before GC invocations=49 (full 4):
 PSYoungGen      total 22528K, used 18944K [0x00000000eab00000, 0x00000000ec480000, 0x0000000100000000)
  eden space 18944K, 100% used [0x00000000eab00000,0x00000000ebd80000,0x00000000ebd80000)
  from space 3584K, 0% used [0x00000000ebd80000,0x00000000ebd80000,0x00000000ec100000)
  to   space 3584K, 0% used [0x00000000ec100000,0x00000000ec100000,0x00000000ec480000)
 ParOldGen       total 92672K, used 64584K [0x00000000c0000000, 0x00000000c5a80000, 0x00000000eab00000)
  object space 92672K, 69% used [0x00000000c0000000,0x00000000c3f121b8,0x00000000c5a80000)
 Metaspace       used 70145K, committed 71360K, reserved 1114112K
  class space    used 8078K, committed 8640K, reserved 1048576K
}
Event: 13.842 GC heap after
{Heap after GC invocations=49 (full 4):
 PSYoungGen      total 22016K, used 3555K [0x00000000eab00000, 0x00000000ec580000, 0x0000000100000000)
  eden space 18432K, 0% used [0x00000000eab00000,0x00000000eab00000,0x00000000ebd00000)
  from space 3584K, 99% used [0x00000000ec100000,0x00000000ec478eb0,0x00000000ec480000)
  to   space 4096K, 0% used [0x00000000ebd00000,0x00000000ebd00000,0x00000000ec100000)
 ParOldGen       total 92672K, used 64909K [0x00000000c0000000, 0x00000000c5a80000, 0x00000000eab00000)
  object space 92672K, 70% used [0x00000000c0000000,0x00000000c3f63478,0x00000000c5a80000)
 Metaspace       used 70145K, committed 71360K, reserved 1114112K
  class space    used 8078K, committed 8640K, reserved 1048576K
}
Event: 13.874 GC heap before
{Heap before GC invocations=50 (full 4):
 PSYoungGen      total 22016K, used 21987K [0x00000000eab00000, 0x00000000ec580000, 0x0000000100000000)
  eden space 18432K, 100% used [0x00000000eab00000,0x00000000ebd00000,0x00000000ebd00000)
  from space 3584K, 99% used [0x00000000ec100000,0x00000000ec478eb0,0x00000000ec480000)
  to   space 4096K, 0% used [0x00000000ebd00000,0x00000000ebd00000,0x00000000ec100000)
 ParOldGen       total 92672K, used 64909K [0x00000000c0000000, 0x00000000c5a80000, 0x00000000eab00000)
  object space 92672K, 70% used [0x00000000c0000000,0x00000000c3f63478,0x00000000c5a80000)
 Metaspace       used 70384K, committed 71552K, reserved 1114112K
  class space    used 8114K, committed 8640K, reserved 1048576K
}
Event: 13.876 GC heap after
{Heap after GC invocations=50 (full 4):
 PSYoungGen      total 20992K, used 2400K [0x00000000eab00000, 0x00000000ec300000, 0x0000000100000000)
  eden space 18432K, 0% used [0x00000000eab00000,0x00000000eab00000,0x00000000ebd00000)
  from space 2560K, 93% used [0x00000000ebd00000,0x00000000ebf58000,0x00000000ebf80000)
  to   space 3072K, 0% used [0x00000000ec000000,0x00000000ec000000,0x00000000ec300000)
 ParOldGen       total 92672K, used 68403K [0x00000000c0000000, 0x00000000c5a80000, 0x00000000eab00000)
  object space 92672K, 73% used [0x00000000c0000000,0x00000000c42ccf98,0x00000000c5a80000)
 Metaspace       used 70384K, committed 71552K, reserved 1114112K
  class space    used 8114K, committed 8640K, reserved 1048576K
}
Event: 13.909 GC heap before
{Heap before GC invocations=51 (full 4):
 PSYoungGen      total 20992K, used 20832K [0x00000000eab00000, 0x00000000ec300000, 0x0000000100000000)
  eden space 18432K, 100% used [0x00000000eab00000,0x00000000ebd00000,0x00000000ebd00000)
  from space 2560K, 93% used [0x00000000ebd00000,0x00000000ebf58000,0x00000000ebf80000)
  to   space 3072K, 0% used [0x00000000ec000000,0x00000000ec000000,0x00000000ec300000)
 ParOldGen       total 92672K, used 68403K [0x00000000c0000000, 0x00000000c5a80000, 0x00000000eab00000)
  object space 92672K, 73% used [0x00000000c0000000,0x00000000c42ccf98,0x00000000c5a80000)
 Metaspace       used 70517K, committed 71744K, reserved 1114112K
  class space    used 8138K, committed 8704K, reserved 1048576K
}
Event: 13.911 GC heap after
{Heap after GC invocations=51 (full 4):
 PSYoungGen      total 20992K, used 2496K [0x00000000eab00000, 0x00000000ec280000, 0x0000000100000000)
  eden space 18432K, 0% used [0x00000000eab00000,0x00000000eab00000,0x00000000ebd00000)
  from space 2560K, 97% used [0x00000000ec000000,0x00000000ec270000,0x00000000ec280000)
  to   space 2560K, 0% used [0x00000000ebd00000,0x00000000ebd00000,0x00000000ebf80000)
 ParOldGen       total 92672K, used 70547K [0x00000000c0000000, 0x00000000c5a80000, 0x00000000eab00000)
  object space 92672K, 76% used [0x00000000c0000000,0x00000000c44e4f98,0x00000000c5a80000)
 Metaspace       used 70517K, committed 71744K, reserved 1114112K
  class space    used 8138K, committed 8704K, reserved 1048576K
}
Event: 13.942 GC heap before
{Heap before GC invocations=52 (full 4):
 PSYoungGen      total 20992K, used 20928K [0x00000000eab00000, 0x00000000ec280000, 0x0000000100000000)
  eden space 18432K, 100% used [0x00000000eab00000,0x00000000ebd00000,0x00000000ebd00000)
  from space 2560K, 97% used [0x00000000ec000000,0x00000000ec270000,0x00000000ec280000)
  to   space 2560K, 0% used [0x00000000ebd00000,0x00000000ebd00000,0x00000000ebf80000)
 ParOldGen       total 92672K, used 70547K [0x00000000c0000000, 0x00000000c5a80000, 0x00000000eab00000)
  object space 92672K, 76% used [0x00000000c0000000,0x00000000c44e4f98,0x00000000c5a80000)
 Metaspace       used 70766K, committed 72000K, reserved 1114112K
  class space    used 8159K, committed 8704K, reserved 1048576K
}
Event: 13.943 GC heap after
{Heap after GC invocations=52 (full 4):
 PSYoungGen      total 20992K, used 2476K [0x00000000eab00000, 0x00000000ec200000, 0x0000000100000000)
  eden space 18432K, 0% used [0x00000000eab00000,0x00000000eab00000,0x00000000ebd00000)
  from space 2560K, 96% used [0x00000000ebd00000,0x00000000ebf6b010,0x00000000ebf80000)
  to   space 2560K, 0% used [0x00000000ebf80000,0x00000000ebf80000,0x00000000ec200000)
 ParOldGen       total 92672K, used 72771K [0x00000000c0000000, 0x00000000c5a80000, 0x00000000eab00000)
  object space 92672K, 78% used [0x00000000c0000000,0x00000000c4710f98,0x00000000c5a80000)
 Metaspace       used 70766K, committed 72000K, reserved 1114112K
  class space    used 8159K, committed 8704K, reserved 1048576K
}
Event: 13.978 GC heap before
{Heap before GC invocations=53 (full 4):
 PSYoungGen      total 20992K, used 20908K [0x00000000eab00000, 0x00000000ec200000, 0x0000000100000000)
  eden space 18432K, 100% used [0x00000000eab00000,0x00000000ebd00000,0x00000000ebd00000)
  from space 2560K, 96% used [0x00000000ebd00000,0x00000000ebf6b010,0x00000000ebf80000)
  to   space 2560K, 0% used [0x00000000ebf80000,0x00000000ebf80000,0x00000000ec200000)
 ParOldGen       total 92672K, used 72771K [0x00000000c0000000, 0x00000000c5a80000, 0x00000000eab00000)
  object space 92672K, 78% used [0x00000000c0000000,0x00000000c4710f98,0x00000000c5a80000)
 Metaspace       used 71254K, committed 72512K, reserved 1114112K
  class space    used 8168K, committed 8704K, reserved 1048576K
}
Event: 13.979 GC heap after
{Heap after GC invocations=53 (full 4):
 PSYoungGen      total 20992K, used 2464K [0x00000000eab00000, 0x00000000ec200000, 0x0000000100000000)
  eden space 18432K, 0% used [0x00000000eab00000,0x00000000eab00000,0x00000000ebd00000)
  from space 2560K, 96% used [0x00000000ebf80000,0x00000000ec1e8000,0x00000000ec200000)
  to   space 2560K, 0% used [0x00000000ebd00000,0x00000000ebd00000,0x00000000ebf80000)
 ParOldGen       total 92672K, used 75047K [0x00000000c0000000, 0x00000000c5a80000, 0x00000000eab00000)
  object space 92672K, 80% used [0x00000000c0000000,0x00000000c4949fa8,0x00000000c5a80000)
 Metaspace       used 71254K, committed 72512K, reserved 1114112K
  class space    used 8168K, committed 8704K, reserved 1048576K
}
Event: 14.005 GC heap before
{Heap before GC invocations=54 (full 4):
 PSYoungGen      total 20992K, used 20896K [0x00000000eab00000, 0x00000000ec200000, 0x0000000100000000)
  eden space 18432K, 100% used [0x00000000eab00000,0x00000000ebd00000,0x00000000ebd00000)
  from space 2560K, 96% used [0x00000000ebf80000,0x00000000ec1e8000,0x00000000ec200000)
  to   space 2560K, 0% used [0x00000000ebd00000,0x00000000ebd00000,0x00000000ebf80000)
 ParOldGen       total 92672K, used 75047K [0x00000000c0000000, 0x00000000c5a80000, 0x00000000eab00000)
  object space 92672K, 80% used [0x00000000c0000000,0x00000000c4949fa8,0x00000000c5a80000)
 Metaspace       used 71296K, committed 72576K, reserved 1114112K
  class space    used 8172K, committed 8704K, reserved 1048576K
}
Event: 14.007 GC heap after
{Heap after GC invocations=54 (full 4):
 PSYoungGen      total 20992K, used 2400K [0x00000000eab00000, 0x00000000ec200000, 0x0000000100000000)
  eden space 18432K, 0% used [0x00000000eab00000,0x00000000eab00000,0x00000000ebd00000)
  from space 2560K, 93% used [0x00000000ebd00000,0x00000000ebf58000,0x00000000ebf80000)
  to   space 2560K, 0% used [0x00000000ebf80000,0x00000000ebf80000,0x00000000ec200000)
 ParOldGen       total 92672K, used 77252K [0x00000000c0000000, 0x00000000c5a80000, 0x00000000eab00000)
  object space 92672K, 83% used [0x00000000c0000000,0x00000000c4b710b0,0x00000000c5a80000)
 Metaspace       used 71296K, committed 72576K, reserved 1114112K
  class space    used 8172K, committed 8704K, reserved 1048576K
}
Event: 14.038 GC heap before
{Heap before GC invocations=55 (full 4):
 PSYoungGen      total 20992K, used 20832K [0x00000000eab00000, 0x00000000ec200000, 0x0000000100000000)
  eden space 18432K, 100% used [0x00000000eab00000,0x00000000ebd00000,0x00000000ebd00000)
  from space 2560K, 93% used [0x00000000ebd00000,0x00000000ebf58000,0x00000000ebf80000)
  to   space 2560K, 0% used [0x00000000ebf80000,0x00000000ebf80000,0x00000000ec200000)
 ParOldGen       total 92672K, used 77252K [0x00000000c0000000, 0x00000000c5a80000, 0x00000000eab00000)
  object space 92672K, 83% used [0x00000000c0000000,0x00000000c4b710b0,0x00000000c5a80000)
 Metaspace       used 71499K, committed 72768K, reserved 1114112K
  class space    used 8195K, committed 8768K, reserved 1048576K
}
Event: 14.040 GC heap after
{Heap after GC invocations=55 (full 4):
 PSYoungGen      total 20992K, used 2496K [0x00000000eab00000, 0x00000000ec200000, 0x0000000100000000)
  eden space 18432K, 0% used [0x00000000eab00000,0x00000000eab00000,0x00000000ebd00000)
  from space 2560K, 97% used [0x00000000ebf80000,0x00000000ec1f0010,0x00000000ec200000)
  to   space 2560K, 0% used [0x00000000ebd00000,0x00000000ebd00000,0x00000000ebf80000)
 ParOldGen       total 92672K, used 79396K [0x00000000c0000000, 0x00000000c5a80000, 0x00000000eab00000)
  object space 92672K, 85% used [0x00000000c0000000,0x00000000c4d89110,0x00000000c5a80000)
 Metaspace       used 71499K, committed 72768K, reserved 1114112K
  class space    used 8195K, committed 8768K, reserved 1048576K
}
Event: 14.072 GC heap before
{Heap before GC invocations=56 (full 4):
 PSYoungGen      total 20992K, used 20918K [0x00000000eab00000, 0x00000000ec200000, 0x0000000100000000)
  eden space 18432K, 99% used [0x00000000eab00000,0x00000000ebcfd9a8,0x00000000ebd00000)
  from space 2560K, 97% used [0x00000000ebf80000,0x00000000ec1f0010,0x00000000ec200000)
  to   space 2560K, 0% used [0x00000000ebd00000,0x00000000ebd00000,0x00000000ebf80000)
 ParOldGen       total 92672K, used 79396K [0x00000000c0000000, 0x00000000c5a80000, 0x00000000eab00000)
  object space 92672K, 85% used [0x00000000c0000000,0x00000000c4d89110,0x00000000c5a80000)
 Metaspace       used 71639K, committed 72896K, reserved 1114112K
  class space    used 8204K, committed 8768K, reserved 1048576K
}
Event: 14.074 GC heap after
{Heap after GC invocations=56 (full 4):
 PSYoungGen      total 20992K, used 2560K [0x00000000eab00000, 0x00000000ec700000, 0x0000000100000000)
  eden space 18432K, 0% used [0x00000000eab00000,0x00000000eab00000,0x00000000ebd00000)
  from space 2560K, 100% used [0x00000000ebd00000,0x00000000ebf80000,0x00000000ebf80000)
  to   space 5120K, 0% used [0x00000000ec200000,0x00000000ec200000,0x00000000ec700000)
 ParOldGen       total 92672K, used 81540K [0x00000000c0000000, 0x00000000c5a80000, 0x00000000eab00000)
  object space 92672K, 87% used [0x00000000c0000000,0x00000000c4fa1150,0x00000000c5a80000)
 Metaspace       used 71639K, committed 72896K, reserved 1114112K
  class space    used 8204K, committed 8768K, reserved 1048576K
}
Event: 14.119 GC heap before
{Heap before GC invocations=57 (full 4):
 PSYoungGen      total 20992K, used 20992K [0x00000000eab00000, 0x00000000ec700000, 0x0000000100000000)
  eden space 18432K, 100% used [0x00000000eab00000,0x00000000ebd00000,0x00000000ebd00000)
  from space 2560K, 100% used [0x00000000ebd00000,0x00000000ebf80000,0x00000000ebf80000)
  to   space 5120K, 0% used [0x00000000ec200000,0x00000000ec200000,0x00000000ec700000)
 ParOldGen       total 92672K, used 81540K [0x00000000c0000000, 0x00000000c5a80000, 0x00000000eab00000)
  object space 92672K, 87% used [0x00000000c0000000,0x00000000c4fa1150,0x00000000c5a80000)
 Metaspace       used 71966K, committed 73216K, reserved 1114112K
  class space    used 8228K, committed 8768K, reserved 1048576K
}
Event: 14.121 GC heap after
{Heap after GC invocations=57 (full 4):
 PSYoungGen      total 21504K, used 2843K [0x00000000eab00000, 0x00000000ec500000, 0x0000000100000000)
  eden space 18432K, 0% used [0x00000000eab00000,0x00000000eab00000,0x00000000ebd00000)
  from space 3072K, 92% used [0x00000000ec200000,0x00000000ec4c6cc0,0x00000000ec500000)
  to   space 3584K, 0% used [0x00000000ebe00000,0x00000000ebe00000,0x00000000ec180000)
 ParOldGen       total 92672K, used 83940K [0x00000000c0000000, 0x00000000c5a80000, 0x00000000eab00000)
  object space 92672K, 90% used [0x00000000c0000000,0x00000000c51f9150,0x00000000c5a80000)
 Metaspace       used 71966K, committed 73216K, reserved 1114112K
  class space    used 8228K, committed 8768K, reserved 1048576K
}
Event: 14.180 GC heap before
{Heap before GC invocations=58 (full 4):
 PSYoungGen      total 21504K, used 21275K [0x00000000eab00000, 0x00000000ec500000, 0x0000000100000000)
  eden space 18432K, 100% used [0x00000000eab00000,0x00000000ebd00000,0x00000000ebd00000)
  from space 3072K, 92% used [0x00000000ec200000,0x00000000ec4c6cc0,0x00000000ec500000)
  to   space 3584K, 0% used [0x00000000ebe00000,0x00000000ebe00000,0x00000000ec180000)
 ParOldGen       total 92672K, used 83940K [0x00000000c0000000, 0x00000000c5a80000, 0x00000000eab00000)
  object space 92672K, 90% used [0x00000000c0000000,0x00000000c51f9150,0x00000000c5a80000)
 Metaspace       used 72649K, committed 73856K, reserved 1114112K
  class space    used 8296K, committed 8832K, reserved 1048576K
}
Event: 14.183 GC heap after
{Heap after GC invocations=58 (full 4):
 PSYoungGen      total 20480K, used 1664K [0x00000000eab00000, 0x00000000ec280000, 0x0000000100000000)
  eden space 18432K, 0% used [0x00000000eab00000,0x00000000eab00000,0x00000000ebd00000)
  from space 2048K, 81% used [0x00000000ebe00000,0x00000000ebfa0000,0x00000000ec000000)
  to   space 2560K, 0% used [0x00000000ec000000,0x00000000ec000000,0x00000000ec280000)
 ParOldGen       total 92672K, used 86176K [0x00000000c0000000, 0x00000000c5a80000, 0x00000000eab00000)
  object space 92672K, 92% used [0x00000000c0000000,0x00000000c54283c8,0x00000000c5a80000)
 Metaspace       used 72649K, committed 73856K, reserved 1114112K
  class space    used 8296K, committed 8832K, reserved 1048576K
}

Dll operation events (15 events):
Event: 0.016 Loaded shared library c:\Users\itwill\.vscode\extensions\redhat.java-1.35.1-win32-x64\jre\17.0.12-win32-x86_64\bin\java.dll
Event: 0.153 Loaded shared library c:\Users\itwill\.vscode\extensions\redhat.java-1.35.1-win32-x64\jre\17.0.12-win32-x86_64\bin\zip.dll
Event: 0.159 Loaded shared library C:\Users\itwill\.vscode\extensions\redhat.java-1.35.1-win32-x64\jre\17.0.12-win32-x86_64\bin\instrument.dll
Event: 0.169 Loaded shared library C:\Users\itwill\.vscode\extensions\redhat.java-1.35.1-win32-x64\jre\17.0.12-win32-x86_64\bin\net.dll
Event: 0.172 Loaded shared library C:\Users\itwill\.vscode\extensions\redhat.java-1.35.1-win32-x64\jre\17.0.12-win32-x86_64\bin\nio.dll
Event: 0.178 Loaded shared library C:\Users\itwill\.vscode\extensions\redhat.java-1.35.1-win32-x64\jre\17.0.12-win32-x86_64\bin\zip.dll
Event: 0.193 Loaded shared library C:\Users\itwill\.vscode\extensions\redhat.java-1.35.1-win32-x64\jre\17.0.12-win32-x86_64\bin\jimage.dll
Event: 0.248 Loaded shared library c:\Users\itwill\.vscode\extensions\redhat.java-1.35.1-win32-x64\jre\17.0.12-win32-x86_64\bin\verify.dll
Event: 1.148 Loaded shared library C:\Users\itwill\AppData\Roaming\Code\User\globalStorage\redhat.java\1.35.1\config_win\org.eclipse.equinox.launcher\org.eclipse.equinox.launcher.win32.win32.x86_64_1.2.1100.v20240722-2106\eclipse_11904.dll
Event: 2.453 Loaded shared library C:\Users\itwill\AppData\Local\Temp\jna--1178128515\jna9640014508825407487.dll
Event: 5.260 Loaded shared library C:\Users\itwill\.gradle\native\c067742578af261105cb4f569cf0c3c89f3d7b1fecec35dd04571415982c5e48\windows-amd64\native-platform.dll
Event: 6.353 Loaded shared library C:\Users\itwill\.vscode\extensions\redhat.java-1.35.1-win32-x64\jre\17.0.12-win32-x86_64\bin\management.dll
Event: 6.355 Loaded shared library C:\Users\itwill\.vscode\extensions\redhat.java-1.35.1-win32-x64\jre\17.0.12-win32-x86_64\bin\management_ext.dll
Event: 6.727 Loaded shared library C:\Users\itwill\.vscode\extensions\redhat.java-1.35.1-win32-x64\jre\17.0.12-win32-x86_64\bin\extnet.dll
Event: 8.331 Loaded shared library C:\Users\itwill\.vscode\extensions\redhat.java-1.35.1-win32-x64\jre\17.0.12-win32-x86_64\bin\sunmscapi.dll

Deoptimization events (20 events):
Event: 14.199 Thread 0x00000253ddf0c180 Uncommon trap: trap_request=0xffffffc6 fr.pc=0x00000253cf9d8a7c relative=0x0000000000001adc
Event: 14.199 Thread 0x00000253ddf0c180 Uncommon trap: reason=bimorphic_or_optimized_type_check action=maybe_recompile pc=0x00000253cf9d8a7c method=java.util.HashMap.putVal(ILjava/lang/Object;Ljava/lang/Object;ZZ)Ljava/lang/Object; @ 203 c2
Event: 14.199 Thread 0x00000253ddf0c180 DEOPT PACKING pc=0x00000253cf9d8a7c sp=0x0000007c0affe4b0
Event: 14.199 Thread 0x00000253ddf0c180 DEOPT UNPACKING pc=0x00000253ceff66a3 sp=0x0000007c0affe398 mode 2
Event: 14.201 Thread 0x00000253e02cd550 DEOPT PACKING pc=0x00000253c7f72c6c sp=0x0000007c084fea60
Event: 14.201 Thread 0x00000253e02cd550 DEOPT UNPACKING pc=0x00000253ceff6e43 sp=0x0000007c084fded0 mode 0
Event: 14.203 Thread 0x00000253e02cd550 DEOPT PACKING pc=0x00000253c7f72c6c sp=0x0000007c084fea60
Event: 14.203 Thread 0x00000253e02cd550 DEOPT UNPACKING pc=0x00000253ceff6e43 sp=0x0000007c084fded0 mode 0
Event: 14.208 Thread 0x00000253e02cd550 DEOPT PACKING pc=0x00000253c7f72c6c sp=0x0000007c084feb80
Event: 14.208 Thread 0x00000253e02cd550 DEOPT UNPACKING pc=0x00000253ceff6e43 sp=0x0000007c084fdff0 mode 0
Event: 14.209 Thread 0x00000253e02cd550 DEOPT PACKING pc=0x00000253c88f276d sp=0x0000007c084fec10
Event: 14.209 Thread 0x00000253e02cd550 DEOPT UNPACKING pc=0x00000253ceff6e43 sp=0x0000007c084fe1b0 mode 0
Event: 14.210 Thread 0x00000253e02cd550 DEOPT PACKING pc=0x00000253c7f72c6c sp=0x0000007c084fec10
Event: 14.210 Thread 0x00000253e02cd550 DEOPT UNPACKING pc=0x00000253ceff6e43 sp=0x0000007c084fe080 mode 0
Event: 14.211 Thread 0x00000253e02cd550 DEOPT PACKING pc=0x00000253c7f72c6c sp=0x0000007c084fea60
Event: 14.211 Thread 0x00000253e02cd550 DEOPT UNPACKING pc=0x00000253ceff6e43 sp=0x0000007c084fded0 mode 0
Event: 14.217 Thread 0x00000253e02cd550 DEOPT PACKING pc=0x00000253c7f72c6c sp=0x0000007c084fea60
Event: 14.217 Thread 0x00000253e02cd550 DEOPT UNPACKING pc=0x00000253ceff6e43 sp=0x0000007c084fded0 mode 0
Event: 14.221 Thread 0x00000253e02cd550 DEOPT PACKING pc=0x00000253c7f72c6c sp=0x0000007c084fec10
Event: 14.221 Thread 0x00000253e02cd550 DEOPT UNPACKING pc=0x00000253ceff6e43 sp=0x0000007c084fe080 mode 0

Classes loaded (20 events):
Event: 13.459 Loading class java/util/Vector$1
Event: 13.459 Loading class java/util/Vector$1 done
Event: 13.695 Loading class java/util/regex/Pattern$Caret
Event: 13.695 Loading class java/util/regex/Pattern$Caret done
Event: 13.733 Loading class java/util/regex/Pattern$LazyLoop
Event: 13.733 Loading class java/util/regex/Pattern$LazyLoop done
Event: 14.131 Loading class java/util/Hashtable$KeySet
Event: 14.132 Loading class java/util/Hashtable$KeySet done
Event: 14.144 Loading class java/util/concurrent/CompletableFuture$UniApply
Event: 14.144 Loading class java/util/concurrent/CompletableFuture$UniApply done
Event: 14.145 Loading class java/util/concurrent/ForkJoinPool$DefaultCommonPoolForkJoinWorkerThreadFactory$1
Event: 14.145 Loading class java/util/concurrent/ForkJoinPool$DefaultCommonPoolForkJoinWorkerThreadFactory$1 done
Event: 14.146 Loading class java/util/concurrent/CompletableFuture$UniExceptionally
Event: 14.146 Loading class java/util/concurrent/CompletableFuture$UniExceptionally done
Event: 14.176 Loading class java/util/regex/PatternSyntaxException
Event: 14.176 Loading class java/util/regex/PatternSyntaxException done
Event: 14.184 Loading class jdk/internal/module/IllegalAccessLogger
Event: 14.184 Loading class jdk/internal/module/IllegalAccessLogger done
Event: 14.202 Loading class java/util/Hashtable$ValueCollection
Event: 14.203 Loading class java/util/Hashtable$ValueCollection done

Classes unloaded (7 events):
Event: 2.268 Thread 0x00000253c4e86b10 Unloading class 0x000000010024a400 'java/lang/invoke/LambdaForm$MH+0x000000010024a400'
Event: 2.268 Thread 0x00000253c4e86b10 Unloading class 0x000000010024a000 'java/lang/invoke/LambdaForm$MH+0x000000010024a000'
Event: 2.268 Thread 0x00000253c4e86b10 Unloading class 0x0000000100249c00 'java/lang/invoke/LambdaForm$MH+0x0000000100249c00'
Event: 2.268 Thread 0x00000253c4e86b10 Unloading class 0x0000000100249800 'java/lang/invoke/LambdaForm$MH+0x0000000100249800'
Event: 2.268 Thread 0x00000253c4e86b10 Unloading class 0x0000000100249400 'java/lang/invoke/LambdaForm$BMH+0x0000000100249400'
Event: 2.268 Thread 0x00000253c4e86b10 Unloading class 0x0000000100249000 'java/lang/invoke/LambdaForm$DMH+0x0000000100249000'
Event: 2.268 Thread 0x00000253c4e86b10 Unloading class 0x0000000100244400 'java/lang/invoke/LambdaForm$DMH+0x0000000100244400'

Classes redefined (0 events):
No events

Internal exceptions (20 events):
Event: 13.229 Thread 0x00000253e02ca2b0 Exception <a 'sun/nio/fs/WindowsException'{0x00000000eb9abd50}> (0x00000000eb9abd50) 
thrown [s\src\hotspot\share\prims\jni.cpp, line 516]
Event: 13.232 Thread 0x00000253e02ca2b0 Exception <a 'sun/nio/fs/WindowsException'{0x00000000eb9b4db0}> (0x00000000eb9b4db0) 
thrown [s\src\hotspot\share\prims\jni.cpp, line 516]
Event: 13.236 Thread 0x00000253e02ca2b0 Exception <a 'sun/nio/fs/WindowsException'{0x00000000eb9bdca0}> (0x00000000eb9bdca0) 
thrown [s\src\hotspot\share\prims\jni.cpp, line 516]
Event: 13.240 Thread 0x00000253e02ca2b0 Exception <a 'sun/nio/fs/WindowsException'{0x00000000eb9c6e90}> (0x00000000eb9c6e90) 
thrown [s\src\hotspot\share\prims\jni.cpp, line 516]
Event: 13.244 Thread 0x00000253e02ca2b0 Exception <a 'sun/nio/fs/WindowsException'{0x00000000eb9d2830}> (0x00000000eb9d2830) 
thrown [s\src\hotspot\share\prims\jni.cpp, line 516]
Event: 13.247 Thread 0x00000253e02ca2b0 Exception <a 'sun/nio/fs/WindowsException'{0x00000000eb9db598}> (0x00000000eb9db598) 
thrown [s\src\hotspot\share\prims\jni.cpp, line 516]
Event: 13.251 Thread 0x00000253e02ca2b0 Exception <a 'sun/nio/fs/WindowsException'{0x00000000eb9e4300}> (0x00000000eb9e4300) 
thrown [s\src\hotspot\share\prims\jni.cpp, line 516]
Event: 13.255 Thread 0x00000253e02ca2b0 Exception <a 'sun/nio/fs/WindowsException'{0x00000000eb9f2d18}> (0x00000000eb9f2d18) 
thrown [s\src\hotspot\share\prims\jni.cpp, line 516]
Event: 13.259 Thread 0x00000253e02ca2b0 Exception <a 'sun/nio/fs/WindowsException'{0x00000000eb9fbfa8}> (0x00000000eb9fbfa8) 
thrown [s\src\hotspot\share\prims\jni.cpp, line 516]
Event: 13.262 Thread 0x00000253e02ca2b0 Exception <a 'sun/nio/fs/WindowsException'{0x00000000eba05378}> (0x00000000eba05378) 
thrown [s\src\hotspot\share\prims\jni.cpp, line 516]
Event: 13.265 Thread 0x00000253e02ca2b0 Exception <a 'sun/nio/fs/WindowsException'{0x00000000eba0e408}> (0x00000000eba0e408) 
thrown [s\src\hotspot\share\prims\jni.cpp, line 516]
Event: 13.268 Thread 0x00000253e02ca2b0 Exception <a 'sun/nio/fs/WindowsException'{0x00000000eba174e8}> (0x00000000eba174e8) 
thrown [s\src\hotspot\share\prims\jni.cpp, line 516]
Event: 13.272 Thread 0x00000253e02ca2b0 Exception <a 'sun/nio/fs/WindowsException'{0x00000000eba20640}> (0x00000000eba20640) 
thrown [s\src\hotspot\share\prims\jni.cpp, line 516]
Event: 13.276 Thread 0x00000253e02ca2b0 Exception <a 'sun/nio/fs/WindowsException'{0x00000000eba50bf0}> (0x00000000eba50bf0) 
thrown [s\src\hotspot\share\prims\jni.cpp, line 516]
Event: 13.284 Thread 0x00000253e02cd550 Exception <a 'sun/nio/fs/WindowsException'{0x00000000ebb8c4e8}> (0x00000000ebb8c4e8) 
thrown [s\src\hotspot\share\prims\jni.cpp, line 516]
Event: 14.020 Thread 0x00000253e02ca2b0 Exception <a 'java/lang/NoSuchMethodError'{0x00000000eb31e858}: 'int java.lang.invoke.DirectMethodHandle$Holder.invokeSpecialIFC(java.lang.Object, java.lang.Object, java.lang.Object)'> (0x00000000eb31e858) 
thrown [s\src\hotspot\share\interpreter\linkResolver.cpp, line 759]
Event: 14.161 Thread 0x00000253e1d97540 Exception <a 'java/lang/NoSuchMethodError'{0x00000000eb911010}: 'java.lang.Object java.lang.invoke.DirectMethodHandle$Holder.invokeStaticInit(java.lang.Object, java.lang.Object, java.lang.Object)'> (0x00000000eb911010) 
thrown [s\src\hotspot\share\interpreter\linkResolver.cpp, line 759]
Event: 14.169 Thread 0x00000253e1d97f60 Exception <a 'java/lang/NoSuchMethodError'{0x00000000eba86808}: 'java.lang.Object java.lang.invoke.DirectMethodHandle$Holder.invokeInterface(java.lang.Object, java.lang.Object, java.lang.Object)'> (0x00000000eba86808) 
thrown [s\src\hotspot\share\interpreter\linkResolver.cpp, line 759]
Event: 14.169 Thread 0x00000253e1d97540 Exception <a 'java/lang/NoSuchMethodError'{0x00000000ebaab2b8}: 'java.lang.Object java.lang.invoke.DirectMethodHandle$Holder.invokeInterface(java.lang.Object, java.lang.Object, java.lang.Object)'> (0x00000000ebaab2b8) 
thrown [s\src\hotspot\share\interpreter\linkResolver.cpp, line 759]
Event: 14.202 Thread 0x00000253ddf0c180 Exception <a 'java/lang/OutOfMemoryError'{0x00000000eb06dcd8}> (0x00000000eb06dcd8) 
thrown [s\src\hotspot\share\prims\jni.cpp, line 535]

VM Operations (20 events):
Event: 13.874 Executing VM operation: ParallelGCFailedAllocation
Event: 13.876 Executing VM operation: ParallelGCFailedAllocation done
Event: 13.909 Executing VM operation: ParallelGCFailedAllocation
Event: 13.911 Executing VM operation: ParallelGCFailedAllocation done
Event: 13.942 Executing VM operation: ParallelGCFailedAllocation
Event: 13.943 Executing VM operation: ParallelGCFailedAllocation done
Event: 13.978 Executing VM operation: ParallelGCFailedAllocation
Event: 13.979 Executing VM operation: ParallelGCFailedAllocation done
Event: 14.005 Executing VM operation: ParallelGCFailedAllocation
Event: 14.007 Executing VM operation: ParallelGCFailedAllocation done
Event: 14.033 Executing VM operation: HandshakeAllThreads
Event: 14.033 Executing VM operation: HandshakeAllThreads done
Event: 14.038 Executing VM operation: ParallelGCFailedAllocation
Event: 14.040 Executing VM operation: ParallelGCFailedAllocation done
Event: 14.072 Executing VM operation: ParallelGCFailedAllocation
Event: 14.074 Executing VM operation: ParallelGCFailedAllocation done
Event: 14.118 Executing VM operation: ParallelGCFailedAllocation
Event: 14.121 Executing VM operation: ParallelGCFailedAllocation done
Event: 14.180 Executing VM operation: ParallelGCFailedAllocation
Event: 14.183 Executing VM operation: ParallelGCFailedAllocation done

Events (20 events):
Event: 13.371 Thread 0x00000253ddda64a0 flushing nmethod 0x00000253c87ae110
Event: 13.371 Thread 0x00000253ddda64a0 flushing nmethod 0x00000253c87bbd90
Event: 13.371 Thread 0x00000253ddda64a0 flushing nmethod 0x00000253c87e7710
Event: 13.371 Thread 0x00000253ddda64a0 flushing nmethod 0x00000253c87ea410
Event: 13.371 Thread 0x00000253ddda64a0 flushing nmethod 0x00000253c87eb610
Event: 13.371 Thread 0x00000253ddda64a0 flushing nmethod 0x00000253c87ed190
Event: 13.371 Thread 0x00000253ddda64a0 flushing nmethod 0x00000253c87f9610
Event: 13.371 Thread 0x00000253ddda64a0 flushing nmethod 0x00000253c87f9c10
Event: 13.371 Thread 0x00000253ddda64a0 flushing nmethod 0x00000253c883ee90
Event: 13.371 Thread 0x00000253ddda64a0 flushing nmethod 0x00000253c8840610
Event: 13.371 Thread 0x00000253ddda64a0 flushing nmethod 0x00000253c8852210
Event: 13.371 Thread 0x00000253ddda64a0 flushing nmethod 0x00000253c8861590
Event: 13.371 Thread 0x00000253ddda64a0 flushing nmethod 0x00000253c8863910
Event: 13.371 Thread 0x00000253ddda64a0 flushing nmethod 0x00000253c8868890
Event: 14.146 Thread 0x00000253e1d97f60 Thread added: 0x00000253e1d97f60
Event: 14.147 Thread 0x00000253e1d97540 Thread added: 0x00000253e1d97540
Event: 14.147 Thread 0x00000253e1d98470 Thread added: 0x00000253e1d98470
Event: 14.148 Thread 0x00000253e1d956e0 Thread added: 0x00000253e1d956e0
Event: 14.149 Thread 0x00000253ddf0bc70 Thread added: 0x00000253ddf0bc70
Event: 14.193 Thread 0x00000253ddf0c180 Thread added: 0x00000253ddf0c180


Dynamic libraries:
0x00007ff7f30d0000 - 0x00007ff7f30de000 	c:\Users\itwill\.vscode\extensions\redhat.java-1.35.1-win32-x64\jre\17.0.12-win32-x86_64\bin\java.exe
0x00007ffed9590000 - 0x00007ffed97a7000 	C:\Windows\SYSTEM32\ntdll.dll
0x00007ffed87d0000 - 0x00007ffed8894000 	C:\Windows\System32\KERNEL32.DLL
0x00007ffed6a40000 - 0x00007ffed6df7000 	C:\Windows\System32\KERNELBASE.dll
0x00007ffed6e80000 - 0x00007ffed6f91000 	C:\Windows\System32\ucrtbase.dll
0x00007ffebc3b0000 - 0x00007ffebc3cb000 	c:\Users\itwill\.vscode\extensions\redhat.java-1.35.1-win32-x64\jre\17.0.12-win32-x86_64\bin\VCRUNTIME140.dll
0x00007ffeb8140000 - 0x00007ffeb8157000 	c:\Users\itwill\.vscode\extensions\redhat.java-1.35.1-win32-x64\jre\17.0.12-win32-x86_64\bin\jli.dll
0x00007ffed83d0000 - 0x00007ffed857f000 	C:\Windows\System32\USER32.dll
0x00007ffed7220000 - 0x00007ffed7246000 	C:\Windows\System32\win32u.dll
0x00007ffed82e0000 - 0x00007ffed8309000 	C:\Windows\System32\GDI32.dll
0x00007ffed7100000 - 0x00007ffed7218000 	C:\Windows\System32\gdi32full.dll
0x00007ffed7060000 - 0x00007ffed70fa000 	C:\Windows\System32\msvcp_win.dll
0x00007ffeb2360000 - 0x00007ffeb25f3000 	C:\Windows\WinSxS\amd64_microsoft.windows.common-controls_6595b64144ccf1df_6.0.22621.3672_none_2713b9d173822955\COMCTL32.dll
0x00007ffed8d30000 - 0x00007ffed8dd7000 	C:\Windows\System32\msvcrt.dll
0x00007ffed8f80000 - 0x00007ffed8fb1000 	C:\Windows\System32\IMM32.DLL
0x00007ffed2e30000 - 0x00007ffed2e3c000 	c:\Users\itwill\.vscode\extensions\redhat.java-1.35.1-win32-x64\jre\17.0.12-win32-x86_64\bin\vcruntime140_1.dll
0x00007ffeb5da0000 - 0x00007ffeb5e2d000 	c:\Users\itwill\.vscode\extensions\redhat.java-1.35.1-win32-x64\jre\17.0.12-win32-x86_64\bin\msvcp140.dll
0x00007ffe6aa00000 - 0x00007ffe6b66a000 	c:\Users\itwill\.vscode\extensions\redhat.java-1.35.1-win32-x64\jre\17.0.12-win32-x86_64\bin\server\jvm.dll
0x00007ffed8310000 - 0x00007ffed83c2000 	C:\Windows\System32\ADVAPI32.dll
0x00007ffed72c0000 - 0x00007ffed7368000 	C:\Windows\System32\sechost.dll
0x00007ffed6a10000 - 0x00007ffed6a38000 	C:\Windows\System32\bcrypt.dll
0x00007ffed7d00000 - 0x00007ffed7e14000 	C:\Windows\System32\RPCRT4.dll
0x00007ffed8f00000 - 0x00007ffed8f71000 	C:\Windows\System32\WS2_32.dll
0x00007ffec5a30000 - 0x00007ffec5a64000 	C:\Windows\SYSTEM32\WINMM.dll
0x00007ffed5750000 - 0x00007ffed579d000 	C:\Windows\SYSTEM32\POWRPROF.dll
0x00007ffec5cc0000 - 0x00007ffec5cca000 	C:\Windows\SYSTEM32\VERSION.dll
0x00007ffed5730000 - 0x00007ffed5743000 	C:\Windows\SYSTEM32\UMPDC.dll
0x00007ffed5940000 - 0x00007ffed5958000 	C:\Windows\SYSTEM32\kernel.appcore.dll
0x00007ffeca640000 - 0x00007ffeca64a000 	c:\Users\itwill\.vscode\extensions\redhat.java-1.35.1-win32-x64\jre\17.0.12-win32-x86_64\bin\jimage.dll
0x00007ffec4fb0000 - 0x00007ffec51e2000 	C:\Windows\SYSTEM32\DBGHELP.DLL
0x00007ffed7e20000 - 0x00007ffed81ae000 	C:\Windows\System32\combase.dll
0x00007ffed88b0000 - 0x00007ffed8987000 	C:\Windows\System32\OLEAUT32.dll
0x00007ffec4e20000 - 0x00007ffec4e52000 	C:\Windows\SYSTEM32\dbgcore.DLL
0x00007ffed6e00000 - 0x00007ffed6e7b000 	C:\Windows\System32\bcryptPrimitives.dll
0x00007ffeca260000 - 0x00007ffeca26e000 	c:\Users\itwill\.vscode\extensions\redhat.java-1.35.1-win32-x64\jre\17.0.12-win32-x86_64\bin\instrument.dll
0x00007ffeb7ff0000 - 0x00007ffeb8015000 	c:\Users\itwill\.vscode\extensions\redhat.java-1.35.1-win32-x64\jre\17.0.12-win32-x86_64\bin\java.dll
0x00007ffeb4d80000 - 0x00007ffeb4d98000 	c:\Users\itwill\.vscode\extensions\redhat.java-1.35.1-win32-x64\jre\17.0.12-win32-x86_64\bin\zip.dll
0x00007ffed7370000 - 0x00007ffed7bd9000 	C:\Windows\System32\SHELL32.dll
0x00007ffed4820000 - 0x00007ffed511f000 	C:\Windows\SYSTEM32\windows.storage.dll
0x00007ffed46e0000 - 0x00007ffed481f000 	C:\Windows\SYSTEM32\wintypes.dll
0x00007ffed8e00000 - 0x00007ffed8ef9000 	C:\Windows\System32\SHCORE.dll
0x00007ffed8280000 - 0x00007ffed82de000 	C:\Windows\System32\shlwapi.dll
0x00007ffed67d0000 - 0x00007ffed67f7000 	C:\Windows\SYSTEM32\profapi.dll
0x00007ffeac090000 - 0x00007ffeac0a9000 	C:\Users\itwill\.vscode\extensions\redhat.java-1.35.1-win32-x64\jre\17.0.12-win32-x86_64\bin\net.dll
0x00007ffed15d0000 - 0x00007ffed1706000 	C:\Windows\SYSTEM32\WINHTTP.dll
0x00007ffed5e50000 - 0x00007ffed5eb9000 	C:\Windows\system32\mswsock.dll
0x00007ffeac070000 - 0x00007ffeac086000 	C:\Users\itwill\.vscode\extensions\redhat.java-1.35.1-win32-x64\jre\17.0.12-win32-x86_64\bin\nio.dll
0x00007ffec98c0000 - 0x00007ffec98d0000 	c:\Users\itwill\.vscode\extensions\redhat.java-1.35.1-win32-x64\jre\17.0.12-win32-x86_64\bin\verify.dll
0x00007ffea1ac0000 - 0x00007ffea1b05000 	C:\Users\itwill\AppData\Roaming\Code\User\globalStorage\redhat.java\1.35.1\config_win\org.eclipse.equinox.launcher\org.eclipse.equinox.launcher.win32.win32.x86_64_1.2.1100.v20240722-2106\eclipse_11904.dll
0x00007ffed8a10000 - 0x00007ffed8bb5000 	C:\Windows\System32\ole32.dll
0x00007ffed60b0000 - 0x00007ffed60cb000 	C:\Windows\SYSTEM32\CRYPTSP.dll
0x00007ffed5960000 - 0x00007ffed5995000 	C:\Windows\system32\rsaenh.dll
0x00007ffed5f40000 - 0x00007ffed5f68000 	C:\Windows\SYSTEM32\USERENV.dll
0x00007ffed60a0000 - 0x00007ffed60ac000 	C:\Windows\SYSTEM32\CRYPTBASE.dll
0x00007ffed53f0000 - 0x00007ffed541d000 	C:\Windows\SYSTEM32\IPHLPAPI.DLL
0x00007ffed88a0000 - 0x00007ffed88a9000 	C:\Windows\System32\NSI.dll
0x00007ffed1430000 - 0x00007ffed1449000 	C:\Windows\SYSTEM32\dhcpcsvc6.DLL
0x00007ffed1410000 - 0x00007ffed142f000 	C:\Windows\SYSTEM32\dhcpcsvc.DLL
0x00007ffed5460000 - 0x00007ffed5562000 	C:\Windows\SYSTEM32\DNSAPI.dll
0x00007ffe7d470000 - 0x00007ffe7d4b9000 	C:\Users\itwill\AppData\Local\Temp\jna--1178128515\jna9640014508825407487.dll
0x00007ffed9490000 - 0x00007ffed9498000 	C:\Windows\System32\PSAPI.DLL
0x00007ffeaede0000 - 0x00007ffeaee07000 	C:\Users\itwill\.gradle\native\c067742578af261105cb4f569cf0c3c89f3d7b1fecec35dd04571415982c5e48\windows-amd64\native-platform.dll
0x00007ffec9820000 - 0x00007ffec9829000 	C:\Users\itwill\.vscode\extensions\redhat.java-1.35.1-win32-x64\jre\17.0.12-win32-x86_64\bin\management.dll
0x00007ffec9350000 - 0x00007ffec935b000 	C:\Users\itwill\.vscode\extensions\redhat.java-1.35.1-win32-x64\jre\17.0.12-win32-x86_64\bin\management_ext.dll
0x00007ffec77b0000 - 0x00007ffec77b9000 	C:\Users\itwill\.vscode\extensions\redhat.java-1.35.1-win32-x64\jre\17.0.12-win32-x86_64\bin\extnet.dll
0x00007ffec9320000 - 0x00007ffec932e000 	C:\Users\itwill\.vscode\extensions\redhat.java-1.35.1-win32-x64\jre\17.0.12-win32-x86_64\bin\sunmscapi.dll
0x00007ffed68a0000 - 0x00007ffed6a06000 	C:\Windows\System32\CRYPT32.dll
0x00007ffed6260000 - 0x00007ffed628d000 	C:\Windows\SYSTEM32\ncrypt.dll
0x00007ffed6220000 - 0x00007ffed6257000 	C:\Windows\SYSTEM32\NTASN1.dll
0x00007ffeb7e40000 - 0x00007ffeb7e48000 	C:\Windows\system32\wshunix.dll

dbghelp: loaded successfully - version: 4.0.5 - missing functions: none
symbol engine: initialized successfully - sym options: 0x614 - pdb path: .;c:\Users\itwill\.vscode\extensions\redhat.java-1.35.1-win32-x64\jre\17.0.12-win32-x86_64\bin;C:\Windows\SYSTEM32;C:\Windows\WinSxS\amd64_microsoft.windows.common-controls_6595b64144ccf1df_6.0.22621.3672_none_2713b9d173822955;c:\Users\itwill\.vscode\extensions\redhat.java-1.35.1-win32-x64\jre\17.0.12-win32-x86_64\bin\server;C:\Users\itwill\AppData\Roaming\Code\User\globalStorage\redhat.java\1.35.1\config_win\org.eclipse.equinox.launcher\org.eclipse.equinox.launcher.win32.win32.x86_64_1.2.1100.v20240722-2106;C:\Users\itwill\AppData\Local\Temp\jna--1178128515;C:\Users\itwill\.gradle\native\c067742578af261105cb4f569cf0c3c89f3d7b1fecec35dd04571415982c5e48\windows-amd64

VM Arguments:
jvm_args: --add-modules=ALL-SYSTEM --add-opens=java.base/java.util=ALL-UNNAMED --add-opens=java.base/java.lang=ALL-UNNAMED --add-opens=java.base/sun.nio.fs=ALL-UNNAMED -Declipse.application=org.eclipse.jdt.ls.core.id1 -Dosgi.bundles.defaultStartLevel=4 -Declipse.product=org.eclipse.jdt.ls.core.product -Djava.import.generatesMetadataFilesAtProjectRoot=false -DDetectVMInstallationsJob.disabled=true -Dfile.encoding=utf8 -XX:+UseParallelGC -XX:GCTimeRatio=4 -XX:AdaptiveSizePolicyWeight=90 -Dsun.zip.disableMemoryMapping=true -Xmx1G -Xms100m -Xlog:disable -javaagent:c:\Users\itwill\.vscode\extensions\redhat.java-1.35.1-win32-x64\lombok\lombok-1.18.33.jar -XX:+HeapDumpOnOutOfMemoryError -XX:HeapDumpPath=c:\Users\itwill\AppData\Roaming\Code\User\workspaceStorage\7d2a5cd38aa2d00f32d639ecbf84f81d\redhat.java -Daether.dependencyCollector.impl=bf 
java_command: c:\Users\itwill\.vscode\extensions\redhat.java-1.35.1-win32-x64\server\plugins\org.eclipse.equinox.launcher_1.6.900.v20240613-2009.jar -configuration c:\Users\itwill\AppData\Roaming\Code\User\globalStorage\redhat.java\1.35.1\config_win -data c:\Users\itwill\AppData\Roaming\Code\User\workspaceStorage\7d2a5cd38aa2d00f32d639ecbf84f81d\redhat.java\jdt_ws --pipe=\\.\pipe\lsp-41f524f57dc0e1348d5d3a0d2758e475-sock
java_class_path (initial): c:\Users\itwill\.vscode\extensions\redhat.java-1.35.1-win32-x64\server\plugins\org.eclipse.equinox.launcher_1.6.900.v20240613-2009.jar
Launcher Type: SUN_STANDARD

[Global flags]
    uintx AdaptiveSizePolicyWeight                 = 90                                        {product} {command line}
     intx CICompilerCount                          = 4                                         {product} {ergonomic}
    uintx GCTimeRatio                              = 4                                         {product} {command line}
     bool HeapDumpOnOutOfMemoryError               = true                                   {manageable} {command line}
    ccstr HeapDumpPath                             = c:\Users\itwill\AppData\Roaming\Code\User\workspaceStorage\7d2a5cd38aa2d00f32d639ecbf84f81d\redhat.java         {manageable} {command line}
   size_t InitialHeapSize                          = 104857600                                 {product} {command line}
   size_t MaxHeapSize                              = 1073741824                                {product} {command line}
   size_t MaxNewSize                               = 357564416                                 {product} {ergonomic}
   size_t MinHeapDeltaBytes                        = 524288                                    {product} {ergonomic}
   size_t MinHeapSize                              = 104857600                                 {product} {command line}
   size_t NewSize                                  = 34603008                                  {product} {ergonomic}
    uintx NonNMethodCodeHeapSize                   = 5839372                                {pd product} {ergonomic}
    uintx NonProfiledCodeHeapSize                  = 122909434                              {pd product} {ergonomic}
   size_t OldSize                                  = 70254592                                  {product} {ergonomic}
    uintx ProfiledCodeHeapSize                     = 122909434                              {pd product} {ergonomic}
    uintx ReservedCodeCacheSize                    = 251658240                              {pd product} {ergonomic}
     bool SegmentedCodeCache                       = true                                      {product} {ergonomic}
   size_t SoftMaxHeapSize                          = 1073741824                             {manageable} {ergonomic}
     bool UseCompressedClassPointers               = true                           {product lp64_product} {ergonomic}
     bool UseCompressedOops                        = true                           {product lp64_product} {ergonomic}
     bool UseLargePagesIndividualAllocation        = false                                  {pd product} {ergonomic}
     bool UseParallelGC                            = true                                      {product} {command line}

Logging:
Log output configuration:
 #0: stdout all=off uptime,level,tags
 #1: stderr all=off uptime,level,tags

Environment Variables:
JAVA_HOME=C:\Program Files\Java\jdk-1.8
PATH=C:\oraclexe\app\oracle\product\11.2.0\server\bin;C:\Program Files (x86)\Common Files\Oracle\Java\javapath;C:\Windows\system32;C:\Windows;C:\Windows\System32\Wbem;C:\Windows\System32\WindowsPowerShell\v1.0\;C:\Windows\System32\OpenSSH\;C:\Program Files\Java\jdk-1.8\bin;C:\Program Files\nodejs\;C:\Program Files\MongoDB\Server\5.0\bin;C:\Program Files\Git\cmd;C:\Users\itwill\AppData\Local\Microsoft\WindowsApps;C:\Users\itwill\AppData\Roaming\npm
USERNAME=itwill
OS=Windows_NT
PROCESSOR_IDENTIFIER=Intel64 Family 6 Model 151 Stepping 2, GenuineIntel
TMP=C:\Users\itwill\AppData\Local\Temp
TEMP=C:\Users\itwill\AppData\Local\Temp



Periodic native trim disabled


---------------  S Y S T E M  ---------------

OS:
 Windows 11 , 64 bit Build 22621 (10.0.22621.3958)
OS uptime: 2 days 6:51 hours

CPU: total 12 (initial active 12) (6 cores per cpu, 2 threads per core) family 6 model 151 stepping 2 microcode 0x1e, cx8, cmov, fxsr, ht, mmx, 3dnowpref, sse, sse2, sse3, ssse3, sse4.1, sse4.2, popcnt, lzcnt, tsc, tscinvbit, avx, avx2, aes, erms, clmul, bmi1, bmi2, adx, sha, fma, vzeroupper, clflush, clflushopt, clwb
Processor Information for all 12 processors :
  Max Mhz: 2500, Current Mhz: 2500, Mhz Limit: 2500

Memory: 4k page, system-wide physical 16099M (3367M free)
TotalPageFile size 46513M (AvailPageFile size 155M)
current process WorkingSet (physical memory assigned to process): 345M, peak: 348M
current process commit charge ("private bytes"): 399M, peak: 404M

vm_info: OpenJDK 64-Bit Server VM (17.0.12+7) for windows-amd64 JRE (17.0.12+7), built on Jul 16 2024 22:08:24 by "admin" with MS VC++ 16.10 / 16.11 (VS2019)

END.
