#
# There is insufficient memory for the Java Runtime Environment to continue.
# Native memory allocation (malloc) failed to allocate 2097152 bytes. Error detail: AllocateHeap
# Possible reasons:
#   The system is out of physical RAM or swap space
#   This process is running with CompressedOops enabled, and the Java Heap may be blocking the growth of the native heap
# Possible solutions:
#   Reduce memory load on the system
#   Increase physical memory or swap space
#   Check if swap backing store is full
#   Decrease Java heap size (-Xmx/-Xms)
#   Decrease number of Java threads
#   Decrease Java thread stack sizes (-Xss)
#   Set larger code cache with -XX:ReservedCodeCacheSize=
#   JVM is running with Unscaled Compressed Oops mode in which the Java heap is
#     placed in the first 4GB address space. The Java Heap base address is the
#     maximum limit for the native heap growth. Please use -XX:HeapBaseMinAddress
#     to set the Java Heap base and to place the Java Heap above 4GB virtual address.
# This output file may be truncated or incomplete.
#
#  Out of Memory Error (allocation.cpp:44), pid=55632, tid=57672
#
# JRE version: OpenJDK Runtime Environment Temurin-17.0.12+7 (17.0.12+7) (build 17.0.12+7)
# Java VM: OpenJDK 64-Bit Server VM Temurin-17.0.12+7 (17.0.12+7, mixed mode, emulated-client, tiered, compressed oops, compressed class ptrs, g1 gc, windows-amd64)
# No core dump will be written. Minidumps are not enabled by default on client versions of Windows
#

---------------  S U M M A R Y ------------

Command Line: -Xmx1024m -Dsts.lsp.client=vscode -Dsts.log.file=/dev/null -XX:TieredStopAtLevel=1 -Xlog:jni+resolve=off c:\Users\itwill\.vscode\extensions\vmware.vscode-spring-boot-1.57.0\language-server\spring-boot-language-server-1.57.0-SNAPSHOT-exec.jar

Host: 12th Gen Intel(R) Core(TM) i5-12400, 12 cores, 15G,  Windows 11 , 64 bit Build 22621 (10.0.22621.3958)
Time: Wed Oct 16 15:07:52 2024  Windows 11 , 64 bit Build 22621 (10.0.22621.3958) elapsed time: 13016.308615 seconds (0d 3h 36m 56s)

---------------  T H R E A D  ---------------

Current thread (0x00000204d4f2d1e0):  VMThread "VM Thread" [stack: 0x0000004952b00000,0x0000004952c00000] [id=57672]

Stack: [0x0000004952b00000,0x0000004952c00000]
Native frames: (J=compiled Java code, j=interpreted, Vv=VM code, C=native code)
V  [jvm.dll+0x67f929]
V  [jvm.dll+0x8371ba]
V  [jvm.dll+0x838c7e]
V  [jvm.dll+0x8392e3]
V  [jvm.dll+0x24834f]
V  [jvm.dll+0xa70d3]
V  [jvm.dll+0x2f9101]
V  [jvm.dll+0x2f4d00]
V  [jvm.dll+0x2dd82f]
V  [jvm.dll+0x3201f7]
V  [jvm.dll+0x83d7dd]
V  [jvm.dll+0x83e522]
V  [jvm.dll+0x83ea4f]
V  [jvm.dll+0x83ee34]
V  [jvm.dll+0x83ef00]
V  [jvm.dll+0x7e65dc]
V  [jvm.dll+0x67e7f7]
C  [ucrtbase.dll+0x29333]
C  [KERNEL32.DLL+0x1257d]
C  [ntdll.dll+0x5af08]

VM_Operation (0x0000004954cfef20): G1CollectFull, mode: safepoint, requested by thread 0x00000204da71ba40


---------------  P R O C E S S  ---------------

Threads class SMR info:
_java_thread_list=0x00000204db930d10, length=37, elements={
0x00000204d9018f50, 0x00000204d9019dd0, 0x00000204d9061500, 0x00000204d905e0a0,
0x00000204d905e970, 0x00000204d9076e70, 0x00000204d907acf0, 0x00000204d907ca10,
0x00000204d91b74e0, 0x00000204d91bbde0, 0x00000204da71bf50, 0x00000204da71ba40,
0x00000204da71c970, 0x00000204da71c460, 0x00000204da71d390, 0x00000204db163ef0,
0x00000204db168ae0, 0x00000204db1634d0, 0x00000204db165330, 0x00000204db1680c0,
0x00000204db168ff0, 0x00000204db166770, 0x00000204db1625a0, 0x00000204db164910,
0x00000204db169a10, 0x00000204db165d50, 0x00000204db162ab0, 0x00000204db164400,
0x00000204db164e20, 0x00000204db169500, 0x00000204db162090, 0x00000204d927e140,
0x00000204d927fa90, 0x00000204d927ffa0, 0x00000204d927cd00, 0x00000204d927c7f0,
0x00000204d927e650
}

Java Threads: ( => current thread )
  0x00000204d9018f50 JavaThread "Reference Handler" daemon [_thread_blocked, id=147276, stack(0x0000004952c00000,0x0000004952d00000)]
  0x00000204d9019dd0 JavaThread "Finalizer" daemon [_thread_blocked, id=88744, stack(0x0000004952d00000,0x0000004952e00000)]
  0x00000204d9061500 JavaThread "Signal Dispatcher" daemon [_thread_blocked, id=51236, stack(0x0000004952e00000,0x0000004952f00000)]
  0x00000204d905e0a0 JavaThread "Attach Listener" daemon [_thread_blocked, id=157148, stack(0x0000004952f00000,0x0000004953000000)]
  0x00000204d905e970 JavaThread "Service Thread" daemon [_thread_blocked, id=59496, stack(0x0000004953000000,0x0000004953100000)]
  0x00000204d9076e70 JavaThread "Monitor Deflation Thread" daemon [_thread_blocked, id=71704, stack(0x0000004953100000,0x0000004953200000)]
  0x00000204d907acf0 JavaThread "C1 CompilerThread0" daemon [_thread_blocked, id=65068, stack(0x0000004953200000,0x0000004953300000)]
  0x00000204d907ca10 JavaThread "Sweeper thread" daemon [_thread_blocked, id=120272, stack(0x0000004953300000,0x0000004953400000)]
  0x00000204d91b74e0 JavaThread "Notification Thread" daemon [_thread_blocked, id=77908, stack(0x0000004953600000,0x0000004953700000)]
  0x00000204d91bbde0 JavaThread "Common-Cleaner" daemon [_thread_blocked, id=144884, stack(0x0000004953800000,0x0000004953900000)]
  0x00000204da71bf50 JavaThread "boundedElastic-evictor-1" daemon [_thread_blocked, id=66340, stack(0x0000004954b00000,0x0000004954c00000)]
  0x00000204da71ba40 JavaThread "pool-13-thread-1" [_thread_blocked, id=59256, stack(0x0000004954c00000,0x0000004954d00000)]
  0x00000204da71c970 JavaThread "LanguageServerApp-lifecycle" [_thread_blocked, id=73224, stack(0x0000004954d00000,0x0000004954e00000)]
  0x00000204da71c460 JavaThread "DestroyJavaVM" [_thread_blocked, id=93968, stack(0x0000004952500000,0x0000004952600000)]
  0x00000204da71d390 JavaThread "pool-14-thread-1" [_thread_in_native, id=60544, stack(0x0000004954e00000,0x0000004954f00000)]
  0x00000204db163ef0 JavaThread "Simple-Language-Server main thread" daemon [_thread_blocked, id=139036, stack(0x0000004954f00000,0x0000004955000000)]
  0x00000204db168ae0 JavaThread "parallel-1" daemon [_thread_blocked, id=114676, stack(0x0000004955300000,0x0000004955400000)]
  0x00000204db1634d0 JavaThread "pool-8-thread-1" [_thread_blocked, id=126008, stack(0x0000004955400000,0x0000004955500000)]
  0x00000204db165330 JavaThread "parallel-2" daemon [_thread_blocked, id=79400, stack(0x0000004955500000,0x0000004955600000)]
  0x00000204db1680c0 JavaThread "pool-6-thread-1" [_thread_blocked, id=152028, stack(0x0000004955600000,0x0000004955700000)]
  0x00000204db168ff0 JavaThread "parallel-3" daemon [_thread_blocked, id=70316, stack(0x0000004955700000,0x0000004955800000)]
  0x00000204db166770 JavaThread "parallel-4" daemon [_thread_blocked, id=33868, stack(0x0000004955800000,0x0000004955900000)]
  0x00000204db1625a0 JavaThread "parallel-5" daemon [_thread_blocked, id=144320, stack(0x0000004955900000,0x0000004955a00000)]
  0x00000204db164910 JavaThread "parallel-6" daemon [_thread_blocked, id=49860, stack(0x0000004955e00000,0x0000004955f00000)]
  0x00000204db169a10 JavaThread "parallel-7" daemon [_thread_blocked, id=87908, stack(0x0000004955f00000,0x0000004956000000)]
  0x00000204db165d50 JavaThread "parallel-8" daemon [_thread_blocked, id=26012, stack(0x0000004956000000,0x0000004956100000)]
  0x00000204db162ab0 JavaThread "Reconciler-1" daemon [_thread_blocked, id=99172, stack(0x0000004956200000,0x0000004956300000)]
  0x00000204db164400 JavaThread "parallel-9" daemon [_thread_blocked, id=69900, stack(0x0000004952400000,0x0000004952500000)]
  0x00000204db164e20 JavaThread "parallel-10" daemon [_thread_blocked, id=63964, stack(0x0000004953e00000,0x0000004953f00000)]
  0x00000204db169500 JavaThread "parallel-11" daemon [_thread_blocked, id=140076, stack(0x0000004954800000,0x0000004954900000)]
  0x00000204db162090 JavaThread "parallel-12" daemon [_thread_blocked, id=100008, stack(0x0000004955000000,0x0000004955100000)]
  0x00000204d927e140 JavaThread "CompletableFutureDelayScheduler" daemon [_thread_blocked, id=113832, stack(0x0000004956600000,0x0000004956700000)]
  0x00000204d927fa90 JavaThread "pool-4-thread-30" [_thread_blocked, id=103352, stack(0x0000004952200000,0x0000004952300000)]
  0x00000204d927ffa0 JavaThread "ForkJoinPool.commonPool-worker-55" daemon [_thread_blocked, id=152592, stack(0x0000004952300000,0x0000004952400000)]
  0x00000204d927cd00 JavaThread "pool-3-thread-47" [_thread_blocked, id=59224, stack(0x0000004953400000,0x0000004953500000)]
  0x00000204d927c7f0 JavaThread "pool-5-thread-31" [_thread_blocked, id=55712, stack(0x0000004953500000,0x0000004953600000)]
  0x00000204d927e650 JavaThread "pool-3-thread-48" [_thread_blocked, id=109376, stack(0x0000004954100000,0x0000004954200000)]

Other Threads:
=>0x00000204d4f2d1e0 VMThread "VM Thread" [stack: 0x0000004952b00000,0x0000004952c00000] [id=57672]
  0x00000204d90bfe40 WatcherThread [stack: 0x0000004953700000,0x0000004953800000] [id=64252]
  0x00000204c9d044b0 GCTaskThread "GC Thread#0" [stack: 0x0000004952600000,0x0000004952700000] [id=13400]
  0x00000204d9ba92b0 GCTaskThread "GC Thread#1" [stack: 0x0000004953900000,0x0000004953a00000] [id=142748]
  0x00000204d9bf7890 GCTaskThread "GC Thread#2" [stack: 0x0000004953a00000,0x0000004953b00000] [id=28152]
  0x00000204d9bf7b50 GCTaskThread "GC Thread#3" [stack: 0x0000004953b00000,0x0000004953c00000] [id=49612]
  0x00000204d9bf7e10 GCTaskThread "GC Thread#4" [stack: 0x0000004953c00000,0x0000004953d00000] [id=56440]
  0x00000204d9bf80d0 GCTaskThread "GC Thread#5" [stack: 0x0000004953d00000,0x0000004953e00000] [id=138992]
  0x00000204da1a28e0 GCTaskThread "GC Thread#6" [stack: 0x0000004953f00000,0x0000004954000000] [id=82240]
  0x00000204da1ca4e0 GCTaskThread "GC Thread#7" [stack: 0x0000004954000000,0x0000004954100000] [id=108988]
  0x00000204da2e8210 GCTaskThread "GC Thread#8" [stack: 0x0000004954200000,0x0000004954300000] [id=83632]
  0x00000204da41aa20 GCTaskThread "GC Thread#9" [stack: 0x0000004954300000,0x0000004954400000] [id=74336]
  0x00000204c9d0e410 ConcurrentGCThread "G1 Main Marker" [stack: 0x0000004952700000,0x0000004952800000] [id=155000]
  0x00000204c9d0fde0 ConcurrentGCThread "G1 Conc#0" [stack: 0x0000004952800000,0x0000004952900000] [id=41856]
  0x00000204da3d0c60 ConcurrentGCThread "G1 Conc#1" [stack: 0x0000004954400000,0x0000004954500000] [id=41940]
  0x00000204da335f20 ConcurrentGCThread "G1 Conc#2" [stack: 0x0000004954500000,0x0000004954600000] [id=82880]
  0x00000204d4da4570 ConcurrentGCThread "G1 Refine#0" [stack: 0x0000004952900000,0x0000004952a00000] [id=64916]
  0x00000204d4da4fa0 ConcurrentGCThread "G1 Service" [stack: 0x0000004952a00000,0x0000004952b00000] [id=130164]

Threads with active compile tasks:

VM state: at safepoint (normal execution)

VM Mutex/Monitor currently owned by a thread:  ([mutex/lock_event])
[0x00000204c9cc33f0] Threads_lock - owner thread: 0x00000204d4f2d1e0
[0x00000204c9cc2ee0] Heap_lock - owner thread: 0x00000204da71ba40

Heap address: 0x00000000c0000000, size: 1024 MB, Compressed Oops mode: 32-bit

CDS archive(s) not mapped
Compressed class space mapped at: 0x0000000100000000-0x0000000140000000, reserved size: 1073741824
Narrow klass base: 0x0000000000000000, Narrow klass shift: 3, Narrow klass range: 0x140000000

GC Precious Log:
 CPUs: 12 total, 12 available
 Memory: 16099M
 Large Page Support: Disabled
 NUMA Support: Disabled
 Compressed Oops: Enabled (32-bit)
 Heap Region Size: 1M
 Heap Min Capacity: 8M
 Heap Initial Capacity: 252M
 Heap Max Capacity: 1G
 Pre-touch: Disabled
 Parallel Workers: 10
 Concurrent Workers: 3
 Concurrent Refinement Workers: 10
 Periodic GC: Disabled

Heap:
 garbage-first heap   total 137216K, used 42764K [0x00000000c0000000, 0x0000000100000000)
  region size 1024K, 1 young (1024K), 0 survivors (0K)
 Metaspace       used 62147K, committed 62656K, reserved 1114112K
  class space    used 7846K, committed 8064K, reserved 1048576K

Heap Regions: E=young(eden), S=young(survivor), O=old, HS=humongous(starts), HC=humongous(continues), CS=collection set, F=free, OA=open archive, CA=closed archive, TAMS=top-at-mark-start (previous, next)
|   0|0x00000000c0000000, 0x00000000c0100000, 0x00000000c0100000|100%|HS|  |TAMS 0x00000000c0100000, 0x00000000c0000000| Untracked 
|   1|0x00000000c0100000, 0x00000000c0200000, 0x00000000c0200000|100%|HC|  |TAMS 0x00000000c0200000, 0x00000000c0100000| Untracked 
|   2|0x00000000c0200000, 0x00000000c0300000, 0x00000000c0300000|100%|HC|  |TAMS 0x00000000c0300000, 0x00000000c0200000| Untracked 
|   3|0x00000000c0300000, 0x00000000c0400000, 0x00000000c0400000|100%|HC|  |TAMS 0x00000000c0400000, 0x00000000c0300000| Untracked 
|   4|0x00000000c0400000, 0x00000000c0500000, 0x00000000c0500000|100%|HS|  |TAMS 0x00000000c0500000, 0x00000000c0400000| Untracked 
|   5|0x00000000c0500000, 0x00000000c0600000, 0x00000000c0600000|100%|HC|  |TAMS 0x00000000c0600000, 0x00000000c0500000| Untracked 
|   6|0x00000000c0600000, 0x00000000c06ffff8, 0x00000000c0700000| 99%| O|  |TAMS 0x00000000c06ffff8, 0x00000000c0600000| Untracked 
|   7|0x00000000c0700000, 0x00000000c0800000, 0x00000000c0800000|100%| O|  |TAMS 0x00000000c0800000, 0x00000000c0700000| Untracked 
|   8|0x00000000c0800000, 0x00000000c0900000, 0x00000000c0900000|100%| O|  |TAMS 0x00000000c0900000, 0x00000000c0800000| Untracked 
|   9|0x00000000c0900000, 0x00000000c0a00000, 0x00000000c0a00000|100%| O|  |TAMS 0x00000000c0a00000, 0x00000000c0900000| Untracked 
|  10|0x00000000c0a00000, 0x00000000c0b00000, 0x00000000c0b00000|100%| O|  |TAMS 0x00000000c0b00000, 0x00000000c0a00000| Untracked 
|  11|0x00000000c0b00000, 0x00000000c0c00000, 0x00000000c0c00000|100%| O|  |TAMS 0x00000000c0c00000, 0x00000000c0b00000| Untracked 
|  12|0x00000000c0c00000, 0x00000000c0cffff8, 0x00000000c0d00000| 99%| O|  |TAMS 0x00000000c0cffff8, 0x00000000c0c00000| Untracked 
|  13|0x00000000c0d00000, 0x00000000c0e00000, 0x00000000c0e00000|100%| O|  |TAMS 0x00000000c0e00000, 0x00000000c0d00000| Untracked 
|  14|0x00000000c0e00000, 0x00000000c0f00000, 0x00000000c0f00000|100%| O|  |TAMS 0x00000000c0f00000, 0x00000000c0e00000| Untracked 
|  15|0x00000000c0f00000, 0x00000000c0fffff0, 0x00000000c1000000| 99%| O|  |TAMS 0x00000000c0fffff0, 0x00000000c0f00000| Untracked 
|  16|0x00000000c1000000, 0x00000000c10fffb8, 0x00000000c1100000| 99%| O|  |TAMS 0x00000000c10fffb8, 0x00000000c1000000| Untracked 
|  17|0x00000000c1100000, 0x00000000c11ffff0, 0x00000000c1200000| 99%| O|  |TAMS 0x00000000c11ffff0, 0x00000000c1100000| Untracked 
|  18|0x00000000c1200000, 0x00000000c12ffff8, 0x00000000c1300000| 99%| O|  |TAMS 0x00000000c12ffff8, 0x00000000c1200000| Untracked 
|  19|0x00000000c1300000, 0x00000000c13fed28, 0x00000000c1400000| 99%| O|  |TAMS 0x00000000c13fed28, 0x00000000c1300000| Untracked 
|  20|0x00000000c1400000, 0x00000000c14ffff0, 0x00000000c1500000| 99%| O|  |TAMS 0x00000000c14ffff0, 0x00000000c1400000| Untracked 
|  21|0x00000000c1500000, 0x00000000c15ffff8, 0x00000000c1600000| 99%| O|  |TAMS 0x00000000c15ffff8, 0x00000000c1500000| Untracked 
|  22|0x00000000c1600000, 0x00000000c16fffb0, 0x00000000c1700000| 99%| O|  |TAMS 0x00000000c16fffb0, 0x00000000c1600000| Untracked 
|  23|0x00000000c1700000, 0x00000000c17fffe8, 0x00000000c1800000| 99%| O|  |TAMS 0x00000000c17fffe8, 0x00000000c1700000| Untracked 
|  24|0x00000000c1800000, 0x00000000c18ffff8, 0x00000000c1900000| 99%| O|  |TAMS 0x00000000c18ffff8, 0x00000000c1800000| Untracked 
|  25|0x00000000c1900000, 0x00000000c19fa908, 0x00000000c1a00000| 97%| O|  |TAMS 0x00000000c19fa908, 0x00000000c1900000| Untracked 
|  26|0x00000000c1a00000, 0x00000000c1affff0, 0x00000000c1b00000| 99%| O|  |TAMS 0x00000000c1affff0, 0x00000000c1a00000| Untracked 
|  27|0x00000000c1b00000, 0x00000000c1bffff0, 0x00000000c1c00000| 99%| O|  |TAMS 0x00000000c1bffff0, 0x00000000c1b00000| Untracked 
|  28|0x00000000c1c00000, 0x00000000c1d00000, 0x00000000c1d00000|100%| O|  |TAMS 0x00000000c1d00000, 0x00000000c1c00000| Untracked 
|  29|0x00000000c1d00000, 0x00000000c1dffff8, 0x00000000c1e00000| 99%| O|  |TAMS 0x00000000c1dffff8, 0x00000000c1d00000| Untracked 
|  30|0x00000000c1e00000, 0x00000000c1efffd0, 0x00000000c1f00000| 99%| O|  |TAMS 0x00000000c1efffd0, 0x00000000c1e00000| Untracked 
|  31|0x00000000c1f00000, 0x00000000c2000000, 0x00000000c2000000|100%| O|  |TAMS 0x00000000c2000000, 0x00000000c1f00000| Untracked 
|  32|0x00000000c2000000, 0x00000000c2100000, 0x00000000c2100000|100%| O|  |TAMS 0x00000000c2100000, 0x00000000c2000000| Untracked 
|  33|0x00000000c2100000, 0x00000000c21fffb0, 0x00000000c2200000| 99%| O|  |TAMS 0x00000000c21fffb0, 0x00000000c2100000| Untracked 
|  34|0x00000000c2200000, 0x00000000c22f66e0, 0x00000000c2300000| 96%| O|  |TAMS 0x00000000c22f66e0, 0x00000000c2200000| Untracked 
|  35|0x00000000c2300000, 0x00000000c23ac6c0, 0x00000000c2400000| 67%| O|  |TAMS 0x00000000c2300000, 0x00000000c2300000| Untracked 
|  36|0x00000000c2400000, 0x00000000c2427160, 0x00000000c2500000| 15%| O|  |TAMS 0x00000000c2400000, 0x00000000c2400000| Untracked 
|  37|0x00000000c2500000, 0x00000000c25fffd8, 0x00000000c2600000| 99%| O|  |TAMS 0x00000000c25fffd8, 0x00000000c2500000| Untracked 
|  38|0x00000000c2600000, 0x00000000c2600000, 0x00000000c2700000|  0%| F|  |TAMS 0x00000000c2600000, 0x00000000c2600000| Untracked 
|  39|0x00000000c2700000, 0x00000000c2700000, 0x00000000c2800000|  0%| F|  |TAMS 0x00000000c2700000, 0x00000000c2700000| Untracked 
|  40|0x00000000c2800000, 0x00000000c2800000, 0x00000000c2900000|  0%| F|  |TAMS 0x00000000c2800000, 0x00000000c2800000| Untracked 
|  41|0x00000000c2900000, 0x00000000c2900000, 0x00000000c2a00000|  0%| F|  |TAMS 0x00000000c2900000, 0x00000000c2900000| Untracked 
|  42|0x00000000c2a00000, 0x00000000c2a00000, 0x00000000c2b00000|  0%| F|  |TAMS 0x00000000c2a00000, 0x00000000c2a00000| Untracked 
|  43|0x00000000c2b00000, 0x00000000c2c00000, 0x00000000c2c00000|100%|HS|  |TAMS 0x00000000c2c00000, 0x00000000c2b00000| Untracked 
|  44|0x00000000c2c00000, 0x00000000c2d00000, 0x00000000c2d00000|100%|HC|  |TAMS 0x00000000c2d00000, 0x00000000c2c00000| Untracked 
|  45|0x00000000c2d00000, 0x00000000c2e00000, 0x00000000c2e00000|100%|HS|  |TAMS 0x00000000c2e00000, 0x00000000c2d00000| Untracked 
|  46|0x00000000c2e00000, 0x00000000c2e00000, 0x00000000c2f00000|  0%| F|  |TAMS 0x00000000c2e00000, 0x00000000c2e00000| Untracked 
|  47|0x00000000c2f00000, 0x00000000c2f00000, 0x00000000c3000000|  0%| F|  |TAMS 0x00000000c2f00000, 0x00000000c2f00000| Untracked 
|  48|0x00000000c3000000, 0x00000000c3000000, 0x00000000c3100000|  0%| F|  |TAMS 0x00000000c3000000, 0x00000000c3000000| Untracked 
|  49|0x00000000c3100000, 0x00000000c3100000, 0x00000000c3200000|  0%| F|  |TAMS 0x00000000c3100000, 0x00000000c3100000| Untracked 
|  50|0x00000000c3200000, 0x00000000c3200000, 0x00000000c3300000|  0%| F|  |TAMS 0x00000000c3200000, 0x00000000c3200000| Untracked 
|  51|0x00000000c3300000, 0x00000000c3300000, 0x00000000c3400000|  0%| F|  |TAMS 0x00000000c3300000, 0x00000000c3300000| Untracked 
|  52|0x00000000c3400000, 0x00000000c3400000, 0x00000000c3500000|  0%| F|  |TAMS 0x00000000c3400000, 0x00000000c3400000| Untracked 
|  53|0x00000000c3500000, 0x00000000c3500000, 0x00000000c3600000|  0%| F|  |TAMS 0x00000000c3500000, 0x00000000c3500000| Untracked 
|  54|0x00000000c3600000, 0x00000000c3600000, 0x00000000c3700000|  0%| F|  |TAMS 0x00000000c3600000, 0x00000000c3600000| Untracked 
|  55|0x00000000c3700000, 0x00000000c3700000, 0x00000000c3800000|  0%| F|  |TAMS 0x00000000c3700000, 0x00000000c3700000| Untracked 
|  56|0x00000000c3800000, 0x00000000c3800000, 0x00000000c3900000|  0%| F|  |TAMS 0x00000000c3800000, 0x00000000c3800000| Untracked 
|  57|0x00000000c3900000, 0x00000000c3900000, 0x00000000c3a00000|  0%| F|  |TAMS 0x00000000c3900000, 0x00000000c3900000| Untracked 
|  58|0x00000000c3a00000, 0x00000000c3a00000, 0x00000000c3b00000|  0%| F|  |TAMS 0x00000000c3a00000, 0x00000000c3a00000| Untracked 
|  59|0x00000000c3b00000, 0x00000000c3b00000, 0x00000000c3c00000|  0%| F|  |TAMS 0x00000000c3b00000, 0x00000000c3b00000| Untracked 
|  60|0x00000000c3c00000, 0x00000000c3c00000, 0x00000000c3d00000|  0%| F|  |TAMS 0x00000000c3c00000, 0x00000000c3c00000| Untracked 
|  61|0x00000000c3d00000, 0x00000000c3d00000, 0x00000000c3e00000|  0%| F|  |TAMS 0x00000000c3d00000, 0x00000000c3d00000| Untracked 
|  62|0x00000000c3e00000, 0x00000000c3e00000, 0x00000000c3f00000|  0%| F|  |TAMS 0x00000000c3e00000, 0x00000000c3e00000| Untracked 
|  63|0x00000000c3f00000, 0x00000000c3f00000, 0x00000000c4000000|  0%| F|  |TAMS 0x00000000c3f00000, 0x00000000c3f00000| Untracked 
|  64|0x00000000c4000000, 0x00000000c4000000, 0x00000000c4100000|  0%| F|  |TAMS 0x00000000c4000000, 0x00000000c4000000| Untracked 
|  65|0x00000000c4100000, 0x00000000c4100000, 0x00000000c4200000|  0%| F|  |TAMS 0x00000000c4100000, 0x00000000c4100000| Untracked 
|  66|0x00000000c4200000, 0x00000000c4200000, 0x00000000c4300000|  0%| F|  |TAMS 0x00000000c4200000, 0x00000000c4200000| Untracked 
|  67|0x00000000c4300000, 0x00000000c4300000, 0x00000000c4400000|  0%| F|  |TAMS 0x00000000c4300000, 0x00000000c4300000| Untracked 
|  68|0x00000000c4400000, 0x00000000c4400000, 0x00000000c4500000|  0%| F|  |TAMS 0x00000000c4400000, 0x00000000c4400000| Untracked 
|  69|0x00000000c4500000, 0x00000000c4500000, 0x00000000c4600000|  0%| F|  |TAMS 0x00000000c4500000, 0x00000000c4500000| Untracked 
|  70|0x00000000c4600000, 0x00000000c4600000, 0x00000000c4700000|  0%| F|  |TAMS 0x00000000c4600000, 0x00000000c4600000| Untracked 
|  71|0x00000000c4700000, 0x00000000c4700000, 0x00000000c4800000|  0%| F|  |TAMS 0x00000000c4700000, 0x00000000c4700000| Untracked 
|  72|0x00000000c4800000, 0x00000000c4800000, 0x00000000c4900000|  0%| F|  |TAMS 0x00000000c4800000, 0x00000000c4800000| Untracked 
|  73|0x00000000c4900000, 0x00000000c4900000, 0x00000000c4a00000|  0%| F|  |TAMS 0x00000000c4900000, 0x00000000c4900000| Untracked 
|  74|0x00000000c4a00000, 0x00000000c4a00000, 0x00000000c4b00000|  0%| F|  |TAMS 0x00000000c4a00000, 0x00000000c4a00000| Untracked 
|  75|0x00000000c4b00000, 0x00000000c4b00000, 0x00000000c4c00000|  0%| F|  |TAMS 0x00000000c4b00000, 0x00000000c4b00000| Untracked 
|  76|0x00000000c4c00000, 0x00000000c4c00000, 0x00000000c4d00000|  0%| F|  |TAMS 0x00000000c4c00000, 0x00000000c4c00000| Untracked 
|  77|0x00000000c4d00000, 0x00000000c4d00000, 0x00000000c4e00000|  0%| F|  |TAMS 0x00000000c4d00000, 0x00000000c4d00000| Untracked 
|  78|0x00000000c4e00000, 0x00000000c4e00000, 0x00000000c4f00000|  0%| F|  |TAMS 0x00000000c4e00000, 0x00000000c4e00000| Untracked 
|  79|0x00000000c4f00000, 0x00000000c4f00000, 0x00000000c5000000|  0%| F|  |TAMS 0x00000000c4f00000, 0x00000000c4f00000| Untracked 
|  80|0x00000000c5000000, 0x00000000c5000000, 0x00000000c5100000|  0%| F|  |TAMS 0x00000000c5000000, 0x00000000c5000000| Untracked 
|  81|0x00000000c5100000, 0x00000000c5100000, 0x00000000c5200000|  0%| F|  |TAMS 0x00000000c5100000, 0x00000000c5100000| Untracked 
|  82|0x00000000c5200000, 0x00000000c5200000, 0x00000000c5300000|  0%| F|  |TAMS 0x00000000c5200000, 0x00000000c5200000| Untracked 
|  83|0x00000000c5300000, 0x00000000c5300000, 0x00000000c5400000|  0%| F|  |TAMS 0x00000000c5300000, 0x00000000c5300000| Untracked 
|  84|0x00000000c5400000, 0x00000000c5400000, 0x00000000c5500000|  0%| F|  |TAMS 0x00000000c5400000, 0x00000000c5400000| Untracked 
|  85|0x00000000c5500000, 0x00000000c5500000, 0x00000000c5600000|  0%| F|  |TAMS 0x00000000c5500000, 0x00000000c5500000| Untracked 
|  86|0x00000000c5600000, 0x00000000c5600000, 0x00000000c5700000|  0%| F|  |TAMS 0x00000000c5600000, 0x00000000c5600000| Untracked 
|  87|0x00000000c5700000, 0x00000000c5700000, 0x00000000c5800000|  0%| F|  |TAMS 0x00000000c5700000, 0x00000000c5700000| Untracked 
|  88|0x00000000c5800000, 0x00000000c5800000, 0x00000000c5900000|  0%| F|  |TAMS 0x00000000c5800000, 0x00000000c5800000| Untracked 
|  89|0x00000000c5900000, 0x00000000c5900000, 0x00000000c5a00000|  0%| F|  |TAMS 0x00000000c5900000, 0x00000000c5900000| Untracked 
|  90|0x00000000c5a00000, 0x00000000c5a00000, 0x00000000c5b00000|  0%| F|  |TAMS 0x00000000c5a00000, 0x00000000c5a00000| Untracked 
|  91|0x00000000c5b00000, 0x00000000c5b00000, 0x00000000c5c00000|  0%| F|  |TAMS 0x00000000c5b00000, 0x00000000c5b00000| Untracked 
|  92|0x00000000c5c00000, 0x00000000c5c00000, 0x00000000c5d00000|  0%| F|  |TAMS 0x00000000c5c00000, 0x00000000c5c00000| Untracked 
|  93|0x00000000c5d00000, 0x00000000c5d00000, 0x00000000c5e00000|  0%| F|  |TAMS 0x00000000c5d00000, 0x00000000c5d00000| Untracked 
|  94|0x00000000c5e00000, 0x00000000c5e00000, 0x00000000c5f00000|  0%| F|  |TAMS 0x00000000c5e00000, 0x00000000c5e00000| Untracked 
|  95|0x00000000c5f00000, 0x00000000c5f00000, 0x00000000c6000000|  0%| F|  |TAMS 0x00000000c5f00000, 0x00000000c5f00000| Untracked 
|  96|0x00000000c6000000, 0x00000000c6000000, 0x00000000c6100000|  0%| F|  |TAMS 0x00000000c6000000, 0x00000000c6000000| Untracked 
|  97|0x00000000c6100000, 0x00000000c6100000, 0x00000000c6200000|  0%| F|  |TAMS 0x00000000c6100000, 0x00000000c6100000| Untracked 
|  98|0x00000000c6200000, 0x00000000c6200000, 0x00000000c6300000|  0%| F|  |TAMS 0x00000000c6200000, 0x00000000c6200000| Untracked 
|  99|0x00000000c6300000, 0x00000000c6300000, 0x00000000c6400000|  0%| F|  |TAMS 0x00000000c6300000, 0x00000000c6300000| Untracked 
| 100|0x00000000c6400000, 0x00000000c6400000, 0x00000000c6500000|  0%| F|  |TAMS 0x00000000c6400000, 0x00000000c6400000| Untracked 
| 101|0x00000000c6500000, 0x00000000c6500000, 0x00000000c6600000|  0%| F|  |TAMS 0x00000000c6500000, 0x00000000c6500000| Untracked 
| 102|0x00000000c6600000, 0x00000000c6600000, 0x00000000c6700000|  0%| F|  |TAMS 0x00000000c6600000, 0x00000000c6600000| Untracked 
| 103|0x00000000c6700000, 0x00000000c6700000, 0x00000000c6800000|  0%| F|  |TAMS 0x00000000c6700000, 0x00000000c6700000| Untracked 
| 104|0x00000000c6800000, 0x00000000c6800000, 0x00000000c6900000|  0%| F|  |TAMS 0x00000000c6800000, 0x00000000c6800000| Untracked 
| 105|0x00000000c6900000, 0x00000000c6900000, 0x00000000c6a00000|  0%| F|  |TAMS 0x00000000c6900000, 0x00000000c6900000| Untracked 
| 106|0x00000000c6a00000, 0x00000000c6a00000, 0x00000000c6b00000|  0%| F|  |TAMS 0x00000000c6a00000, 0x00000000c6a00000| Untracked 
| 107|0x00000000c6b00000, 0x00000000c6b00000, 0x00000000c6c00000|  0%| F|  |TAMS 0x00000000c6b00000, 0x00000000c6b00000| Untracked 
| 108|0x00000000c6c00000, 0x00000000c6c00000, 0x00000000c6d00000|  0%| F|  |TAMS 0x00000000c6c00000, 0x00000000c6c00000| Untracked 
| 109|0x00000000c6d00000, 0x00000000c6d00000, 0x00000000c6e00000|  0%| F|  |TAMS 0x00000000c6d00000, 0x00000000c6d00000| Untracked 
| 110|0x00000000c6e00000, 0x00000000c6e00000, 0x00000000c6f00000|  0%| F|  |TAMS 0x00000000c6e00000, 0x00000000c6e00000| Untracked 
| 111|0x00000000c6f00000, 0x00000000c6f00000, 0x00000000c7000000|  0%| F|  |TAMS 0x00000000c6f00000, 0x00000000c6f00000| Untracked 
| 112|0x00000000c7000000, 0x00000000c7000000, 0x00000000c7100000|  0%| F|  |TAMS 0x00000000c7000000, 0x00000000c7000000| Untracked 
| 113|0x00000000c7100000, 0x00000000c7100000, 0x00000000c7200000|  0%| F|  |TAMS 0x00000000c7100000, 0x00000000c7100000| Untracked 
| 114|0x00000000c7200000, 0x00000000c7200000, 0x00000000c7300000|  0%| F|  |TAMS 0x00000000c7200000, 0x00000000c7200000| Untracked 
| 115|0x00000000c7300000, 0x00000000c7300000, 0x00000000c7400000|  0%| F|  |TAMS 0x00000000c7300000, 0x00000000c7300000| Untracked 
| 116|0x00000000c7400000, 0x00000000c7400000, 0x00000000c7500000|  0%| F|  |TAMS 0x00000000c7400000, 0x00000000c7400000| Untracked 
| 117|0x00000000c7500000, 0x00000000c7500000, 0x00000000c7600000|  0%| F|  |TAMS 0x00000000c7500000, 0x00000000c7500000| Untracked 
| 118|0x00000000c7600000, 0x00000000c7600000, 0x00000000c7700000|  0%| F|  |TAMS 0x00000000c7600000, 0x00000000c7600000| Untracked 
| 119|0x00000000c7700000, 0x00000000c7700000, 0x00000000c7800000|  0%| F|  |TAMS 0x00000000c7700000, 0x00000000c7700000| Untracked 
| 120|0x00000000c7800000, 0x00000000c7800000, 0x00000000c7900000|  0%| F|  |TAMS 0x00000000c7800000, 0x00000000c7800000| Untracked 
| 121|0x00000000c7900000, 0x00000000c7900000, 0x00000000c7a00000|  0%| F|  |TAMS 0x00000000c7900000, 0x00000000c7900000| Untracked 
| 122|0x00000000c7a00000, 0x00000000c7a00000, 0x00000000c7b00000|  0%| F|  |TAMS 0x00000000c7a00000, 0x00000000c7a00000| Untracked 
| 123|0x00000000c7b00000, 0x00000000c7b00000, 0x00000000c7c00000|  0%| F|  |TAMS 0x00000000c7b00000, 0x00000000c7b00000| Untracked 
| 124|0x00000000c7c00000, 0x00000000c7c00000, 0x00000000c7d00000|  0%| F|  |TAMS 0x00000000c7c00000, 0x00000000c7c00000| Untracked 
| 125|0x00000000c7d00000, 0x00000000c7d00000, 0x00000000c7e00000|  0%| F|  |TAMS 0x00000000c7d00000, 0x00000000c7d00000| Untracked 
| 126|0x00000000c7e00000, 0x00000000c7e00000, 0x00000000c7f00000|  0%| F|  |TAMS 0x00000000c7e00000, 0x00000000c7e00000| Untracked 
| 127|0x00000000c7f00000, 0x00000000c7f00000, 0x00000000c8000000|  0%| F|  |TAMS 0x00000000c7f00000, 0x00000000c7f00000| Untracked 
| 226|0x00000000ce200000, 0x00000000ce200000, 0x00000000ce300000|  0%| F|  |TAMS 0x00000000ce200000, 0x00000000ce200000| Untracked 
| 227|0x00000000ce300000, 0x00000000ce400000, 0x00000000ce400000|100%| O|  |TAMS 0x00000000ce400000, 0x00000000ce300000| Untracked 
| 228|0x00000000ce400000, 0x00000000ce400000, 0x00000000ce500000|  0%| F|  |TAMS 0x00000000ce400000, 0x00000000ce400000| Untracked 
| 230|0x00000000ce600000, 0x00000000ce700000, 0x00000000ce700000|100%| O|  |TAMS 0x00000000ce700000, 0x00000000ce600000| Untracked 
| 231|0x00000000ce700000, 0x00000000ce700000, 0x00000000ce800000|  0%| F|  |TAMS 0x00000000ce700000, 0x00000000ce700000| Untracked 
| 251|0x00000000cfb00000, 0x00000000cfb060e0, 0x00000000cfc00000|  2%| E|  |TAMS 0x00000000cfb00000, 0x00000000cfb00000| Complete 

Card table byte_map: [0x00000204cfe90000,0x00000204d0090000] _byte_map_base: 0x00000204cf890000

Marking Bits (Prev, Next): (CMBitMap*) 0x00000204c9d05ae0, (CMBitMap*) 0x00000204c9d05b20
 Prev Bits: [0x00000204d0290000, 0x00000204d1290000)
 Next Bits: [0x00000204d1290000, 0x00000204d2290000)

Polling page: 0x00000204c7be0000

Metaspace:

Usage:
  Non-class:     53.03 MB used.
      Class:      7.66 MB used.
       Both:     60.69 MB used.

Virtual space:
  Non-class space:       64.00 MB reserved,      53.31 MB ( 83%) committed,  1 nodes.
      Class space:        1.00 GB reserved,       7.88 MB ( <1%) committed,  1 nodes.
             Both:        1.06 GB reserved,      61.19 MB (  6%) committed. 

Chunk freelists:
   Non-Class:  10.14 MB
       Class:  8.07 MB
        Both:  18.20 MB

MaxMetaspaceSize: unlimited
CompressedClassSpaceSize: 1.00 GB
Initial GC threshold: 21.00 MB
Current GC threshold: 101.81 MB
CDS: off
MetaspaceReclaimPolicy: balanced
 - commit_granule_bytes: 65536.
 - commit_granule_words: 8192.
 - virtual_space_node_default_size: 8388608.
 - enlarge_chunks_in_place: 1.
 - new_chunks_are_fully_committed: 0.
 - uncommit_free_chunks: 1.
 - use_allocation_guard: 0.
 - handle_deallocations: 1.


Internal statistics:

num_allocs_failed_limit: 8.
num_arena_births: 900.
num_arena_deaths: 384.
num_vsnodes_births: 2.
num_vsnodes_deaths: 0.
num_space_committed: 979.
num_space_uncommitted: 1.
num_chunks_returned_to_freelist: 473.
num_chunks_taken_from_freelist: 2986.
num_chunk_merges: 148.
num_chunk_splits: 1941.
num_chunks_enlarged: 1439.
num_inconsistent_stats: 0.

CodeCache: size=49152Kb used=20444Kb max_used=21967Kb free=28707Kb
 bounds [0x00000204cc960000, 0x00000204cdf40000, 0x00000204cf960000]
 total_blobs=11075 nmethods=10411 adapters=589
 compilation: enabled
              stopped_count=0, restarted_count=0
 full_count=0

Compilation events (20 events):
Event: 12731.905 Thread 0x00000204db8017a0 10563       1       org.antlr.v4.runtime.DefaultErrorStrategy::reportMatch (6 bytes)
Event: 12731.905 Thread 0x00000204db8017a0 nmethod 10563 0x00000204cdd1db10 code [0x00000204cdd1dca0, 0x00000204cdd1dd98]
Event: 12731.905 Thread 0x00000204db8017a0 10564       1       org.antlr.v4.runtime.CommonToken::getStartIndex (5 bytes)
Event: 12731.905 Thread 0x00000204d907acf0 nmethod 10557 0x00000204cdd1c590 code [0x00000204cdd1c880, 0x00000204cdd1d178]
Event: 12731.905 Thread 0x00000204db8017a0 nmethod 10564 0x00000204cdd1c290 code [0x00000204cdd1c420, 0x00000204cdd1c4f8]
Event: 12731.906 Thread 0x00000204db801280 nmethod 10551 0x00000204cdd1ab90 code [0x00000204cdd1ae40, 0x00000204cdd1b748]
Event: 12731.907 Thread 0x00000204db8017a0 10565       1       org.springframework.ide.vscode.commons.protocol.java.TypeDescriptorData::getSuperInterfaceNames (5 bytes)
Event: 12731.907 Thread 0x00000204d907acf0 10566       1       org.springframework.ide.vscode.commons.protocol.java.TypeDescriptorData::getSuperClassName (5 bytes)
Event: 12731.907 Thread 0x00000204db8017a0 nmethod 10565 0x00000204cdd1a890 code [0x00000204cdd1aa20, 0x00000204cdd1aaf8]
Event: 12731.907 Thread 0x00000204d907acf0 nmethod 10566 0x00000204cdd1a590 code [0x00000204cdd1a720, 0x00000204cdd1a7f8]
Event: 12731.908 Thread 0x00000204db801280 10567   !   1       org.springframework.ide.vscode.boot.metadata.types.TypeUtil::findType (49 bytes)
Event: 12731.908 Thread 0x00000204db8017a0 10568       1       org.springframework.ide.vscode.boot.metadata.types.TypeUtil::searchSuperTypes (131 bytes)
Event: 12731.908 Thread 0x00000204db8017a0 nmethod 10568 0x00000204cdd19c10 code [0x00000204cdd19e20, 0x00000204cdd1a1f8]
Event: 12731.908 Thread 0x00000204db801280 nmethod 10567 0x00000204cdd19290 code [0x00000204cdd19480, 0x00000204cdd198f8]
Event: 12731.908 Thread 0x00000204db8017a0 10569       1       org.antlr.v4.runtime.ParserRuleContext::getStart (5 bytes)
Event: 12731.908 Thread 0x00000204db8017a0 nmethod 10569 0x00000204cdd18f90 code [0x00000204cdd19120, 0x00000204cdd191f8]
Event: 12731.909 Thread 0x00000204d907acf0 10570       1       org.springframework.ide.vscode.boot.metadata.types.TypeUtil::switchInnerTypeSeparator (128 bytes)
Event: 12731.909 Thread 0x00000204db8017a0 10571   !   1       org.springframework.ide.vscode.commons.jdtls.JdtLsIndex::findType (145 bytes)
Event: 12731.909 Thread 0x00000204d907acf0 nmethod 10570 0x00000204cdd18190 code [0x00000204cdd18400, 0x00000204cdd18ae8]
Event: 12731.910 Thread 0x00000204db8017a0 nmethod 10571 0x00000204cdd15f90 code [0x00000204cdd162e0, 0x00000204cdd170c8]

GC Heap History (20 events):
Event: 12815.057 GC heap after
{Heap after GC invocations=1008 (full 957):
 garbage-first heap   total 137216K, used 42436K [0x00000000c0000000, 0x0000000100000000)
  region size 1024K, 0 young (0K), 0 survivors (0K)
 Metaspace       used 62147K, committed 62656K, reserved 1114112K
  class space    used 7846K, committed 8064K, reserved 1048576K
}
Event: 12825.160 GC heap before
{Heap before GC invocations=1008 (full 957):
 garbage-first heap   total 137216K, used 42436K [0x00000000c0000000, 0x0000000100000000)
  region size 1024K, 1 young (1024K), 0 survivors (0K)
 Metaspace       used 62147K, committed 62656K, reserved 1114112K
  class space    used 7846K, committed 8064K, reserved 1048576K
}
Event: 12825.181 GC heap after
{Heap after GC invocations=1009 (full 958):
 garbage-first heap   total 137216K, used 42436K [0x00000000c0000000, 0x0000000100000000)
  region size 1024K, 0 young (0K), 0 survivors (0K)
 Metaspace       used 62147K, committed 62656K, reserved 1114112K
  class space    used 7846K, committed 8064K, reserved 1048576K
}
Event: 12835.280 GC heap before
{Heap before GC invocations=1009 (full 958):
 garbage-first heap   total 137216K, used 42436K [0x00000000c0000000, 0x0000000100000000)
  region size 1024K, 1 young (1024K), 0 survivors (0K)
 Metaspace       used 62147K, committed 62656K, reserved 1114112K
  class space    used 7846K, committed 8064K, reserved 1048576K
}
Event: 12835.300 GC heap after
{Heap after GC invocations=1010 (full 959):
 garbage-first heap   total 137216K, used 42436K [0x00000000c0000000, 0x0000000100000000)
  region size 1024K, 0 young (0K), 0 survivors (0K)
 Metaspace       used 62147K, committed 62656K, reserved 1114112K
  class space    used 7846K, committed 8064K, reserved 1048576K
}
Event: 12915.456 GC heap before
{Heap before GC invocations=1010 (full 959):
 garbage-first heap   total 137216K, used 49604K [0x00000000c0000000, 0x0000000100000000)
  region size 1024K, 8 young (8192K), 0 survivors (0K)
 Metaspace       used 62147K, committed 62656K, reserved 1114112K
  class space    used 7846K, committed 8064K, reserved 1048576K
}
Event: 12915.475 GC heap after
{Heap after GC invocations=1011 (full 960):
 garbage-first heap   total 137216K, used 42624K [0x00000000c0000000, 0x0000000100000000)
  region size 1024K, 0 young (0K), 0 survivors (0K)
 Metaspace       used 62147K, committed 62656K, reserved 1114112K
  class space    used 7846K, committed 8064K, reserved 1048576K
}
Event: 12925.578 GC heap before
{Heap before GC invocations=1011 (full 960):
 garbage-first heap   total 137216K, used 42624K [0x00000000c0000000, 0x0000000100000000)
  region size 1024K, 1 young (1024K), 0 survivors (0K)
 Metaspace       used 62147K, committed 62656K, reserved 1114112K
  class space    used 7846K, committed 8064K, reserved 1048576K
}
Event: 12925.597 GC heap after
{Heap after GC invocations=1012 (full 961):
 garbage-first heap   total 137216K, used 42625K [0x00000000c0000000, 0x0000000100000000)
  region size 1024K, 0 young (0K), 0 survivors (0K)
 Metaspace       used 62147K, committed 62656K, reserved 1114112K
  class space    used 7846K, committed 8064K, reserved 1048576K
}
Event: 12935.691 GC heap before
{Heap before GC invocations=1012 (full 961):
 garbage-first heap   total 137216K, used 42625K [0x00000000c0000000, 0x0000000100000000)
  region size 1024K, 1 young (1024K), 0 survivors (0K)
 Metaspace       used 62147K, committed 62656K, reserved 1114112K
  class space    used 7846K, committed 8064K, reserved 1048576K
}
Event: 12935.710 GC heap after
{Heap after GC invocations=1013 (full 962):
 garbage-first heap   total 137216K, used 42625K [0x00000000c0000000, 0x0000000100000000)
  region size 1024K, 0 young (0K), 0 survivors (0K)
 Metaspace       used 62147K, committed 62656K, reserved 1114112K
  class space    used 7846K, committed 8064K, reserved 1048576K
}
Event: 12945.815 GC heap before
{Heap before GC invocations=1013 (full 962):
 garbage-first heap   total 137216K, used 42625K [0x00000000c0000000, 0x0000000100000000)
  region size 1024K, 1 young (1024K), 0 survivors (0K)
 Metaspace       used 62147K, committed 62656K, reserved 1114112K
  class space    used 7846K, committed 8064K, reserved 1048576K
}
Event: 12945.833 GC heap after
{Heap after GC invocations=1014 (full 963):
 garbage-first heap   total 137216K, used 42617K [0x00000000c0000000, 0x0000000100000000)
  region size 1024K, 0 young (0K), 0 survivors (0K)
 Metaspace       used 62147K, committed 62656K, reserved 1114112K
  class space    used 7846K, committed 8064K, reserved 1048576K
}
Event: 12955.952 GC heap before
{Heap before GC invocations=1014 (full 963):
 garbage-first heap   total 137216K, used 42617K [0x00000000c0000000, 0x0000000100000000)
  region size 1024K, 1 young (1024K), 0 survivors (0K)
 Metaspace       used 62147K, committed 62656K, reserved 1114112K
  class space    used 7846K, committed 8064K, reserved 1048576K
}
Event: 12955.971 GC heap after
{Heap after GC invocations=1015 (full 964):
 garbage-first heap   total 137216K, used 42617K [0x00000000c0000000, 0x0000000100000000)
  region size 1024K, 0 young (0K), 0 survivors (0K)
 Metaspace       used 62147K, committed 62656K, reserved 1114112K
  class space    used 7846K, committed 8064K, reserved 1048576K
}
Event: 12996.122 GC heap before
{Heap before GC invocations=1015 (full 964):
 garbage-first heap   total 137216K, used 50809K [0x00000000c0000000, 0x0000000100000000)
  region size 1024K, 9 young (9216K), 0 survivors (0K)
 Metaspace       used 62147K, committed 62656K, reserved 1114112K
  class space    used 7846K, committed 8064K, reserved 1048576K
}
Event: 12996.151 GC heap after
{Heap after GC invocations=1016 (full 965):
 garbage-first heap   total 137216K, used 42764K [0x00000000c0000000, 0x0000000100000000)
  region size 1024K, 0 young (0K), 0 survivors (0K)
 Metaspace       used 62147K, committed 62656K, reserved 1114112K
  class space    used 7846K, committed 8064K, reserved 1048576K
}
Event: 13006.251 GC heap before
{Heap before GC invocations=1016 (full 965):
 garbage-first heap   total 137216K, used 42764K [0x00000000c0000000, 0x0000000100000000)
  region size 1024K, 1 young (1024K), 0 survivors (0K)
 Metaspace       used 62147K, committed 62656K, reserved 1114112K
  class space    used 7846K, committed 8064K, reserved 1048576K
}
Event: 13006.268 GC heap after
{Heap after GC invocations=1017 (full 966):
 garbage-first heap   total 137216K, used 42764K [0x00000000c0000000, 0x0000000100000000)
  region size 1024K, 0 young (0K), 0 survivors (0K)
 Metaspace       used 62147K, committed 62656K, reserved 1114112K
  class space    used 7846K, committed 8064K, reserved 1048576K
}
Event: 13016.307 GC heap before
{Heap before GC invocations=1017 (full 966):
 garbage-first heap   total 137216K, used 42764K [0x00000000c0000000, 0x0000000100000000)
  region size 1024K, 1 young (1024K), 0 survivors (0K)
 Metaspace       used 62147K, committed 62656K, reserved 1114112K
  class space    used 7846K, committed 8064K, reserved 1048576K
}

Dll operation events (10 events):
Event: 0.012 Loaded shared library c:\Users\itwill\.vscode\extensions\redhat.java-1.35.1-win32-x64\jre\17.0.12-win32-x86_64\bin\java.dll
Event: 0.090 Loaded shared library C:\Users\itwill\.vscode\extensions\redhat.java-1.35.1-win32-x64\jre\17.0.12-win32-x86_64\bin\net.dll
Event: 0.092 Loaded shared library C:\Users\itwill\.vscode\extensions\redhat.java-1.35.1-win32-x64\jre\17.0.12-win32-x86_64\bin\nio.dll
Event: 0.098 Loaded shared library C:\Users\itwill\.vscode\extensions\redhat.java-1.35.1-win32-x64\jre\17.0.12-win32-x86_64\bin\zip.dll
Event: 1.825 Loaded shared library C:\Users\itwill\.vscode\extensions\redhat.java-1.35.1-win32-x64\jre\17.0.12-win32-x86_64\bin\jimage.dll
Event: 2.344 Loaded shared library c:\Users\itwill\.vscode\extensions\redhat.java-1.35.1-win32-x64\jre\17.0.12-win32-x86_64\bin\verify.dll
Event: 3.114 Loaded shared library C:\Users\itwill\.vscode\extensions\redhat.java-1.35.1-win32-x64\jre\17.0.12-win32-x86_64\bin\management.dll
Event: 3.115 Loaded shared library C:\Users\itwill\.vscode\extensions\redhat.java-1.35.1-win32-x64\jre\17.0.12-win32-x86_64\bin\management_ext.dll
Event: 3.874 Loaded shared library C:\Users\itwill\.vscode\extensions\redhat.java-1.35.1-win32-x64\jre\17.0.12-win32-x86_64\bin\sunmscapi.dll
Event: 3.895 Loaded shared library C:\Users\itwill\.vscode\extensions\redhat.java-1.35.1-win32-x64\jre\17.0.12-win32-x86_64\bin\extnet.dll

Deoptimization events (20 events):
Event: 3.770 Thread 0x00000204db162090 DEOPT PACKING pc=0x00000204cd037b24 sp=0x0000004955bff130
Event: 3.770 Thread 0x00000204db162090 DEOPT UNPACKING pc=0x00000204cc9b7143 sp=0x0000004955bfe618 mode 0
Event: 3.824 Thread 0x00000204db166c80 DEOPT PACKING pc=0x00000204ccdfb30c sp=0x00000049563fac70
Event: 3.824 Thread 0x00000204db166c80 DEOPT UNPACKING pc=0x00000204cc9b7143 sp=0x00000049563fa138 mode 0
Event: 3.980 Thread 0x00000204db1680c0 DEOPT PACKING pc=0x00000204cd3e938c sp=0x00000049556fe6d0
Event: 3.980 Thread 0x00000204db1680c0 DEOPT UNPACKING pc=0x00000204cc9b7143 sp=0x00000049556fdc50 mode 0
Event: 3.980 Thread 0x00000204db1680c0 DEOPT PACKING pc=0x00000204cd3e938c sp=0x00000049556fe930
Event: 3.980 Thread 0x00000204db1680c0 DEOPT UNPACKING pc=0x00000204cc9b7143 sp=0x00000049556fdeb0 mode 0
Event: 3.982 Thread 0x00000204db1680c0 DEOPT PACKING pc=0x00000204cd3e938c sp=0x00000049556fedb0
Event: 3.982 Thread 0x00000204db1680c0 DEOPT UNPACKING pc=0x00000204cc9b7143 sp=0x00000049556fe330 mode 0
Event: 81.213 Thread 0x00000204da71d390 DEOPT PACKING pc=0x00000204cd54d9d4 sp=0x0000004954efed40
Event: 81.213 Thread 0x00000204da71d390 DEOPT UNPACKING pc=0x00000204cc9b7143 sp=0x0000004954efe1e8 mode 0
Event: 1956.738 Thread 0x00000204d927eb60 DEOPT PACKING pc=0x00000204ccb71684 sp=0x00000049535fd830
Event: 1956.738 Thread 0x00000204d927eb60 DEOPT UNPACKING pc=0x00000204cc9b7143 sp=0x00000049535fcca8 mode 0
Event: 6451.428 Thread 0x00000204d927e650 DEOPT PACKING pc=0x00000204cd37cfd4 sp=0x00000049534fda00
Event: 6451.428 Thread 0x00000204d927e650 DEOPT UNPACKING pc=0x00000204cc9b7143 sp=0x00000049534fced0 mode 0
Event: 6452.215 Thread 0x00000204d927cd00 DEOPT PACKING pc=0x00000204ccaa69b4 sp=0x00000049523fe130
Event: 6452.215 Thread 0x00000204d927cd00 DEOPT UNPACKING pc=0x00000204cc9b7143 sp=0x00000049523fd680 mode 0
Event: 7765.579 Thread 0x00000204d927bdd0 DEOPT PACKING pc=0x00000204cd2994a6 sp=0x00000049523fdeb0
Event: 7765.579 Thread 0x00000204d927bdd0 DEOPT UNPACKING pc=0x00000204cc9b7143 sp=0x00000049523fd438 mode 0

Classes loaded (20 events):
Event: 1023.925 Loading class java/text/BreakIterator$BreakIteratorCache
Event: 1023.925 Loading class java/text/BreakIterator$BreakIteratorCache done
Event: 1023.925 Loading class java/text/StringCharacterIterator
Event: 1023.925 Loading class java/text/CharacterIterator
Event: 1023.925 Loading class java/text/CharacterIterator done
Event: 1023.925 Loading class java/text/StringCharacterIterator done
Event: 1023.981 Loading class java/util/EmptyStackException
Event: 1023.981 Loading class java/util/EmptyStackException done
Event: 1023.983 Loading class java/io/InvalidClassException
Event: 1023.984 Loading class java/io/InvalidClassException done
Event: 1024.003 Loading class java/util/regex/Pattern$1
Event: 1024.003 Loading class java/util/regex/Pattern$1 done
Event: 7531.597 Loading class java/util/Spliterators$IntArraySpliterator
Event: 7531.597 Loading class java/util/Spliterators$IntArraySpliterator done
Event: 7531.597 Loading class java/util/stream/Nodes$IntSpinedNodeBuilder
Event: 7531.597 Loading class java/util/stream/SpinedBuffer$OfInt
Event: 7531.597 Loading class java/util/stream/SpinedBuffer$OfPrimitive
Event: 7531.597 Loading class java/util/stream/SpinedBuffer$OfPrimitive done
Event: 7531.597 Loading class java/util/stream/SpinedBuffer$OfInt done
Event: 7531.598 Loading class java/util/stream/Nodes$IntSpinedNodeBuilder done

Classes unloaded (20 events):
Event: 6635.987 Thread 0x00000204d4f2d1e0 Unloading class 0x00000001007ed800 'jdk/internal/reflect/GeneratedMethodAccessor30'
Event: 6635.987 Thread 0x00000204d4f2d1e0 Unloading class 0x00000001007ed400 'jdk/internal/reflect/GeneratedMethodAccessor29'
Event: 8275.961 Thread 0x00000204d4f2d1e0 Unloading class 0x00000001007f3400 'java/lang/invoke/LambdaForm$MH+0x00000001007f3400'
Event: 8275.961 Thread 0x00000204d4f2d1e0 Unloading class 0x00000001007f3000 'java/lang/invoke/LambdaForm$MH+0x00000001007f3000'
Event: 8275.961 Thread 0x00000204d4f2d1e0 Unloading class 0x00000001007f2c00 'java/lang/invoke/LambdaForm$MH+0x00000001007f2c00'
Event: 8275.961 Thread 0x00000204d4f2d1e0 Unloading class 0x00000001007f2800 'java/lang/invoke/LambdaForm$MH+0x00000001007f2800'
Event: 8326.538 Thread 0x00000204d4f2d1e0 Unloading class 0x00000001007f1c00 'jdk/internal/reflect/GeneratedConstructorAccessor75'
Event: 8326.538 Thread 0x00000204d4f2d1e0 Unloading class 0x00000001007f1800 'jdk/internal/reflect/GeneratedMethodAccessor43'
Event: 8326.538 Thread 0x00000204d4f2d1e0 Unloading class 0x00000001007f1400 'jdk/internal/reflect/GeneratedConstructorAccessor74'
Event: 8326.538 Thread 0x00000204d4f2d1e0 Unloading class 0x00000001007f1000 'jdk/internal/reflect/GeneratedConstructorAccessor73'
Event: 8326.538 Thread 0x00000204d4f2d1e0 Unloading class 0x00000001007f0c00 'jdk/internal/reflect/GeneratedConstructorAccessor72'
Event: 8326.538 Thread 0x00000204d4f2d1e0 Unloading class 0x00000001007f0800 'jdk/internal/reflect/GeneratedConstructorAccessor71'
Event: 8326.538 Thread 0x00000204d4f2d1e0 Unloading class 0x00000001007ee800 'jdk/internal/reflect/GeneratedConstructorAccessor66'
Event: 8326.538 Thread 0x00000204d4f2d1e0 Unloading class 0x00000001007ee400 'jdk/internal/reflect/GeneratedMethodAccessor39'
Event: 8326.538 Thread 0x00000204d4f2d1e0 Unloading class 0x00000001007ee000 'jdk/internal/reflect/GeneratedConstructorAccessor65'
Event: 8326.538 Thread 0x00000204d4f2d1e0 Unloading class 0x00000001007ecc00 'jdk/internal/reflect/GeneratedMethodAccessor38'
Event: 8326.538 Thread 0x00000204d4f2d1e0 Unloading class 0x00000001007ec800 'jdk/internal/reflect/GeneratedConstructorAccessor64'
Event: 8326.538 Thread 0x00000204d4f2d1e0 Unloading class 0x00000001007edc00 'jdk/internal/reflect/GeneratedMethodAccessor37'
Event: 8326.538 Thread 0x00000204d4f2d1e0 Unloading class 0x00000001007ed800 'jdk/internal/reflect/GeneratedMethodAccessor36'
Event: 8326.538 Thread 0x00000204d4f2d1e0 Unloading class 0x00000001007ed400 'jdk/internal/reflect/GeneratedMethodAccessor35'

Classes redefined (0 events):
No events

Internal exceptions (20 events):
Event: 1914.579 Thread 0x00000204db163ef0 Exception <a 'sun/nio/fs/WindowsException'{0x00000000cfb0d7a0}> (0x00000000cfb0d7a0) 
thrown [s\src\hotspot\share\prims\jni.cpp, line 516]
Event: 1914.579 Thread 0x00000204db163ef0 Exception <a 'sun/nio/fs/WindowsException'{0x00000000cfb0de00}> (0x00000000cfb0de00) 
thrown [s\src\hotspot\share\prims\jni.cpp, line 516]
Event: 2443.405 Thread 0x00000204db163ef0 Exception <a 'sun/nio/fs/WindowsException'{0x00000000ce38a278}> (0x00000000ce38a278) 
thrown [s\src\hotspot\share\prims\jni.cpp, line 516]
Event: 2443.405 Thread 0x00000204db163ef0 Exception <a 'sun/nio/fs/WindowsException'{0x00000000ce38a8d8}> (0x00000000ce38a8d8) 
thrown [s\src\hotspot\share\prims\jni.cpp, line 516]
Event: 6394.930 Thread 0x00000204db163ef0 Exception <a 'sun/nio/fs/WindowsException'{0x00000000ce303078}> (0x00000000ce303078) 
thrown [s\src\hotspot\share\prims\jni.cpp, line 516]
Event: 6394.930 Thread 0x00000204db163ef0 Exception <a 'sun/nio/fs/WindowsException'{0x00000000ce3036e8}> (0x00000000ce3036e8) 
thrown [s\src\hotspot\share\prims\jni.cpp, line 516]
Event: 7884.789 Thread 0x00000204d927b3b0 Exception <a 'java/lang/NullPointerException'{0x00000000c4f78e08}> (0x00000000c4f78e08) 
thrown [s\src\hotspot\share\interpreter\linkResolver.cpp, line 1350]
Event: 7884.822 Thread 0x00000204d927b3b0 Exception <a 'java/lang/NullPointerException'{0x00000000c4f7fdf8}> (0x00000000c4f7fdf8) 
thrown [s\src\hotspot\share\interpreter\linkResolver.cpp, line 1350]
Event: 7884.856 Thread 0x00000204d927b3b0 Exception <a 'java/lang/NullPointerException'{0x00000000c4f86be8}> (0x00000000c4f86be8) 
thrown [s\src\hotspot\share\interpreter\linkResolver.cpp, line 1350]
Event: 7885.784 Thread 0x00000204d927b3b0 Exception <a 'java/lang/NullPointerException'{0x00000000c4f95d60}> (0x00000000c4f95d60) 
thrown [s\src\hotspot\share\interpreter\linkResolver.cpp, line 1350]
Event: 7990.458 Thread 0x00000204db163ef0 Exception <a 'sun/nio/fs/WindowsException'{0x00000000ce36aea8}> (0x00000000ce36aea8) 
thrown [s\src\hotspot\share\prims\jni.cpp, line 516]
Event: 7990.458 Thread 0x00000204db163ef0 Exception <a 'sun/nio/fs/WindowsException'{0x00000000ce36b4f8}> (0x00000000ce36b4f8) 
thrown [s\src\hotspot\share\prims\jni.cpp, line 516]
Event: 9764.513 Thread 0x00000204db163ef0 Exception <a 'sun/nio/fs/WindowsException'{0x00000000c7e83928}> (0x00000000c7e83928) 
thrown [s\src\hotspot\share\prims\jni.cpp, line 516]
Event: 9764.513 Thread 0x00000204db163ef0 Exception <a 'sun/nio/fs/WindowsException'{0x00000000c7e83fe0}> (0x00000000c7e83fe0) 
thrown [s\src\hotspot\share\prims\jni.cpp, line 516]
Event: 10054.307 Thread 0x00000204db163ef0 Exception <a 'sun/nio/fs/WindowsException'{0x00000000c7d8ef30}> (0x00000000c7d8ef30) 
thrown [s\src\hotspot\share\prims\jni.cpp, line 516]
Event: 10054.307 Thread 0x00000204db163ef0 Exception <a 'sun/nio/fs/WindowsException'{0x00000000c7d8f580}> (0x00000000c7d8f580) 
thrown [s\src\hotspot\share\prims\jni.cpp, line 516]
Event: 10135.027 Thread 0x00000204db163ef0 Exception <a 'sun/nio/fs/WindowsException'{0x00000000cfb09558}> (0x00000000cfb09558) 
thrown [s\src\hotspot\share\prims\jni.cpp, line 516]
Event: 10135.027 Thread 0x00000204db163ef0 Exception <a 'sun/nio/fs/WindowsException'{0x00000000cfb09ba8}> (0x00000000cfb09ba8) 
thrown [s\src\hotspot\share\prims\jni.cpp, line 516]
Event: 11993.402 Thread 0x00000204db163ef0 Exception <a 'sun/nio/fs/WindowsException'{0x00000000cfb8f2e8}> (0x00000000cfb8f2e8) 
thrown [s\src\hotspot\share\prims\jni.cpp, line 516]
Event: 11993.402 Thread 0x00000204db163ef0 Exception <a 'sun/nio/fs/WindowsException'{0x00000000cfb8f9a0}> (0x00000000cfb8f9a0) 
thrown [s\src\hotspot\share\prims\jni.cpp, line 516]

VM Operations (20 events):
Event: 12835.300 Executing VM operation: G1CollectFull done
Event: 12866.945 Executing VM operation: HandshakeAllThreads
Event: 12866.945 Executing VM operation: HandshakeAllThreads done
Event: 12915.456 Executing VM operation: G1CollectFull
Event: 12915.475 Executing VM operation: G1CollectFull done
Event: 12925.578 Executing VM operation: G1CollectFull
Event: 12925.597 Executing VM operation: G1CollectFull done
Event: 12935.691 Executing VM operation: G1CollectFull
Event: 12935.710 Executing VM operation: G1CollectFull done
Event: 12945.815 Executing VM operation: G1CollectFull
Event: 12945.833 Executing VM operation: G1CollectFull done
Event: 12955.952 Executing VM operation: G1CollectFull
Event: 12955.971 Executing VM operation: G1CollectFull done
Event: 12987.103 Executing VM operation: HandshakeAllThreads
Event: 12987.103 Executing VM operation: HandshakeAllThreads done
Event: 12996.122 Executing VM operation: G1CollectFull
Event: 12996.151 Executing VM operation: G1CollectFull done
Event: 13006.251 Executing VM operation: G1CollectFull
Event: 13006.268 Executing VM operation: G1CollectFull done
Event: 13016.307 Executing VM operation: G1CollectFull

Events (20 events):
Event: 12731.905 Thread 0x00000204db801280 Thread added: 0x00000204db801280
Event: 12731.905 Thread 0x00000204db8017a0 Thread added: 0x00000204db8017a0
Event: 12736.918 Thread 0x00000204db8017a0 Thread exited: 0x00000204db8017a0
Event: 12741.925 Thread 0x00000204db801280 Thread exited: 0x00000204db801280
Event: 12791.408 Thread 0x00000204d927c2e0 Thread exited: 0x00000204d927c2e0
Event: 12792.171 Thread 0x00000204d927fa90 Thread exited: 0x00000204d927fa90
Event: 12792.171 Thread 0x00000204d927d720 Thread exited: 0x00000204d927d720
Event: 12835.931 Thread 0x00000204d927bdd0 Thread added: 0x00000204d927bdd0
Event: 12835.932 Thread 0x00000204d9279f70 Thread added: 0x00000204d9279f70
Event: 12837.666 Thread 0x00000204d927b8c0 Thread added: 0x00000204d927b8c0
Event: 12862.341 Thread 0x00000204d927ffa0 Thread added: 0x00000204d927ffa0
Event: 12899.435 Thread 0x00000204d927b8c0 Thread exited: 0x00000204d927b8c0
Event: 12900.162 Thread 0x00000204d927bdd0 Thread exited: 0x00000204d927bdd0
Event: 12902.514 Thread 0x00000204d9279f70 Thread exited: 0x00000204d9279f70
Event: 12936.532 Thread 0x00000204d927ffa0 Thread exited: 0x00000204d927ffa0
Event: 12962.787 Thread 0x00000204d927fa90 Thread added: 0x00000204d927fa90
Event: 12964.517 Thread 0x00000204d927ffa0 Thread added: 0x00000204d927ffa0
Event: 12964.517 Thread 0x00000204d927cd00 Thread added: 0x00000204d927cd00
Event: 12964.518 Thread 0x00000204d927c7f0 Thread added: 0x00000204d927c7f0
Event: 12964.777 Thread 0x00000204d927e650 Thread added: 0x00000204d927e650


Dynamic libraries:
0x00007ff7f30d0000 - 0x00007ff7f30de000 	c:\Users\itwill\.vscode\extensions\redhat.java-1.35.1-win32-x64\jre\17.0.12-win32-x86_64\bin\java.exe
0x00007ffed9590000 - 0x00007ffed97a7000 	C:\Windows\SYSTEM32\ntdll.dll
0x00007ffed87d0000 - 0x00007ffed8894000 	C:\Windows\System32\KERNEL32.DLL
0x00007ffed6a40000 - 0x00007ffed6df7000 	C:\Windows\System32\KERNELBASE.dll
0x00007ffed6e80000 - 0x00007ffed6f91000 	C:\Windows\System32\ucrtbase.dll
0x00007ffe7d470000 - 0x00007ffe7d48b000 	c:\Users\itwill\.vscode\extensions\redhat.java-1.35.1-win32-x64\jre\17.0.12-win32-x86_64\bin\VCRUNTIME140.dll
0x00007ffe7d490000 - 0x00007ffe7d4a7000 	c:\Users\itwill\.vscode\extensions\redhat.java-1.35.1-win32-x64\jre\17.0.12-win32-x86_64\bin\jli.dll
0x00007ffed83d0000 - 0x00007ffed857f000 	C:\Windows\System32\USER32.dll
0x00007ffed7220000 - 0x00007ffed7246000 	C:\Windows\System32\win32u.dll
0x00007ffed82e0000 - 0x00007ffed8309000 	C:\Windows\System32\GDI32.dll
0x00007ffed7100000 - 0x00007ffed7218000 	C:\Windows\System32\gdi32full.dll
0x00007ffed7060000 - 0x00007ffed70fa000 	C:\Windows\System32\msvcp_win.dll
0x00007ffeb2360000 - 0x00007ffeb25f3000 	C:\Windows\WinSxS\amd64_microsoft.windows.common-controls_6595b64144ccf1df_6.0.22621.3672_none_2713b9d173822955\COMCTL32.dll
0x00007ffed8d30000 - 0x00007ffed8dd7000 	C:\Windows\System32\msvcrt.dll
0x00007ffed8f80000 - 0x00007ffed8fb1000 	C:\Windows\System32\IMM32.DLL
0x00007ffec98c0000 - 0x00007ffec98cc000 	c:\Users\itwill\.vscode\extensions\redhat.java-1.35.1-win32-x64\jre\17.0.12-win32-x86_64\bin\vcruntime140_1.dll
0x00007ffe77a20000 - 0x00007ffe77aad000 	c:\Users\itwill\.vscode\extensions\redhat.java-1.35.1-win32-x64\jre\17.0.12-win32-x86_64\bin\msvcp140.dll
0x00007ffe419a0000 - 0x00007ffe4260a000 	c:\Users\itwill\.vscode\extensions\redhat.java-1.35.1-win32-x64\jre\17.0.12-win32-x86_64\bin\server\jvm.dll
0x00007ffed8310000 - 0x00007ffed83c2000 	C:\Windows\System32\ADVAPI32.dll
0x00007ffed72c0000 - 0x00007ffed7368000 	C:\Windows\System32\sechost.dll
0x00007ffed6a10000 - 0x00007ffed6a38000 	C:\Windows\System32\bcrypt.dll
0x00007ffed7d00000 - 0x00007ffed7e14000 	C:\Windows\System32\RPCRT4.dll
0x00007ffed8f00000 - 0x00007ffed8f71000 	C:\Windows\System32\WS2_32.dll
0x00007ffed5750000 - 0x00007ffed579d000 	C:\Windows\SYSTEM32\POWRPROF.dll
0x00007ffec5a30000 - 0x00007ffec5a64000 	C:\Windows\SYSTEM32\WINMM.dll
0x00007ffec5cc0000 - 0x00007ffec5cca000 	C:\Windows\SYSTEM32\VERSION.dll
0x00007ffed5730000 - 0x00007ffed5743000 	C:\Windows\SYSTEM32\UMPDC.dll
0x00007ffed5940000 - 0x00007ffed5958000 	C:\Windows\SYSTEM32\kernel.appcore.dll
0x00007ffec9820000 - 0x00007ffec982a000 	c:\Users\itwill\.vscode\extensions\redhat.java-1.35.1-win32-x64\jre\17.0.12-win32-x86_64\bin\jimage.dll
0x00007ffec4fb0000 - 0x00007ffec51e2000 	C:\Windows\SYSTEM32\DBGHELP.DLL
0x00007ffed7e20000 - 0x00007ffed81ae000 	C:\Windows\System32\combase.dll
0x00007ffed88b0000 - 0x00007ffed8987000 	C:\Windows\System32\OLEAUT32.dll
0x00007ffec4e20000 - 0x00007ffec4e52000 	C:\Windows\SYSTEM32\dbgcore.DLL
0x00007ffed6e00000 - 0x00007ffed6e7b000 	C:\Windows\System32\bcryptPrimitives.dll
0x00007ffe7d0f0000 - 0x00007ffe7d115000 	c:\Users\itwill\.vscode\extensions\redhat.java-1.35.1-win32-x64\jre\17.0.12-win32-x86_64\bin\java.dll
0x00007ffe7d090000 - 0x00007ffe7d0a8000 	c:\Users\itwill\.vscode\extensions\redhat.java-1.35.1-win32-x64\jre\17.0.12-win32-x86_64\bin\zip.dll
0x00007ffed7370000 - 0x00007ffed7bd9000 	C:\Windows\System32\SHELL32.dll
0x00007ffed4820000 - 0x00007ffed511f000 	C:\Windows\SYSTEM32\windows.storage.dll
0x00007ffed46e0000 - 0x00007ffed481f000 	C:\Windows\SYSTEM32\wintypes.dll
0x00007ffed8e00000 - 0x00007ffed8ef9000 	C:\Windows\System32\SHCORE.dll
0x00007ffed8280000 - 0x00007ffed82de000 	C:\Windows\System32\shlwapi.dll
0x00007ffed67d0000 - 0x00007ffed67f7000 	C:\Windows\SYSTEM32\profapi.dll
0x00007ffe78ed0000 - 0x00007ffe78ee9000 	C:\Users\itwill\.vscode\extensions\redhat.java-1.35.1-win32-x64\jre\17.0.12-win32-x86_64\bin\net.dll
0x00007ffed15d0000 - 0x00007ffed1706000 	C:\Windows\SYSTEM32\WINHTTP.dll
0x00007ffed5e50000 - 0x00007ffed5eb9000 	C:\Windows\system32\mswsock.dll
0x00007ffe78eb0000 - 0x00007ffe78ec6000 	C:\Users\itwill\.vscode\extensions\redhat.java-1.35.1-win32-x64\jre\17.0.12-win32-x86_64\bin\nio.dll
0x00007ffec9320000 - 0x00007ffec9330000 	c:\Users\itwill\.vscode\extensions\redhat.java-1.35.1-win32-x64\jre\17.0.12-win32-x86_64\bin\verify.dll
0x00007ffed60b0000 - 0x00007ffed60cb000 	C:\Windows\SYSTEM32\CRYPTSP.dll
0x00007ffed5960000 - 0x00007ffed5995000 	C:\Windows\system32\rsaenh.dll
0x00007ffed5f40000 - 0x00007ffed5f68000 	C:\Windows\SYSTEM32\USERENV.dll
0x00007ffed60a0000 - 0x00007ffed60ac000 	C:\Windows\SYSTEM32\CRYPTBASE.dll
0x00007ffed53f0000 - 0x00007ffed541d000 	C:\Windows\SYSTEM32\IPHLPAPI.DLL
0x00007ffed88a0000 - 0x00007ffed88a9000 	C:\Windows\System32\NSI.dll
0x00007ffed1430000 - 0x00007ffed1449000 	C:\Windows\SYSTEM32\dhcpcsvc6.DLL
0x00007ffed1410000 - 0x00007ffed142f000 	C:\Windows\SYSTEM32\dhcpcsvc.DLL
0x00007ffed5460000 - 0x00007ffed5562000 	C:\Windows\SYSTEM32\DNSAPI.dll
0x00007ffec77b0000 - 0x00007ffec77b9000 	C:\Users\itwill\.vscode\extensions\redhat.java-1.35.1-win32-x64\jre\17.0.12-win32-x86_64\bin\management.dll
0x00007ffec4dc0000 - 0x00007ffec4dcb000 	C:\Users\itwill\.vscode\extensions\redhat.java-1.35.1-win32-x64\jre\17.0.12-win32-x86_64\bin\management_ext.dll
0x00007ffed9490000 - 0x00007ffed9498000 	C:\Windows\System32\PSAPI.DLL
0x00007ffeb8110000 - 0x00007ffeb811e000 	C:\Users\itwill\.vscode\extensions\redhat.java-1.35.1-win32-x64\jre\17.0.12-win32-x86_64\bin\sunmscapi.dll
0x00007ffed68a0000 - 0x00007ffed6a06000 	C:\Windows\System32\CRYPT32.dll
0x00007ffed6260000 - 0x00007ffed628d000 	C:\Windows\SYSTEM32\ncrypt.dll
0x00007ffed6220000 - 0x00007ffed6257000 	C:\Windows\SYSTEM32\NTASN1.dll
0x00007ffeb7e40000 - 0x00007ffeb7e48000 	C:\Windows\system32\wshunix.dll
0x00007ffeb8090000 - 0x00007ffeb8099000 	C:\Users\itwill\.vscode\extensions\redhat.java-1.35.1-win32-x64\jre\17.0.12-win32-x86_64\bin\extnet.dll
0x00007ffec6ab0000 - 0x00007ffec6aba000 	C:\Windows\System32\rasadhlp.dll
0x00007ffed0b90000 - 0x00007ffed0c13000 	C:\Windows\System32\fwpuclnt.dll

dbghelp: loaded successfully - version: 4.0.5 - missing functions: none
symbol engine: initialized successfully - sym options: 0x614 - pdb path: .;c:\Users\itwill\.vscode\extensions\redhat.java-1.35.1-win32-x64\jre\17.0.12-win32-x86_64\bin;C:\Windows\SYSTEM32;C:\Windows\WinSxS\amd64_microsoft.windows.common-controls_6595b64144ccf1df_6.0.22621.3672_none_2713b9d173822955;c:\Users\itwill\.vscode\extensions\redhat.java-1.35.1-win32-x64\jre\17.0.12-win32-x86_64\bin\server

VM Arguments:
jvm_args: -Xmx1024m -Dsts.lsp.client=vscode -Dsts.log.file=/dev/null -XX:TieredStopAtLevel=1 -Xlog:jni+resolve=off 
java_command: c:\Users\itwill\.vscode\extensions\vmware.vscode-spring-boot-1.57.0\language-server\spring-boot-language-server-1.57.0-SNAPSHOT-exec.jar
java_class_path (initial): c:\Users\itwill\.vscode\extensions\vmware.vscode-spring-boot-1.57.0\language-server\spring-boot-language-server-1.57.0-SNAPSHOT-exec.jar
Launcher Type: SUN_STANDARD

[Global flags]
     intx CICompilerCount                          = 4                                         {product} {ergonomic}
     uint ConcGCThreads                            = 3                                         {product} {ergonomic}
     uint G1ConcRefinementThreads                  = 10                                        {product} {ergonomic}
   size_t G1HeapRegionSize                         = 1048576                                   {product} {ergonomic}
    uintx GCDrainStackTargetSize                   = 64                                        {product} {ergonomic}
   size_t InitialHeapSize                          = 264241152                                 {product} {ergonomic}
   size_t MarkStackSize                            = 4194304                                   {product} {ergonomic}
   size_t MaxHeapSize                              = 1073741824                                {product} {command line}
   size_t MaxNewSize                               = 643825664                                 {product} {ergonomic}
   size_t MinHeapDeltaBytes                        = 1048576                                   {product} {ergonomic}
   size_t MinHeapSize                              = 8388608                                   {product} {ergonomic}
    uintx NonProfiledCodeHeapSize                  = 0                                      {pd product} {ergonomic}
     bool ProfileInterpreter                       = false                                  {pd product} {command line}
    uintx ProfiledCodeHeapSize                     = 0                                      {pd product} {ergonomic}
   size_t SoftMaxHeapSize                          = 1073741824                             {manageable} {ergonomic}
     intx TieredStopAtLevel                        = 1                                         {product} {command line}
     bool UseCompressedClassPointers               = true                           {product lp64_product} {ergonomic}
     bool UseCompressedOops                        = true                           {product lp64_product} {ergonomic}
     bool UseG1GC                                  = true                                      {product} {ergonomic}
     bool UseLargePagesIndividualAllocation        = false                                  {pd product} {ergonomic}

Logging:
Log output configuration:
 #0: stdout all=warning,jni+resolve=off uptime,level,tags
 #1: stderr all=off uptime,level,tags

Environment Variables:
JAVA_HOME=C:\Program Files\Java\jdk-1.8
PATH=C:\oraclexe\app\oracle\product\11.2.0\server\bin;C:\Program Files (x86)\Common Files\Oracle\Java\javapath;C:\Windows\system32;C:\Windows;C:\Windows\System32\Wbem;C:\Windows\System32\WindowsPowerShell\v1.0\;C:\Windows\System32\OpenSSH\;C:\Program Files\Java\jdk-1.8\bin;C:\Program Files\nodejs\;C:\Program Files\MongoDB\Server\5.0\bin;C:\Program Files\Git\cmd;C:\Users\itwill\AppData\Local\Microsoft\WindowsApps;C:\Users\itwill\AppData\Roaming\npm
USERNAME=itwill
OS=Windows_NT
PROCESSOR_IDENTIFIER=Intel64 Family 6 Model 151 Stepping 2, GenuineIntel
TMP=C:\Users\itwill\AppData\Local\Temp
TEMP=C:\Users\itwill\AppData\Local\Temp



Periodic native trim disabled


---------------  S Y S T E M  ---------------

OS:
 Windows 11 , 64 bit Build 22621 (10.0.22621.3958)
OS uptime: 2 days 6:50 hours

CPU: total 12 (initial active 12) (6 cores per cpu, 2 threads per core) family 6 model 151 stepping 2 microcode 0x1e, cx8, cmov, fxsr, ht, mmx, 3dnowpref, sse, sse2, sse3, ssse3, sse4.1, sse4.2, popcnt, lzcnt, tsc, tscinvbit, avx, avx2, aes, erms, clmul, bmi1, bmi2, adx, sha, fma, vzeroupper, clflush, clflushopt, clwb
Processor Information for all 12 processors :
  Max Mhz: 2500, Current Mhz: 2500, Mhz Limit: 2500

Memory: 4k page, system-wide physical 16099M (3383M free)
TotalPageFile size 46513M (AvailPageFile size 11M)
current process WorkingSet (physical memory assigned to process): 246M, peak: 287M
current process commit charge ("private bytes"): 324M, peak: 369M

vm_info: OpenJDK 64-Bit Server VM (17.0.12+7) for windows-amd64 JRE (17.0.12+7), built on Jul 16 2024 22:08:24 by "admin" with MS VC++ 16.10 / 16.11 (VS2019)

END.
