#
# There is insufficient memory for the Java Runtime Environment to continue.
# Native memory allocation (malloc) failed to allocate 76496 bytes. Error detail: Chunk::new
# Possible reasons:
#   The system is out of physical RAM or swap space
#   This process is running with CompressedOops enabled, and the Java Heap may be blocking the growth of the native heap
# Possible solutions:
#   Reduce memory load on the system
#   Increase physical memory or swap space
#   Check if swap backing store is full
#   Decrease Java heap size (-Xmx/-Xms)
#   Decrease number of Java threads
#   Decrease Java thread stack sizes (-Xss)
#   Set larger code cache with -XX:ReservedCodeCacheSize=
#   JVM is running with Unscaled Compressed Oops mode in which the Java heap is
#     placed in the first 4GB address space. The Java Heap base address is the
#     maximum limit for the native heap growth. Please use -XX:HeapBaseMinAddress
#     to set the Java Heap base and to place the Java Heap above 4GB virtual address.
# This output file may be truncated or incomplete.
#
#  Out of Memory Error (arena.cpp:191), pid=145784, tid=33440
#
# JRE version: OpenJDK Runtime Environment Temurin-17.0.12+7 (17.0.12+7) (build 17.0.12+7)
# Java VM: OpenJDK 64-Bit Server VM Temurin-17.0.12+7 (17.0.12+7, mixed mode, tiered, compressed oops, compressed class ptrs, parallel gc, windows-amd64)
# No core dump will be written. Minidumps are not enabled by default on client versions of Windows
#

---------------  S U M M A R Y ------------

Command Line: --add-modules=ALL-SYSTEM --add-opens=java.base/java.util=ALL-UNNAMED --add-opens=java.base/java.lang=ALL-UNNAMED --add-opens=java.base/sun.nio.fs=ALL-UNNAMED -Declipse.application=org.eclipse.jdt.ls.core.id1 -Dosgi.bundles.defaultStartLevel=4 -Declipse.product=org.eclipse.jdt.ls.core.product -Djava.import.generatesMetadataFilesAtProjectRoot=false -DDetectVMInstallationsJob.disabled=true -Dfile.encoding=utf8 -XX:+UseParallelGC -XX:GCTimeRatio=4 -XX:AdaptiveSizePolicyWeight=90 -Dsun.zip.disableMemoryMapping=true -Xmx1G -Xms100m -Xlog:disable -javaagent:c:\Users\itwill\.vscode\extensions\redhat.java-1.35.1-win32-x64\lombok\lombok-1.18.33.jar c:\Users\itwill\.vscode\extensions\redhat.java-1.35.1-win32-x64\server\plugins\org.eclipse.equinox.launcher_1.6.900.v20240613-2009.jar -configuration c:\Users\itwill\AppData\Roaming\Code\User\globalStorage\redhat.java\1.35.1\config_ss_win -data c:\Users\itwill\AppData\Roaming\Code\User\workspaceStorage\7d2a5cd38aa2d00f32d639ecbf84f81d\redhat.java\ss_ws --pipe=\\.\pipe\lsp-047fd5c55c9e08e7be929ad63e09fe37-sock

Host: 12th Gen Intel(R) Core(TM) i5-12400, 12 cores, 15G,  Windows 11 , 64 bit Build 22621 (10.0.22621.3958)
Time: Wed Oct 16 15:08:40 2024  Windows 11 , 64 bit Build 22621 (10.0.22621.3958) elapsed time: 15.077131 seconds (0d 0h 0m 15s)

---------------  T H R E A D  ---------------

Current thread (0x000001ae98d93e50):  JavaThread "C2 CompilerThread0" daemon [_thread_in_native, id=33440, stack(0x0000000692600000,0x0000000692700000)]


Current CompileTask:
C2:  15077 3529       4       org.eclipse.core.internal.dtree.DataTreeWriter::writeNumber (47 bytes)

Stack: [0x0000000692600000,0x0000000692700000]
Native frames: (J=compiled Java code, j=interpreted, Vv=VM code, C=native code)
V  [jvm.dll+0x67f929]
V  [jvm.dll+0x8371ba]
V  [jvm.dll+0x838c7e]
V  [jvm.dll+0x8392e3]
V  [jvm.dll+0x24834f]
V  [jvm.dll+0xac9d4]
V  [jvm.dll+0xad01c]
V  [jvm.dll+0x2af96f]
V  [jvm.dll+0x5868d7]
V  [jvm.dll+0x2231c2]
V  [jvm.dll+0x2235bf]
V  [jvm.dll+0x21c6e0]
V  [jvm.dll+0x219be1]
V  [jvm.dll+0x1a58bd]
V  [jvm.dll+0x229a2d]
V  [jvm.dll+0x227bdc]
V  [jvm.dll+0x7ec1f7]
V  [jvm.dll+0x7e65dc]
V  [jvm.dll+0x67e7f7]
C  [ucrtbase.dll+0x29333]
C  [KERNEL32.DLL+0x1257d]
C  [ntdll.dll+0x5af08]


---------------  P R O C E S S  ---------------

Threads class SMR info:
_java_thread_list=0x000001ae9c5dce40, length=40, elements={
0x000001aeff6ac2d0, 0x000001aeff94e020, 0x000001aeff94e9f0, 0x000001ae98d70410,
0x000001ae98d70de0, 0x000001ae98d72050, 0x000001aeff95e760, 0x000001ae98d93e50,
0x000001ae98d94f00, 0x000001ae98da8010, 0x000001ae98e77450, 0x000001ae990b7f50,
0x000001ae9a854f50, 0x000001aeff70ac00, 0x000001ae9ae3c3c0, 0x000001ae9ae57bc0,
0x000001ae98e578f0, 0x000001ae98e56ed0, 0x000001ae98e58820, 0x000001ae98e564b0,
0x000001ae98e569c0, 0x000001ae98e55a90, 0x000001ae98e55070, 0x000001ae98e55580,
0x000001ae98e55fa0, 0x000001ae9bb56790, 0x000001ae9bb571b0, 0x000001ae9bb54420,
0x000001ae9bb55860, 0x000001ae9bb56ca0, 0x000001ae9bb576c0, 0x000001ae9bb55d70,
0x000001ae9bb54e40, 0x000001ae9bb53f10, 0x000001ae9bb55350, 0x000001ae9bb56280,
0x000001ae9c41b4a0, 0x000001ae9c4168b0, 0x000001ae9d9f9570, 0x000001ae9bac56c0
}

Java Threads: ( => current thread )
  0x000001aeff6ac2d0 JavaThread "main" [_thread_blocked, id=60796, stack(0x0000000691d00000,0x0000000691e00000)]
  0x000001aeff94e020 JavaThread "Reference Handler" daemon [_thread_blocked, id=79076, stack(0x0000000692000000,0x0000000692100000)]
  0x000001aeff94e9f0 JavaThread "Finalizer" daemon [_thread_blocked, id=125556, stack(0x0000000692100000,0x0000000692200000)]
  0x000001ae98d70410 JavaThread "Signal Dispatcher" daemon [_thread_blocked, id=142660, stack(0x0000000692200000,0x0000000692300000)]
  0x000001ae98d70de0 JavaThread "Attach Listener" daemon [_thread_blocked, id=95200, stack(0x0000000692300000,0x0000000692400000)]
  0x000001ae98d72050 JavaThread "Service Thread" daemon [_thread_blocked, id=35132, stack(0x0000000692400000,0x0000000692500000)]
  0x000001aeff95e760 JavaThread "Monitor Deflation Thread" daemon [_thread_blocked, id=48500, stack(0x0000000692500000,0x0000000692600000)]
=>0x000001ae98d93e50 JavaThread "C2 CompilerThread0" daemon [_thread_in_native, id=33440, stack(0x0000000692600000,0x0000000692700000)]
  0x000001ae98d94f00 JavaThread "C1 CompilerThread0" daemon [_thread_blocked, id=53088, stack(0x0000000692700000,0x0000000692800000)]
  0x000001ae98da8010 JavaThread "Sweeper thread" daemon [_thread_blocked, id=73688, stack(0x0000000692800000,0x0000000692900000)]
  0x000001ae98e77450 JavaThread "Common-Cleaner" daemon [_thread_blocked, id=88088, stack(0x0000000692900000,0x0000000692a00000)]
  0x000001ae990b7f50 JavaThread "Notification Thread" daemon [_thread_blocked, id=128180, stack(0x0000000692b00000,0x0000000692c00000)]
  0x000001ae9a854f50 JavaThread "Active Thread: Equinox Container: 0763faad-f0dd-416c-a6da-491416f9be44" [_thread_blocked, id=26532, stack(0x0000000693400000,0x0000000693500000)]
  0x000001aeff70ac00 JavaThread "Framework Event Dispatcher: Equinox Container: 0763faad-f0dd-416c-a6da-491416f9be44" daemon [_thread_blocked, id=123500, stack(0x0000000692a00000,0x0000000692b00000)]
  0x000001ae9ae3c3c0 JavaThread "Start Level: Equinox Container: 0763faad-f0dd-416c-a6da-491416f9be44" daemon [_thread_blocked, id=123212, stack(0x0000000692d00000,0x0000000692e00000)]
  0x000001ae9ae57bc0 JavaThread "SCR Component Actor" daemon [_thread_blocked, id=41636, stack(0x0000000693500000,0x0000000693600000)]
  0x000001ae98e578f0 JavaThread "Worker-JM" [_thread_blocked, id=119564, stack(0x0000000693800000,0x0000000693900000)]
  0x000001ae98e56ed0 JavaThread "JNA Cleaner" daemon [_thread_blocked, id=59684, stack(0x0000000693b00000,0x0000000693c00000)]
  0x000001ae98e58820 JavaThread "Worker-0: Shutdown..." [_thread_in_Java, id=25972, stack(0x0000000693c00000,0x0000000693d00000)]
  0x000001ae98e564b0 JavaThread "Worker-1" [_thread_blocked, id=71272, stack(0x0000000693d00000,0x0000000693e00000)]
  0x000001ae98e569c0 JavaThread "Thread-2" daemon [_thread_in_native, id=58436, stack(0x0000000694200000,0x0000000694300000)]
  0x000001ae98e55a90 JavaThread "Thread-3" daemon [_thread_in_native, id=77896, stack(0x0000000694300000,0x0000000694400000)]
  0x000001ae98e55070 JavaThread "Thread-4" daemon [_thread_in_native, id=37720, stack(0x0000000694400000,0x0000000694500000)]
  0x000001ae98e55580 JavaThread "Thread-5" daemon [_thread_in_native, id=45412, stack(0x0000000694500000,0x0000000694600000)]
  0x000001ae98e55fa0 JavaThread "Thread-6" daemon [_thread_in_native, id=91432, stack(0x0000000694600000,0x0000000694700000)]
  0x000001ae9bb56790 JavaThread "Thread-7" daemon [_thread_in_native, id=143836, stack(0x0000000694700000,0x0000000694800000)]
  0x000001ae9bb571b0 JavaThread "Thread-8" daemon [_thread_in_native, id=82736, stack(0x0000000694800000,0x0000000694900000)]
  0x000001ae9bb54420 JavaThread "Thread-9" daemon [_thread_in_native, id=140036, stack(0x0000000694900000,0x0000000694a00000)]
  0x000001ae9bb55860 JavaThread "Thread-10" daemon [_thread_in_native, id=120096, stack(0x0000000694a00000,0x0000000694b00000)]
  0x000001ae9bb56ca0 JavaThread "Thread-11" daemon [_thread_in_native, id=93100, stack(0x0000000694b00000,0x0000000694c00000)]
  0x000001ae9bb576c0 JavaThread "Thread-12" daemon [_thread_in_native, id=129656, stack(0x0000000694c00000,0x0000000694d00000)]
  0x000001ae9bb55d70 JavaThread "Thread-13" daemon [_thread_in_native, id=19512, stack(0x0000000694d00000,0x0000000694e00000)]
  0x000001ae9bb54e40 JavaThread "Thread-14" daemon [_thread_in_native, id=46932, stack(0x0000000694e00000,0x0000000694f00000)]
  0x000001ae9bb53f10 JavaThread "pool-2-thread-1" [_thread_blocked, id=17332, stack(0x0000000694f00000,0x0000000695000000)]
  0x000001ae9bb55350 JavaThread "WorkspaceEventsHandler" [_thread_blocked, id=23800, stack(0x0000000695000000,0x0000000695100000)]
  0x000001ae9bb56280 JavaThread "pool-1-thread-1" [_thread_blocked, id=98288, stack(0x0000000695100000,0x0000000695200000)]
  0x000001ae9c41b4a0 JavaThread "ForkJoinPool.commonPool-worker-1" daemon [_thread_blocked, id=82676, stack(0x0000000693700000,0x0000000693800000)]
  0x000001ae9c4168b0 JavaThread "pool-3-thread-1" [_thread_blocked, id=12016, stack(0x0000000693e00000,0x0000000693f00000)]
  0x000001ae9d9f9570 JavaThread "C2 CompilerThread1" daemon [_thread_in_native, id=113200, stack(0x0000000693f00000,0x0000000694000000)]
  0x000001ae9bac56c0 JavaThread "C2 CompilerThread2" daemon [_thread_in_native, id=9332, stack(0x0000000695200000,0x0000000695300000)]

Other Threads:
  0x000001aeff7317d0 VMThread "VM Thread" [stack: 0x0000000691f00000,0x0000000692000000] [id=66924]
  0x000001ae990b8430 WatcherThread [stack: 0x0000000692c00000,0x0000000692d00000] [id=72652]
  0x000001aeff6c0840 GCTaskThread "GC Thread#0" [stack: 0x0000000691e00000,0x0000000691f00000] [id=106052]
  0x000001ae9acc7710 GCTaskThread "GC Thread#1" [stack: 0x0000000692e00000,0x0000000692f00000] [id=105496]
  0x000001ae9a99da20 GCTaskThread "GC Thread#2" [stack: 0x0000000692f00000,0x0000000693000000] [id=104272]
  0x000001ae9a99dce0 GCTaskThread "GC Thread#3" [stack: 0x0000000693000000,0x0000000693100000] [id=148864]
  0x000001ae9a99dfa0 GCTaskThread "GC Thread#4" [stack: 0x0000000693100000,0x0000000693200000] [id=31072]
  0x000001ae9a99e260 GCTaskThread "GC Thread#5" [stack: 0x0000000693200000,0x0000000693300000] [id=113524]
  0x000001ae9ab3fdc0 GCTaskThread "GC Thread#6" [stack: 0x0000000693300000,0x0000000693400000] [id=25416]
  0x000001ae9ae57570 GCTaskThread "GC Thread#7" [stack: 0x0000000693600000,0x0000000693700000] [id=135024]
  0x000001ae9afee630 GCTaskThread "GC Thread#8" [stack: 0x0000000693900000,0x0000000693a00000] [id=127884]
  0x000001ae9b0832e0 GCTaskThread "GC Thread#9" [stack: 0x0000000693a00000,0x0000000693b00000] [id=18588]

Threads with active compile tasks:
C2 CompilerThread0    15110 3529       4       org.eclipse.core.internal.dtree.DataTreeWriter::writeNumber (47 bytes)
C2 CompilerThread1    15110 3535       4       org.eclipse.core.internal.dtree.DataTreeWriter::writeNode (182 bytes)
C2 CompilerThread2    15110 3530       4       java.io.DataOutputStream::writeLong (118 bytes)

VM state: not at safepoint (normal execution)

VM Mutex/Monitor currently owned by a thread: None

Heap address: 0x00000000c0000000, size: 1024 MB, Compressed Oops mode: 32-bit

CDS archive(s) not mapped
Compressed class space mapped at: 0x0000000100000000-0x0000000140000000, reserved size: 1073741824
Narrow klass base: 0x0000000000000000, Narrow klass shift: 3, Narrow klass range: 0x140000000

GC Precious Log:
 CPUs: 12 total, 12 available
 Memory: 16099M
 Large Page Support: Disabled
 NUMA Support: Disabled
 Compressed Oops: Enabled (32-bit)
 Alignments: Space 512K, Generation 512K, Heap 2M
 Heap Min Capacity: 100M
 Heap Initial Capacity: 100M
 Heap Max Capacity: 1G
 Pre-touch: Disabled
 Parallel Workers: 10

Heap:
 PSYoungGen      total 24064K, used 3290K [0x00000000eab00000, 0x00000000ec700000, 0x0000000100000000)
  eden space 22528K, 12% used [0x00000000eab00000,0x00000000eadceb00,0x00000000ec100000)
  from space 1536K, 27% used [0x00000000ec480000,0x00000000ec4e8000,0x00000000ec600000)
  to   space 1024K, 0% used [0x00000000ec600000,0x00000000ec600000,0x00000000ec700000)
 ParOldGen       total 68608K, used 20834K [0x00000000c0000000, 0x00000000c4300000, 0x00000000eab00000)
  object space 68608K, 30% used [0x00000000c0000000,0x00000000c14589e0,0x00000000c4300000)
 Metaspace       used 36801K, committed 37440K, reserved 1114112K
  class space    used 3721K, committed 3968K, reserved 1048576K

Card table byte_map: [0x000001aeff070000,0x000001aeff280000] _byte_map_base: 0x000001aefea70000

Marking Bits: (ParMarkBitMap*) 0x00007ffe6b5a58b0
 Begin Bits: [0x000001ae91be0000, 0x000001ae92be0000)
 End Bits:   [0x000001ae92be0000, 0x000001ae93be0000)

Polling page: 0x000001aefee60000

Metaspace:

Usage:
  Non-class:     32.31 MB used.
      Class:      3.63 MB used.
       Both:     35.94 MB used.

Virtual space:
  Non-class space:       64.00 MB reserved,      32.69 MB ( 51%) committed,  1 nodes.
      Class space:        1.00 GB reserved,       3.88 MB ( <1%) committed,  1 nodes.
             Both:        1.06 GB reserved,      36.56 MB (  3%) committed. 

Chunk freelists:
   Non-Class:  15.34 MB
       Class:  12.07 MB
        Both:  27.41 MB

MaxMetaspaceSize: unlimited
CompressedClassSpaceSize: 1.00 GB
Initial GC threshold: 21.00 MB
Current GC threshold: 58.38 MB
CDS: off
MetaspaceReclaimPolicy: balanced
 - commit_granule_bytes: 65536.
 - commit_granule_words: 8192.
 - virtual_space_node_default_size: 8388608.
 - enlarge_chunks_in_place: 1.
 - new_chunks_are_fully_committed: 0.
 - uncommit_free_chunks: 1.
 - use_allocation_guard: 0.
 - handle_deallocations: 1.


Internal statistics:

num_allocs_failed_limit: 6.
num_arena_births: 364.
num_arena_deaths: 14.
num_vsnodes_births: 2.
num_vsnodes_deaths: 0.
num_space_committed: 585.
num_space_uncommitted: 0.
num_chunks_returned_to_freelist: 20.
num_chunks_taken_from_freelist: 1500.
num_chunk_merges: 8.
num_chunk_splits: 957.
num_chunks_enlarged: 651.
num_inconsistent_stats: 0.

CodeHeap 'non-profiled nmethods': size=120000Kb used=1866Kb max_used=1866Kb free=118133Kb
 bounds [0x000001ae8a6b0000, 0x000001ae8a920000, 0x000001ae91be0000]
CodeHeap 'profiled nmethods': size=120000Kb used=6687Kb max_used=6687Kb free=113312Kb
 bounds [0x000001ae82be0000, 0x000001ae83270000, 0x000001ae8a110000]
CodeHeap 'non-nmethods': size=5760Kb used=1293Kb max_used=1349Kb free=4466Kb
 bounds [0x000001ae8a110000, 0x000001ae8a380000, 0x000001ae8a6b0000]
 total_blobs=4150 nmethods=3531 adapters=533
 compilation: enabled
              stopped_count=0, restarted_count=0
 full_count=0

Compilation events (20 events):
Event: 15.058 Thread 0x000001ae98d94f00 nmethod 3519 0x000001ae83265310 code [0x000001ae832654a0, 0x000001ae832655e8]
Event: 15.058 Thread 0x000001ae98d94f00 3521       3       org.eclipse.core.internal.resources.ResourceInfo::getContentId (8 bytes)
Event: 15.058 Thread 0x000001ae98d94f00 nmethod 3521 0x000001ae83265690 code [0x000001ae83265820, 0x000001ae83265938]
Event: 15.058 Thread 0x000001ae98d94f00 3523       3       org.eclipse.core.internal.watson.ElementTreeWriter$1::writeData (25 bytes)
Event: 15.058 Thread 0x000001ae98d94f00 nmethod 3523 0x000001ae83265a10 code [0x000001ae83265bc0, 0x000001ae83265dd8]
Event: 15.058 Thread 0x000001ae98d94f00 3524  s    3       java.io.DataOutputStream::write (16 bytes)
Event: 15.058 Thread 0x000001ae98d94f00 nmethod 3524 0x000001ae83265f10 code [0x000001ae832660c0, 0x000001ae832663e8]
Event: 15.058 Thread 0x000001ae98d94f00 3525       3       org.eclipse.core.internal.resources.SaveManager::writeElement (36 bytes)
Event: 15.059 Thread 0x000001ae98d94f00 nmethod 3525 0x000001ae83266510 code [0x000001ae83266780, 0x000001ae83267238]
Event: 15.059 Thread 0x000001ae98d94f00 3526       3       org.eclipse.core.internal.resources.ResourceInfo::writeTo (41 bytes)
Event: 15.059 Thread 0x000001ae98d94f00 nmethod 3526 0x000001ae83267690 code [0x000001ae83267860, 0x000001ae83267d78]
Event: 15.060 Thread 0x000001ae98d93e50 nmethod 3520 0x000001ae8a87d510 code [0x000001ae8a87d6c0, 0x000001ae8a87dc88]
Event: 15.060 Thread 0x000001ae98d93e50 3527       4       java.io.DataOutputStream::writeUTF (411 bytes)
Event: 15.070 Thread 0x000001ae98d93e50 nmethod 3527 0x000001ae8a87e010 code [0x000001ae8a87e200, 0x000001ae8a87f128]
Event: 15.071 Thread 0x000001ae98d93e50 3515   !   4       org.eclipse.core.internal.localstore.SafeFileOutputStream::write (20 bytes)
Event: 15.071 Thread 0x000001ae9d9f9570 3528       4       java.io.DataOutputStream::writeByte (14 bytes)
Event: 15.073 Thread 0x000001ae98d93e50 nmethod 3515 0x000001ae8a87fa10 code [0x000001ae8a87fba0, 0x000001ae8a87ff48]
Event: 15.073 Thread 0x000001ae98d93e50 3529       4       org.eclipse.core.internal.dtree.DataTreeWriter::writeNumber (47 bytes)
Event: 15.073 Thread 0x000001ae9d9f9570 nmethod 3528 0x000001ae8a880110 code [0x000001ae8a8802c0, 0x000001ae8a8806c8]
Event: 15.073 Thread 0x000001ae9d9f9570 3532       4       org.eclipse.core.runtime.Path::equals (124 bytes)

GC Heap History (20 events):
Event: 1.826 GC heap before
{Heap before GC invocations=4 (full 0):
 PSYoungGen      total 29696K, used 24315K [0x00000000eab00000, 0x00000000ecc00000, 0x0000000100000000)
  eden space 25600K, 78% used [0x00000000eab00000,0x00000000ebebfe08,0x00000000ec400000)
  from space 4096K, 99% used [0x00000000ec400000,0x00000000ec7fefa8,0x00000000ec800000)
  to   space 4096K, 0% used [0x00000000ec800000,0x00000000ec800000,0x00000000ecc00000)
 ParOldGen       total 68608K, used 2933K [0x00000000c0000000, 0x00000000c4300000, 0x00000000eab00000)
  object space 68608K, 4% used [0x00000000c0000000,0x00000000c02dd558,0x00000000c4300000)
 Metaspace       used 21043K, committed 21504K, reserved 1114112K
  class space    used 2146K, committed 2368K, reserved 1048576K
}
Event: 1.832 GC heap after
{Heap after GC invocations=4 (full 0):
 PSYoungGen      total 29696K, used 4080K [0x00000000eab00000, 0x00000000ecc00000, 0x0000000100000000)
  eden space 25600K, 0% used [0x00000000eab00000,0x00000000eab00000,0x00000000ec400000)
  from space 4096K, 99% used [0x00000000ec800000,0x00000000ecbfc290,0x00000000ecc00000)
  to   space 4096K, 0% used [0x00000000ec400000,0x00000000ec400000,0x00000000ec800000)
 ParOldGen       total 68608K, used 10783K [0x00000000c0000000, 0x00000000c4300000, 0x00000000eab00000)
  object space 68608K, 15% used [0x00000000c0000000,0x00000000c0a87d30,0x00000000c4300000)
 Metaspace       used 21043K, committed 21504K, reserved 1114112K
  class space    used 2146K, committed 2368K, reserved 1048576K
}
Event: 1.832 GC heap before
{Heap before GC invocations=5 (full 1):
 PSYoungGen      total 29696K, used 4080K [0x00000000eab00000, 0x00000000ecc00000, 0x0000000100000000)
  eden space 25600K, 0% used [0x00000000eab00000,0x00000000eab00000,0x00000000ec400000)
  from space 4096K, 99% used [0x00000000ec800000,0x00000000ecbfc290,0x00000000ecc00000)
  to   space 4096K, 0% used [0x00000000ec400000,0x00000000ec400000,0x00000000ec800000)
 ParOldGen       total 68608K, used 10783K [0x00000000c0000000, 0x00000000c4300000, 0x00000000eab00000)
  object space 68608K, 15% used [0x00000000c0000000,0x00000000c0a87d30,0x00000000c4300000)
 Metaspace       used 21043K, committed 21504K, reserved 1114112K
  class space    used 2146K, committed 2368K, reserved 1048576K
}
Event: 1.851 GC heap after
{Heap after GC invocations=5 (full 1):
 PSYoungGen      total 29696K, used 0K [0x00000000eab00000, 0x00000000ecc00000, 0x0000000100000000)
  eden space 25600K, 0% used [0x00000000eab00000,0x00000000eab00000,0x00000000ec400000)
  from space 4096K, 0% used [0x00000000ec800000,0x00000000ec800000,0x00000000ecc00000)
  to   space 4096K, 0% used [0x00000000ec400000,0x00000000ec400000,0x00000000ec800000)
 ParOldGen       total 68608K, used 14652K [0x00000000c0000000, 0x00000000c4300000, 0x00000000eab00000)
  object space 68608K, 21% used [0x00000000c0000000,0x00000000c0e4f3d8,0x00000000c4300000)
 Metaspace       used 21029K, committed 21504K, reserved 1114112K
  class space    used 2143K, committed 2368K, reserved 1048576K
}
Event: 2.112 GC heap before
{Heap before GC invocations=6 (full 1):
 PSYoungGen      total 29696K, used 25600K [0x00000000eab00000, 0x00000000ecc00000, 0x0000000100000000)
  eden space 25600K, 100% used [0x00000000eab00000,0x00000000ec400000,0x00000000ec400000)
  from space 4096K, 0% used [0x00000000ec800000,0x00000000ec800000,0x00000000ecc00000)
  to   space 4096K, 0% used [0x00000000ec400000,0x00000000ec400000,0x00000000ec800000)
 ParOldGen       total 68608K, used 14652K [0x00000000c0000000, 0x00000000c4300000, 0x00000000eab00000)
  object space 68608K, 21% used [0x00000000c0000000,0x00000000c0e4f3d8,0x00000000c4300000)
 Metaspace       used 24004K, committed 24576K, reserved 1114112K
  class space    used 2450K, committed 2688K, reserved 1048576K
}
Event: 2.113 GC heap after
{Heap after GC invocations=6 (full 1):
 PSYoungGen      total 29184K, used 2179K [0x00000000eab00000, 0x00000000ecf80000, 0x0000000100000000)
  eden space 25088K, 0% used [0x00000000eab00000,0x00000000eab00000,0x00000000ec380000)
  from space 4096K, 53% used [0x00000000ec400000,0x00000000ec620e30,0x00000000ec800000)
  to   space 6144K, 0% used [0x00000000ec980000,0x00000000ec980000,0x00000000ecf80000)
 ParOldGen       total 68608K, used 14660K [0x00000000c0000000, 0x00000000c4300000, 0x00000000eab00000)
  object space 68608K, 21% used [0x00000000c0000000,0x00000000c0e513d8,0x00000000c4300000)
 Metaspace       used 24004K, committed 24576K, reserved 1114112K
  class space    used 2450K, committed 2688K, reserved 1048576K
}
Event: 2.260 GC heap before
{Heap before GC invocations=7 (full 1):
 PSYoungGen      total 29184K, used 27234K [0x00000000eab00000, 0x00000000ecf80000, 0x0000000100000000)
  eden space 25088K, 99% used [0x00000000eab00000,0x00000000ec377b38,0x00000000ec380000)
  from space 4096K, 53% used [0x00000000ec400000,0x00000000ec620e30,0x00000000ec800000)
  to   space 6144K, 0% used [0x00000000ec980000,0x00000000ec980000,0x00000000ecf80000)
 ParOldGen       total 68608K, used 14660K [0x00000000c0000000, 0x00000000c4300000, 0x00000000eab00000)
  object space 68608K, 21% used [0x00000000c0000000,0x00000000c0e513d8,0x00000000c4300000)
 Metaspace       used 28173K, committed 28672K, reserved 1114112K
  class space    used 2760K, committed 3008K, reserved 1048576K
}
Event: 2.261 GC heap after
{Heap after GC invocations=7 (full 1):
 PSYoungGen      total 27648K, used 2755K [0x00000000eab00000, 0x00000000ecc80000, 0x0000000100000000)
  eden space 24576K, 0% used [0x00000000eab00000,0x00000000eab00000,0x00000000ec300000)
  from space 3072K, 89% used [0x00000000ec980000,0x00000000ecc30ca8,0x00000000ecc80000)
  to   space 3584K, 0% used [0x00000000ec580000,0x00000000ec580000,0x00000000ec900000)
 ParOldGen       total 68608K, used 14660K [0x00000000c0000000, 0x00000000c4300000, 0x00000000eab00000)
  object space 68608K, 21% used [0x00000000c0000000,0x00000000c0e513d8,0x00000000c4300000)
 Metaspace       used 28173K, committed 28672K, reserved 1114112K
  class space    used 2760K, committed 3008K, reserved 1048576K
}
Event: 2.432 GC heap before
{Heap before GC invocations=8 (full 1):
 PSYoungGen      total 27648K, used 27331K [0x00000000eab00000, 0x00000000ecc80000, 0x0000000100000000)
  eden space 24576K, 99% used [0x00000000eab00000,0x00000000ec2fffd0,0x00000000ec300000)
  from space 3072K, 89% used [0x00000000ec980000,0x00000000ecc30ca8,0x00000000ecc80000)
  to   space 3584K, 0% used [0x00000000ec580000,0x00000000ec580000,0x00000000ec900000)
 ParOldGen       total 68608K, used 14660K [0x00000000c0000000, 0x00000000c4300000, 0x00000000eab00000)
  object space 68608K, 21% used [0x00000000c0000000,0x00000000c0e513d8,0x00000000c4300000)
 Metaspace       used 30415K, committed 30976K, reserved 1114112K
  class space    used 2938K, committed 3200K, reserved 1048576K
}
Event: 2.433 GC heap after
{Heap after GC invocations=8 (full 1):
 PSYoungGen      total 27648K, used 3582K [0x00000000eab00000, 0x00000000ecb80000, 0x0000000100000000)
  eden space 24064K, 0% used [0x00000000eab00000,0x00000000eab00000,0x00000000ec280000)
  from space 3584K, 99% used [0x00000000ec580000,0x00000000ec8ffa98,0x00000000ec900000)
  to   space 2560K, 0% used [0x00000000ec900000,0x00000000ec900000,0x00000000ecb80000)
 ParOldGen       total 68608K, used 15251K [0x00000000c0000000, 0x00000000c4300000, 0x00000000eab00000)
  object space 68608K, 22% used [0x00000000c0000000,0x00000000c0ee4fa8,0x00000000c4300000)
 Metaspace       used 30415K, committed 30976K, reserved 1114112K
  class space    used 2938K, committed 3200K, reserved 1048576K
}
Event: 2.625 GC heap before
{Heap before GC invocations=9 (full 1):
 PSYoungGen      total 27648K, used 27646K [0x00000000eab00000, 0x00000000ecb80000, 0x0000000100000000)
  eden space 24064K, 100% used [0x00000000eab00000,0x00000000ec280000,0x00000000ec280000)
  from space 3584K, 99% used [0x00000000ec580000,0x00000000ec8ffa98,0x00000000ec900000)
  to   space 2560K, 0% used [0x00000000ec900000,0x00000000ec900000,0x00000000ecb80000)
 ParOldGen       total 68608K, used 15251K [0x00000000c0000000, 0x00000000c4300000, 0x00000000eab00000)
  object space 68608K, 22% used [0x00000000c0000000,0x00000000c0ee4fa8,0x00000000c4300000)
 Metaspace       used 34002K, committed 34624K, reserved 1114112K
  class space    used 3384K, committed 3648K, reserved 1048576K
}
Event: 2.627 GC heap after
{Heap after GC invocations=9 (full 1):
 PSYoungGen      total 26112K, used 2544K [0x00000000eab00000, 0x00000000ecc00000, 0x0000000100000000)
  eden space 23552K, 0% used [0x00000000eab00000,0x00000000eab00000,0x00000000ec200000)
  from space 2560K, 99% used [0x00000000ec900000,0x00000000ecb7c2d8,0x00000000ecb80000)
  to   space 5120K, 0% used [0x00000000ec200000,0x00000000ec200000,0x00000000ec700000)
 ParOldGen       total 68608K, used 17216K [0x00000000c0000000, 0x00000000c4300000, 0x00000000eab00000)
  object space 68608K, 25% used [0x00000000c0000000,0x00000000c10d00c0,0x00000000c4300000)
 Metaspace       used 34002K, committed 34624K, reserved 1114112K
  class space    used 3384K, committed 3648K, reserved 1048576K
}
Event: 2.683 GC heap before
{Heap before GC invocations=10 (full 1):
 PSYoungGen      total 26112K, used 10690K [0x00000000eab00000, 0x00000000ecc00000, 0x0000000100000000)
  eden space 23552K, 34% used [0x00000000eab00000,0x00000000eb2f46f8,0x00000000ec200000)
  from space 2560K, 99% used [0x00000000ec900000,0x00000000ecb7c2d8,0x00000000ecb80000)
  to   space 5120K, 0% used [0x00000000ec200000,0x00000000ec200000,0x00000000ec700000)
 ParOldGen       total 68608K, used 17216K [0x00000000c0000000, 0x00000000c4300000, 0x00000000eab00000)
  object space 68608K, 25% used [0x00000000c0000000,0x00000000c10d00c0,0x00000000c4300000)
 Metaspace       used 35169K, committed 35840K, reserved 1114112K
  class space    used 3515K, committed 3776K, reserved 1048576K
}
Event: 2.684 GC heap after
{Heap after GC invocations=10 (full 1):
 PSYoungGen      total 25600K, used 2046K [0x00000000eab00000, 0x00000000ec980000, 0x0000000100000000)
  eden space 23552K, 0% used [0x00000000eab00000,0x00000000eab00000,0x00000000ec200000)
  from space 2048K, 99% used [0x00000000ec200000,0x00000000ec3ff9c8,0x00000000ec400000)
  to   space 3072K, 0% used [0x00000000ec680000,0x00000000ec680000,0x00000000ec980000)
 ParOldGen       total 68608K, used 18645K [0x00000000c0000000, 0x00000000c4300000, 0x00000000eab00000)
  object space 68608K, 27% used [0x00000000c0000000,0x00000000c1235440,0x00000000c4300000)
 Metaspace       used 35169K, committed 35840K, reserved 1114112K
  class space    used 3515K, committed 3776K, reserved 1048576K
}
Event: 2.684 GC heap before
{Heap before GC invocations=11 (full 2):
 PSYoungGen      total 25600K, used 2046K [0x00000000eab00000, 0x00000000ec980000, 0x0000000100000000)
  eden space 23552K, 0% used [0x00000000eab00000,0x00000000eab00000,0x00000000ec200000)
  from space 2048K, 99% used [0x00000000ec200000,0x00000000ec3ff9c8,0x00000000ec400000)
  to   space 3072K, 0% used [0x00000000ec680000,0x00000000ec680000,0x00000000ec980000)
 ParOldGen       total 68608K, used 18645K [0x00000000c0000000, 0x00000000c4300000, 0x00000000eab00000)
  object space 68608K, 27% used [0x00000000c0000000,0x00000000c1235440,0x00000000c4300000)
 Metaspace       used 35169K, committed 35840K, reserved 1114112K
  class space    used 3515K, committed 3776K, reserved 1048576K
}
Event: 2.698 GC heap after
{Heap after GC invocations=11 (full 2):
 PSYoungGen      total 25600K, used 0K [0x00000000eab00000, 0x00000000ec980000, 0x0000000100000000)
  eden space 23552K, 0% used [0x00000000eab00000,0x00000000eab00000,0x00000000ec200000)
  from space 2048K, 0% used [0x00000000ec200000,0x00000000ec200000,0x00000000ec400000)
  to   space 3072K, 0% used [0x00000000ec680000,0x00000000ec680000,0x00000000ec980000)
 ParOldGen       total 68608K, used 20323K [0x00000000c0000000, 0x00000000c4300000, 0x00000000eab00000)
  object space 68608K, 29% used [0x00000000c0000000,0x00000000c13d8e18,0x00000000c4300000)
 Metaspace       used 35169K, committed 35840K, reserved 1114112K
  class space    used 3515K, committed 3776K, reserved 1048576K
}
Event: 3.307 GC heap before
{Heap before GC invocations=12 (full 2):
 PSYoungGen      total 25600K, used 23552K [0x00000000eab00000, 0x00000000ec980000, 0x0000000100000000)
  eden space 23552K, 100% used [0x00000000eab00000,0x00000000ec200000,0x00000000ec200000)
  from space 2048K, 0% used [0x00000000ec200000,0x00000000ec200000,0x00000000ec400000)
  to   space 3072K, 0% used [0x00000000ec680000,0x00000000ec680000,0x00000000ec980000)
 ParOldGen       total 68608K, used 20323K [0x00000000c0000000, 0x00000000c4300000, 0x00000000eab00000)
  object space 68608K, 29% used [0x00000000c0000000,0x00000000c13d8e18,0x00000000c4300000)
 Metaspace       used 36250K, committed 36992K, reserved 1114112K
  class space    used 3646K, committed 3968K, reserved 1048576K
}
Event: 3.308 GC heap after
{Heap after GC invocations=12 (full 2):
 PSYoungGen      total 24064K, used 619K [0x00000000eab00000, 0x00000000ec780000, 0x0000000100000000)
  eden space 23040K, 0% used [0x00000000eab00000,0x00000000eab00000,0x00000000ec180000)
  from space 1024K, 60% used [0x00000000ec680000,0x00000000ec71ac90,0x00000000ec780000)
  to   space 1536K, 0% used [0x00000000ec480000,0x00000000ec480000,0x00000000ec600000)
 ParOldGen       total 68608K, used 20331K [0x00000000c0000000, 0x00000000c4300000, 0x00000000eab00000)
  object space 68608K, 29% used [0x00000000c0000000,0x00000000c13dae18,0x00000000c4300000)
 Metaspace       used 36250K, committed 36992K, reserved 1114112K
  class space    used 3646K, committed 3968K, reserved 1048576K
}
Event: 15.041 GC heap before
{Heap before GC invocations=13 (full 2):
 PSYoungGen      total 24064K, used 23659K [0x00000000eab00000, 0x00000000ec780000, 0x0000000100000000)
  eden space 23040K, 100% used [0x00000000eab00000,0x00000000ec180000,0x00000000ec180000)
  from space 1024K, 60% used [0x00000000ec680000,0x00000000ec71ac90,0x00000000ec780000)
  to   space 1536K, 0% used [0x00000000ec480000,0x00000000ec480000,0x00000000ec600000)
 ParOldGen       total 68608K, used 20331K [0x00000000c0000000, 0x00000000c4300000, 0x00000000eab00000)
  object space 68608K, 29% used [0x00000000c0000000,0x00000000c13dae18,0x00000000c4300000)
 Metaspace       used 36727K, committed 37376K, reserved 1114112K
  class space    used 3709K, committed 3968K, reserved 1048576K
}
Event: 15.042 GC heap after
{Heap after GC invocations=13 (full 2):
 PSYoungGen      total 24064K, used 416K [0x00000000eab00000, 0x00000000ec700000, 0x0000000100000000)
  eden space 22528K, 0% used [0x00000000eab00000,0x00000000eab00000,0x00000000ec100000)
  from space 1536K, 27% used [0x00000000ec480000,0x00000000ec4e8000,0x00000000ec600000)
  to   space 1024K, 0% used [0x00000000ec600000,0x00000000ec600000,0x00000000ec700000)
 ParOldGen       total 68608K, used 20834K [0x00000000c0000000, 0x00000000c4300000, 0x00000000eab00000)
  object space 68608K, 30% used [0x00000000c0000000,0x00000000c14589e0,0x00000000c4300000)
 Metaspace       used 36727K, committed 37376K, reserved 1114112K
  class space    used 3709K, committed 3968K, reserved 1048576K
}

Dll operation events (10 events):
Event: 0.036 Loaded shared library c:\Users\itwill\.vscode\extensions\redhat.java-1.35.1-win32-x64\jre\17.0.12-win32-x86_64\bin\java.dll
Event: 0.141 Loaded shared library c:\Users\itwill\.vscode\extensions\redhat.java-1.35.1-win32-x64\jre\17.0.12-win32-x86_64\bin\zip.dll
Event: 0.145 Loaded shared library C:\Users\itwill\.vscode\extensions\redhat.java-1.35.1-win32-x64\jre\17.0.12-win32-x86_64\bin\instrument.dll
Event: 0.151 Loaded shared library C:\Users\itwill\.vscode\extensions\redhat.java-1.35.1-win32-x64\jre\17.0.12-win32-x86_64\bin\net.dll
Event: 0.153 Loaded shared library C:\Users\itwill\.vscode\extensions\redhat.java-1.35.1-win32-x64\jre\17.0.12-win32-x86_64\bin\nio.dll
Event: 0.159 Loaded shared library C:\Users\itwill\.vscode\extensions\redhat.java-1.35.1-win32-x64\jre\17.0.12-win32-x86_64\bin\zip.dll
Event: 0.168 Loaded shared library C:\Users\itwill\.vscode\extensions\redhat.java-1.35.1-win32-x64\jre\17.0.12-win32-x86_64\bin\jimage.dll
Event: 0.199 Loaded shared library c:\Users\itwill\.vscode\extensions\redhat.java-1.35.1-win32-x64\jre\17.0.12-win32-x86_64\bin\verify.dll
Event: 1.258 Loaded shared library C:\Users\itwill\AppData\Roaming\Code\User\globalStorage\redhat.java\1.35.1\config_ss_win\org.eclipse.equinox.launcher\org.eclipse.equinox.launcher.win32.win32.x86_64_1.2.1100.v20240722-2106\eclipse_11904.dll
Event: 1.973 Loaded shared library C:\Users\itwill\AppData\Local\Temp\jna--1178128515\jna3321384717274083408.dll

Deoptimization events (20 events):
Event: 3.353 Thread 0x000001ae98e58820 Uncommon trap: trap_request=0xffffff45 fr.pc=0x000001ae8a863168 relative=0x00000000000003a8
Event: 3.353 Thread 0x000001ae98e58820 Uncommon trap: reason=unstable_if action=reinterpret pc=0x000001ae8a863168 method=org.eclipse.core.runtime.Path.computeSegmentCount(Ljava/lang/String;)I @ 6 c2
Event: 3.353 Thread 0x000001ae98e58820 DEOPT PACKING pc=0x000001ae8a863168 sp=0x0000000693cfde30
Event: 3.353 Thread 0x000001ae98e58820 DEOPT UNPACKING pc=0x000001ae8a1666a3 sp=0x0000000693cfddc0 mode 2
Event: 3.368 Thread 0x000001ae98e58820 Uncommon trap: trap_request=0xffffff76 fr.pc=0x000001ae8a7fc3cc relative=0x000000000000060c
Event: 3.368 Thread 0x000001ae98e58820 Uncommon trap: reason=predicate action=maybe_recompile pc=0x000001ae8a7fc3cc method=java.util.TreeMap.getEntryUsingComparator(Ljava/lang/Object;)Ljava/util/TreeMap$Entry; @ 19 c2
Event: 3.368 Thread 0x000001ae98e58820 DEOPT PACKING pc=0x000001ae8a7fc3cc sp=0x0000000693cfeeb0
Event: 3.368 Thread 0x000001ae98e58820 DEOPT UNPACKING pc=0x000001ae8a1666a3 sp=0x0000000693cfed78 mode 2
Event: 15.051 Thread 0x000001ae98e58820 Uncommon trap: trap_request=0xffffff45 fr.pc=0x000001ae8a8640d4 relative=0x00000000000000b4
Event: 15.051 Thread 0x000001ae98e58820 Uncommon trap: reason=unstable_if action=reinterpret pc=0x000001ae8a8640d4 method=org.eclipse.core.internal.resources.Resource.isMember(II)Z @ 17 c2
Event: 15.051 Thread 0x000001ae98e58820 DEOPT PACKING pc=0x000001ae8a8640d4 sp=0x0000000693cfed30
Event: 15.051 Thread 0x000001ae98e58820 DEOPT UNPACKING pc=0x000001ae8a1666a3 sp=0x0000000693cfecc8 mode 2
Event: 15.054 Thread 0x000001ae98e58820 Uncommon trap: trap_request=0xffffffde fr.pc=0x000001ae8a72cc34 relative=0x0000000000000634
Event: 15.054 Thread 0x000001ae98e58820 Uncommon trap: reason=class_check action=maybe_recompile pc=0x000001ae8a72cc34 method=java.util.HashMap.computeIfAbsent(Ljava/lang/Object;Ljava/util/function/Function;)Ljava/lang/Object; @ 188 c2
Event: 15.054 Thread 0x000001ae98e58820 DEOPT PACKING pc=0x000001ae8a72cc34 sp=0x0000000693cfece0
Event: 15.055 Thread 0x000001ae98e58820 DEOPT UNPACKING pc=0x000001ae8a1666a3 sp=0x0000000693cfec88 mode 2
Event: 15.055 Thread 0x000001ae98e58820 Uncommon trap: trap_request=0xffffffde fr.pc=0x000001ae8a72cc34 relative=0x0000000000000634
Event: 15.055 Thread 0x000001ae98e58820 Uncommon trap: reason=class_check action=maybe_recompile pc=0x000001ae8a72cc34 method=java.util.HashMap.computeIfAbsent(Ljava/lang/Object;Ljava/util/function/Function;)Ljava/lang/Object; @ 188 c2
Event: 15.055 Thread 0x000001ae98e58820 DEOPT PACKING pc=0x000001ae8a72cc34 sp=0x0000000693cfece0
Event: 15.055 Thread 0x000001ae98e58820 DEOPT UNPACKING pc=0x000001ae8a1666a3 sp=0x0000000693cfec88 mode 2

Classes loaded (20 events):
Event: 15.036 Loading class java/util/concurrent/ForkJoinTask$AdaptedCallable
Event: 15.036 Loading class java/util/concurrent/ForkJoinTask$AdaptedCallable done
Event: 15.040 Loading class java/util/stream/Nodes$CollectorTask$OfRef
Event: 15.041 Loading class java/util/stream/Nodes$CollectorTask
Event: 15.041 Loading class java/util/stream/AbstractTask
Event: 15.041 Loading class java/util/concurrent/CountedCompleter
Event: 15.041 Loading class java/util/concurrent/CountedCompleter done
Event: 15.041 Loading class java/util/stream/AbstractTask done
Event: 15.041 Loading class java/util/stream/Nodes$CollectorTask done
Event: 15.041 Loading class java/util/stream/Nodes$CollectorTask$OfRef done
Event: 15.041 Loading class java/util/function/LongFunction
Event: 15.043 Loading class java/util/function/LongFunction done
Event: 15.043 Loading class java/util/stream/Nodes$ConcNode
Event: 15.043 Loading class java/util/stream/Nodes$AbstractConcNode
Event: 15.043 Loading class java/util/stream/Nodes$AbstractConcNode done
Event: 15.043 Loading class java/util/stream/Nodes$ConcNode done
Event: 15.044 Loading class java/util/stream/Nodes$ToArrayTask$OfRef
Event: 15.044 Loading class java/util/stream/Nodes$ToArrayTask
Event: 15.044 Loading class java/util/stream/Nodes$ToArrayTask done
Event: 15.044 Loading class java/util/stream/Nodes$ToArrayTask$OfRef done

Classes unloaded (7 events):
Event: 1.837 Thread 0x000001aeff7317d0 Unloading class 0x000000010021bc00 'java/lang/invoke/LambdaForm$MH+0x000000010021bc00'
Event: 1.837 Thread 0x000001aeff7317d0 Unloading class 0x000000010021b800 'java/lang/invoke/LambdaForm$MH+0x000000010021b800'
Event: 1.837 Thread 0x000001aeff7317d0 Unloading class 0x000000010021b400 'java/lang/invoke/LambdaForm$MH+0x000000010021b400'
Event: 1.837 Thread 0x000001aeff7317d0 Unloading class 0x000000010021b000 'java/lang/invoke/LambdaForm$MH+0x000000010021b000'
Event: 1.837 Thread 0x000001aeff7317d0 Unloading class 0x000000010021ac00 'java/lang/invoke/LambdaForm$BMH+0x000000010021ac00'
Event: 1.837 Thread 0x000001aeff7317d0 Unloading class 0x000000010021a800 'java/lang/invoke/LambdaForm$DMH+0x000000010021a800'
Event: 1.837 Thread 0x000001aeff7317d0 Unloading class 0x0000000100214400 'java/lang/invoke/LambdaForm$DMH+0x0000000100214400'

Classes redefined (0 events):
No events

Internal exceptions (20 events):
Event: 2.630 Thread 0x000001aeff6ac2d0 Exception <a 'java/lang/IncompatibleClassChangeError'{0x00000000eab60bc0}: Found class java.lang.Object, but interface was expected> (0x00000000eab60bc0) 
thrown [s\src\hotspot\share\interpreter\linkResolver.cpp, line 826]
Event: 2.680 Thread 0x000001ae9bb56280 Exception <a 'java/io/FileNotFoundException'{0x00000000eb25fda8}> (0x00000000eb25fda8) 
thrown [s\src\hotspot\share\prims\jni.cpp, line 516]
Event: 2.707 Thread 0x000001ae9bb56280 Exception <a 'sun/nio/fs/WindowsException'{0x00000000eac0f8e8}> (0x00000000eac0f8e8) 
thrown [s\src\hotspot\share\prims\jni.cpp, line 516]
Event: 3.346 Thread 0x000001ae98e58820 Exception <a 'sun/nio/fs/WindowsException'{0x00000000ebf09e90}> (0x00000000ebf09e90) 
thrown [s\src\hotspot\share\prims\jni.cpp, line 516]
Event: 3.346 Thread 0x000001ae98e58820 Exception <a 'sun/nio/fs/WindowsException'{0x00000000ebf0ac40}> (0x00000000ebf0ac40) 
thrown [s\src\hotspot\share\prims\jni.cpp, line 516]
Event: 3.347 Thread 0x000001ae98e58820 Exception <a 'sun/nio/fs/WindowsException'{0x00000000ebf0bd68}> (0x00000000ebf0bd68) 
thrown [s\src\hotspot\share\prims\jni.cpp, line 516]
Event: 3.348 Thread 0x000001ae98e58820 Exception <a 'sun/nio/fs/WindowsException'{0x00000000ebf0c880}> (0x00000000ebf0c880) 
thrown [s\src\hotspot\share\prims\jni.cpp, line 516]
Event: 3.350 Thread 0x000001ae98e58820 Exception <a 'sun/nio/fs/WindowsException'{0x00000000ebf238b8}> (0x00000000ebf238b8) 
thrown [s\src\hotspot\share\prims\jni.cpp, line 516]
Event: 3.350 Thread 0x000001ae98e58820 Exception <a 'sun/nio/fs/WindowsException'{0x00000000ebf243d0}> (0x00000000ebf243d0) 
thrown [s\src\hotspot\share\prims\jni.cpp, line 516]
Event: 3.352 Thread 0x000001ae98e58820 Exception <a 'sun/nio/fs/WindowsException'{0x00000000ebf37370}> (0x00000000ebf37370) 
thrown [s\src\hotspot\share\prims\jni.cpp, line 516]
Event: 3.352 Thread 0x000001ae98e58820 Exception <a 'sun/nio/fs/WindowsException'{0x00000000ebf37e88}> (0x00000000ebf37e88) 
thrown [s\src\hotspot\share\prims\jni.cpp, line 516]
Event: 3.352 Thread 0x000001ae98e58820 Exception <a 'sun/nio/fs/WindowsException'{0x00000000ebf39710}> (0x00000000ebf39710) 
thrown [s\src\hotspot\share\prims\jni.cpp, line 516]
Event: 3.352 Thread 0x000001ae98e58820 Exception <a 'sun/nio/fs/WindowsException'{0x00000000ebf39ff0}> (0x00000000ebf39ff0) 
thrown [s\src\hotspot\share\prims\jni.cpp, line 516]
Event: 3.352 Thread 0x000001ae98e58820 Exception <a 'sun/nio/fs/WindowsException'{0x00000000ebf3abe0}> (0x00000000ebf3abe0) 
thrown [s\src\hotspot\share\prims\jni.cpp, line 516]
Event: 3.352 Thread 0x000001ae98e58820 Exception <a 'sun/nio/fs/WindowsException'{0x00000000ebf3b4c0}> (0x00000000ebf3b4c0) 
thrown [s\src\hotspot\share\prims\jni.cpp, line 516]
Event: 3.353 Thread 0x000001ae98e58820 Exception <a 'sun/nio/fs/WindowsException'{0x00000000ebf3c130}> (0x00000000ebf3c130) 
thrown [s\src\hotspot\share\prims\jni.cpp, line 516]
Event: 3.353 Thread 0x000001ae98e58820 Exception <a 'sun/nio/fs/WindowsException'{0x00000000ebf3ca10}> (0x00000000ebf3ca10) 
thrown [s\src\hotspot\share\prims\jni.cpp, line 516]
Event: 3.361 Thread 0x000001ae98e58820 Exception <a 'java/lang/NoSuchMethodError'{0x00000000ebf78138}: 'void java.lang.invoke.DirectMethodHandle$Holder.invokeVirtual(java.lang.Object, java.lang.Object, java.lang.Object, java.lang.Object)'> (0x00000000ebf78138) 
thrown [s\src\hotspot\share\interpreter\linkResolver.cpp, line 759]
Event: 3.373 Thread 0x000001ae98e58820 Exception <a 'java/lang/NoSuchMethodError'{0x00000000ec01e6e0}: 'java.lang.Object java.lang.invoke.DirectMethodHandle$Holder.newInvokeSpecial(java.lang.Object, java.lang.Object, java.lang.Object, java.lang.Object, java.lang.Object, java.lang.Object)'> (0x00000000ec01e6e0) 
thrown [s\src\hotspot\share\interpreter\linkResolver.cpp, line 759]
Event: 15.047 Thread 0x000001ae98e58820 Exception <a 'java/io/FileNotFoundException'{0x00000000eab4f2f0}> (0x00000000eab4f2f0) 
thrown [s\src\hotspot\share\prims\jni.cpp, line 516]

VM Operations (20 events):
Event: 2.471 Executing VM operation: HandshakeAllThreads
Event: 2.471 Executing VM operation: HandshakeAllThreads done
Event: 2.625 Executing VM operation: ParallelGCFailedAllocation
Event: 2.627 Executing VM operation: ParallelGCFailedAllocation done
Event: 2.677 Executing VM operation: HandshakeAllThreads
Event: 2.677 Executing VM operation: HandshakeAllThreads done
Event: 2.683 Executing VM operation: CollectForMetadataAllocation
Event: 2.698 Executing VM operation: CollectForMetadataAllocation done
Event: 2.726 Executing VM operation: HandshakeAllThreads
Event: 2.726 Executing VM operation: HandshakeAllThreads done
Event: 3.280 Executing VM operation: HandshakeAllThreads
Event: 3.280 Executing VM operation: HandshakeAllThreads done
Event: 3.307 Executing VM operation: ParallelGCFailedAllocation
Event: 3.308 Executing VM operation: ParallelGCFailedAllocation done
Event: 4.316 Executing VM operation: Cleanup
Event: 4.316 Executing VM operation: Cleanup done
Event: 15.041 Executing VM operation: ParallelGCFailedAllocation
Event: 15.042 Executing VM operation: ParallelGCFailedAllocation done
Event: 15.052 Executing VM operation: HandshakeAllThreads
Event: 15.053 Executing VM operation: HandshakeAllThreads done

Events (20 events):
Event: 2.549 Thread 0x000001ae9bb54e40 Thread added: 0x000001ae9bb54e40
Event: 2.560 Thread 0x000001ae9bb53f10 Thread added: 0x000001ae9bb53f10
Event: 2.638 Thread 0x000001ae9bb55350 Thread added: 0x000001ae9bb55350
Event: 2.638 Thread 0x000001ae9bb56280 Thread added: 0x000001ae9bb56280
Event: 3.260 Thread 0x000001ae9b114560 Thread exited: 0x000001ae9b114560
Event: 3.261 Thread 0x000001ae9b114040 Thread exited: 0x000001ae9b114040
Event: 3.286 Thread 0x000001ae9c888e20 Thread added: 0x000001ae9c888e20
Event: 3.331 Thread 0x000001ae9d9f9570 Thread added: 0x000001ae9d9f9570
Event: 7.055 Thread 0x000001ae9aeb6a30 Thread exited: 0x000001ae9aeb6a30
Event: 8.388 Thread 0x000001ae9d9f9570 Thread exited: 0x000001ae9d9f9570
Event: 8.388 Thread 0x000001ae9c888e20 Thread exited: 0x000001ae9c888e20
Event: 15.014 Thread 0x000001ae9c41b4a0 Thread added: 0x000001ae9c41b4a0
Event: 15.031 Thread 0x000001ae9c4168b0 Thread added: 0x000001ae9c4168b0
Event: 15.036 Thread 0x000001ae9c415470 Thread added: 0x000001ae9c415470
Event: 15.044 Thread 0x000001ae9c41a570 Thread added: 0x000001ae9c41a570
Event: 15.045 Thread 0x000001ae9c418710 Thread added: 0x000001ae9c418710
Event: 15.047 Thread 0x000001ae9c41a570 Thread exited: 0x000001ae9c41a570
Event: 15.047 Thread 0x000001ae9c415470 Thread exited: 0x000001ae9c415470
Event: 15.047 Thread 0x000001ae9c418710 Thread exited: 0x000001ae9c418710
Event: 15.071 Thread 0x000001ae9d9f9570 Thread added: 0x000001ae9d9f9570


Dynamic libraries:
0x00007ff7f30d0000 - 0x00007ff7f30de000 	c:\Users\itwill\.vscode\extensions\redhat.java-1.35.1-win32-x64\jre\17.0.12-win32-x86_64\bin\java.exe
0x00007ffed9590000 - 0x00007ffed97a7000 	C:\Windows\SYSTEM32\ntdll.dll
0x00007ffed87d0000 - 0x00007ffed8894000 	C:\Windows\System32\KERNEL32.DLL
0x00007ffed6a40000 - 0x00007ffed6df7000 	C:\Windows\System32\KERNELBASE.dll
0x00007ffed6e80000 - 0x00007ffed6f91000 	C:\Windows\System32\ucrtbase.dll
0x00007ffebc3b0000 - 0x00007ffebc3cb000 	c:\Users\itwill\.vscode\extensions\redhat.java-1.35.1-win32-x64\jre\17.0.12-win32-x86_64\bin\VCRUNTIME140.dll
0x00007ffeb8140000 - 0x00007ffeb8157000 	c:\Users\itwill\.vscode\extensions\redhat.java-1.35.1-win32-x64\jre\17.0.12-win32-x86_64\bin\jli.dll
0x00007ffed83d0000 - 0x00007ffed857f000 	C:\Windows\System32\USER32.dll
0x00007ffed7220000 - 0x00007ffed7246000 	C:\Windows\System32\win32u.dll
0x00007ffed82e0000 - 0x00007ffed8309000 	C:\Windows\System32\GDI32.dll
0x00007ffed7100000 - 0x00007ffed7218000 	C:\Windows\System32\gdi32full.dll
0x00007ffed7060000 - 0x00007ffed70fa000 	C:\Windows\System32\msvcp_win.dll
0x00007ffeb2360000 - 0x00007ffeb25f3000 	C:\Windows\WinSxS\amd64_microsoft.windows.common-controls_6595b64144ccf1df_6.0.22621.3672_none_2713b9d173822955\COMCTL32.dll
0x00007ffed8d30000 - 0x00007ffed8dd7000 	C:\Windows\System32\msvcrt.dll
0x00007ffed8f80000 - 0x00007ffed8fb1000 	C:\Windows\System32\IMM32.DLL
0x00007ffed2e30000 - 0x00007ffed2e3c000 	c:\Users\itwill\.vscode\extensions\redhat.java-1.35.1-win32-x64\jre\17.0.12-win32-x86_64\bin\vcruntime140_1.dll
0x00007ffeb5da0000 - 0x00007ffeb5e2d000 	c:\Users\itwill\.vscode\extensions\redhat.java-1.35.1-win32-x64\jre\17.0.12-win32-x86_64\bin\msvcp140.dll
0x00007ffe6aa00000 - 0x00007ffe6b66a000 	c:\Users\itwill\.vscode\extensions\redhat.java-1.35.1-win32-x64\jre\17.0.12-win32-x86_64\bin\server\jvm.dll
0x00007ffed8310000 - 0x00007ffed83c2000 	C:\Windows\System32\ADVAPI32.dll
0x00007ffed72c0000 - 0x00007ffed7368000 	C:\Windows\System32\sechost.dll
0x00007ffed6a10000 - 0x00007ffed6a38000 	C:\Windows\System32\bcrypt.dll
0x00007ffed7d00000 - 0x00007ffed7e14000 	C:\Windows\System32\RPCRT4.dll
0x00007ffed8f00000 - 0x00007ffed8f71000 	C:\Windows\System32\WS2_32.dll
0x00007ffed5750000 - 0x00007ffed579d000 	C:\Windows\SYSTEM32\POWRPROF.dll
0x00007ffec5cc0000 - 0x00007ffec5cca000 	C:\Windows\SYSTEM32\VERSION.dll
0x00007ffec5a30000 - 0x00007ffec5a64000 	C:\Windows\SYSTEM32\WINMM.dll
0x00007ffed5730000 - 0x00007ffed5743000 	C:\Windows\SYSTEM32\UMPDC.dll
0x00007ffed5940000 - 0x00007ffed5958000 	C:\Windows\SYSTEM32\kernel.appcore.dll
0x00007ffeca640000 - 0x00007ffeca64a000 	c:\Users\itwill\.vscode\extensions\redhat.java-1.35.1-win32-x64\jre\17.0.12-win32-x86_64\bin\jimage.dll
0x00007ffec4fb0000 - 0x00007ffec51e2000 	C:\Windows\SYSTEM32\DBGHELP.DLL
0x00007ffed7e20000 - 0x00007ffed81ae000 	C:\Windows\System32\combase.dll
0x00007ffed88b0000 - 0x00007ffed8987000 	C:\Windows\System32\OLEAUT32.dll
0x00007ffec4e20000 - 0x00007ffec4e52000 	C:\Windows\SYSTEM32\dbgcore.DLL
0x00007ffed6e00000 - 0x00007ffed6e7b000 	C:\Windows\System32\bcryptPrimitives.dll
0x00007ffeca260000 - 0x00007ffeca26e000 	c:\Users\itwill\.vscode\extensions\redhat.java-1.35.1-win32-x64\jre\17.0.12-win32-x86_64\bin\instrument.dll
0x00007ffeb7ff0000 - 0x00007ffeb8015000 	c:\Users\itwill\.vscode\extensions\redhat.java-1.35.1-win32-x64\jre\17.0.12-win32-x86_64\bin\java.dll
0x00007ffeb4d80000 - 0x00007ffeb4d98000 	c:\Users\itwill\.vscode\extensions\redhat.java-1.35.1-win32-x64\jre\17.0.12-win32-x86_64\bin\zip.dll
0x00007ffed7370000 - 0x00007ffed7bd9000 	C:\Windows\System32\SHELL32.dll
0x00007ffed4820000 - 0x00007ffed511f000 	C:\Windows\SYSTEM32\windows.storage.dll
0x00007ffed46e0000 - 0x00007ffed481f000 	C:\Windows\SYSTEM32\wintypes.dll
0x00007ffed8e00000 - 0x00007ffed8ef9000 	C:\Windows\System32\SHCORE.dll
0x00007ffed8280000 - 0x00007ffed82de000 	C:\Windows\System32\shlwapi.dll
0x00007ffed67d0000 - 0x00007ffed67f7000 	C:\Windows\SYSTEM32\profapi.dll
0x00007ffeac090000 - 0x00007ffeac0a9000 	C:\Users\itwill\.vscode\extensions\redhat.java-1.35.1-win32-x64\jre\17.0.12-win32-x86_64\bin\net.dll
0x00007ffed15d0000 - 0x00007ffed1706000 	C:\Windows\SYSTEM32\WINHTTP.dll
0x00007ffed5e50000 - 0x00007ffed5eb9000 	C:\Windows\system32\mswsock.dll
0x00007ffeac070000 - 0x00007ffeac086000 	C:\Users\itwill\.vscode\extensions\redhat.java-1.35.1-win32-x64\jre\17.0.12-win32-x86_64\bin\nio.dll
0x00007ffec98c0000 - 0x00007ffec98d0000 	c:\Users\itwill\.vscode\extensions\redhat.java-1.35.1-win32-x64\jre\17.0.12-win32-x86_64\bin\verify.dll
0x00007ffea1be0000 - 0x00007ffea1c25000 	C:\Users\itwill\AppData\Roaming\Code\User\globalStorage\redhat.java\1.35.1\config_ss_win\org.eclipse.equinox.launcher\org.eclipse.equinox.launcher.win32.win32.x86_64_1.2.1100.v20240722-2106\eclipse_11904.dll
0x00007ffed8a10000 - 0x00007ffed8bb5000 	C:\Windows\System32\ole32.dll
0x00007ffed60b0000 - 0x00007ffed60cb000 	C:\Windows\SYSTEM32\CRYPTSP.dll
0x00007ffed5960000 - 0x00007ffed5995000 	C:\Windows\system32\rsaenh.dll
0x00007ffed5f40000 - 0x00007ffed5f68000 	C:\Windows\SYSTEM32\USERENV.dll
0x00007ffed60a0000 - 0x00007ffed60ac000 	C:\Windows\SYSTEM32\CRYPTBASE.dll
0x00007ffed53f0000 - 0x00007ffed541d000 	C:\Windows\SYSTEM32\IPHLPAPI.DLL
0x00007ffed88a0000 - 0x00007ffed88a9000 	C:\Windows\System32\NSI.dll
0x00007ffed1430000 - 0x00007ffed1449000 	C:\Windows\SYSTEM32\dhcpcsvc6.DLL
0x00007ffed1410000 - 0x00007ffed142f000 	C:\Windows\SYSTEM32\dhcpcsvc.DLL
0x00007ffed5460000 - 0x00007ffed5562000 	C:\Windows\SYSTEM32\DNSAPI.dll
0x00007ffea1b10000 - 0x00007ffea1b59000 	C:\Users\itwill\AppData\Local\Temp\jna--1178128515\jna3321384717274083408.dll
0x00007ffed9490000 - 0x00007ffed9498000 	C:\Windows\System32\PSAPI.DLL

dbghelp: loaded successfully - version: 4.0.5 - missing functions: none
symbol engine: initialized successfully - sym options: 0x614 - pdb path: .;c:\Users\itwill\.vscode\extensions\redhat.java-1.35.1-win32-x64\jre\17.0.12-win32-x86_64\bin;C:\Windows\SYSTEM32;C:\Windows\WinSxS\amd64_microsoft.windows.common-controls_6595b64144ccf1df_6.0.22621.3672_none_2713b9d173822955;c:\Users\itwill\.vscode\extensions\redhat.java-1.35.1-win32-x64\jre\17.0.12-win32-x86_64\bin\server;C:\Users\itwill\AppData\Roaming\Code\User\globalStorage\redhat.java\1.35.1\config_ss_win\org.eclipse.equinox.launcher\org.eclipse.equinox.launcher.win32.win32.x86_64_1.2.1100.v20240722-2106;C:\Users\itwill\AppData\Local\Temp\jna--1178128515

VM Arguments:
jvm_args: --add-modules=ALL-SYSTEM --add-opens=java.base/java.util=ALL-UNNAMED --add-opens=java.base/java.lang=ALL-UNNAMED --add-opens=java.base/sun.nio.fs=ALL-UNNAMED -Declipse.application=org.eclipse.jdt.ls.core.id1 -Dosgi.bundles.defaultStartLevel=4 -Declipse.product=org.eclipse.jdt.ls.core.product -Djava.import.generatesMetadataFilesAtProjectRoot=false -DDetectVMInstallationsJob.disabled=true -Dfile.encoding=utf8 -XX:+UseParallelGC -XX:GCTimeRatio=4 -XX:AdaptiveSizePolicyWeight=90 -Dsun.zip.disableMemoryMapping=true -Xmx1G -Xms100m -Xlog:disable -javaagent:c:\Users\itwill\.vscode\extensions\redhat.java-1.35.1-win32-x64\lombok\lombok-1.18.33.jar 
java_command: c:\Users\itwill\.vscode\extensions\redhat.java-1.35.1-win32-x64\server\plugins\org.eclipse.equinox.launcher_1.6.900.v20240613-2009.jar -configuration c:\Users\itwill\AppData\Roaming\Code\User\globalStorage\redhat.java\1.35.1\config_ss_win -data c:\Users\itwill\AppData\Roaming\Code\User\workspaceStorage\7d2a5cd38aa2d00f32d639ecbf84f81d\redhat.java\ss_ws --pipe=\\.\pipe\lsp-047fd5c55c9e08e7be929ad63e09fe37-sock
java_class_path (initial): c:\Users\itwill\.vscode\extensions\redhat.java-1.35.1-win32-x64\server\plugins\org.eclipse.equinox.launcher_1.6.900.v20240613-2009.jar
Launcher Type: SUN_STANDARD

[Global flags]
    uintx AdaptiveSizePolicyWeight                 = 90                                        {product} {command line}
     intx CICompilerCount                          = 4                                         {product} {ergonomic}
    uintx GCTimeRatio                              = 4                                         {product} {command line}
   size_t InitialHeapSize                          = 104857600                                 {product} {command line}
   size_t MaxHeapSize                              = 1073741824                                {product} {command line}
   size_t MaxNewSize                               = 357564416                                 {product} {ergonomic}
   size_t MinHeapDeltaBytes                        = 524288                                    {product} {ergonomic}
   size_t MinHeapSize                              = 104857600                                 {product} {command line}
   size_t NewSize                                  = 34603008                                  {product} {ergonomic}
    uintx NonNMethodCodeHeapSize                   = 5839372                                {pd product} {ergonomic}
    uintx NonProfiledCodeHeapSize                  = 122909434                              {pd product} {ergonomic}
   size_t OldSize                                  = 70254592                                  {product} {ergonomic}
    uintx ProfiledCodeHeapSize                     = 122909434                              {pd product} {ergonomic}
    uintx ReservedCodeCacheSize                    = 251658240                              {pd product} {ergonomic}
     bool SegmentedCodeCache                       = true                                      {product} {ergonomic}
   size_t SoftMaxHeapSize                          = 1073741824                             {manageable} {ergonomic}
     bool UseCompressedClassPointers               = true                           {product lp64_product} {ergonomic}
     bool UseCompressedOops                        = true                           {product lp64_product} {ergonomic}
     bool UseLargePagesIndividualAllocation        = false                                  {pd product} {ergonomic}
     bool UseParallelGC                            = true                                      {product} {command line}

Logging:
Log output configuration:
 #0: stdout all=off uptime,level,tags
 #1: stderr all=off uptime,level,tags

Environment Variables:
JAVA_HOME=C:\Program Files\Java\jdk-1.8
PATH=C:\oraclexe\app\oracle\product\11.2.0\server\bin;C:\Program Files (x86)\Common Files\Oracle\Java\javapath;C:\Windows\system32;C:\Windows;C:\Windows\System32\Wbem;C:\Windows\System32\WindowsPowerShell\v1.0\;C:\Windows\System32\OpenSSH\;C:\Program Files\Java\jdk-1.8\bin;C:\Program Files\nodejs\;C:\Program Files\MongoDB\Server\5.0\bin;C:\Program Files\Git\cmd;C:\Users\itwill\AppData\Local\Microsoft\WindowsApps;C:\Users\itwill\AppData\Roaming\npm
USERNAME=itwill
OS=Windows_NT
PROCESSOR_IDENTIFIER=Intel64 Family 6 Model 151 Stepping 2, GenuineIntel
TMP=C:\Users\itwill\AppData\Local\Temp
TEMP=C:\Users\itwill\AppData\Local\Temp



Periodic native trim disabled


---------------  S Y S T E M  ---------------

OS:
 Windows 11 , 64 bit Build 22621 (10.0.22621.3958)
OS uptime: 2 days 6:51 hours

CPU: total 12 (initial active 12) (6 cores per cpu, 2 threads per core) family 6 model 151 stepping 2 microcode 0x1e, cx8, cmov, fxsr, ht, mmx, 3dnowpref, sse, sse2, sse3, ssse3, sse4.1, sse4.2, popcnt, lzcnt, tsc, tscinvbit, avx, avx2, aes, erms, clmul, bmi1, bmi2, adx, sha, fma, vzeroupper, clflush, clflushopt, clwb
Processor Information for all 12 processors :
  Max Mhz: 2500, Current Mhz: 2500, Mhz Limit: 2500

Memory: 4k page, system-wide physical 16099M (3292M free)
TotalPageFile size 46513M (AvailPageFile size 5M)
current process WorkingSet (physical memory assigned to process): 149M, peak: 176M
current process commit charge ("private bytes"): 246M, peak: 273M

vm_info: OpenJDK 64-Bit Server VM (17.0.12+7) for windows-amd64 JRE (17.0.12+7), built on Jul 16 2024 22:08:24 by "admin" with MS VC++ 16.10 / 16.11 (VS2019)

END.
