2024-10-27 09:09:11.293  INFO 2972 --- [restartedMain] com.zd.back.BackApplication              : Starting BackApplication using Java 1.8.0_391 on DESKTOP-I0C712O with PID 2972 (C:\Users\Peter\Desktop\zero\back\build\classes\java\main started by Peter in C:\Users\Peter\Desktop\zero\back)
2024-10-27 09:09:11.302 DEBUG 2972 --- [restartedMain] com.zd.back.BackApplication              : Running with Spring Boot v2.7.7, Spring v5.3.24
2024-10-27 09:09:11.303  INFO 2972 --- [restartedMain] com.zd.back.BackApplication              : No active profile set, falling back to 1 default profile: "default"
2024-10-27 09:09:11.354  INFO 2972 --- [restartedMain] o.s.b.devtools.restart.ChangeableUrls    : The Class-Path manifest attribute in C:\Users\Peter\.gradle\caches\modules-2\files-2.1\com.oracle.database.jdbc\ojdbc8\21.5.0.0\eb13f0948ca8675f71d59b5e8a1129d4c6189e7a\ojdbc8-21.5.0.0.jar referenced one or more files that do not exist: file:/C:/Users/Peter/.gradle/caches/modules-2/files-2.1/com.oracle.database.jdbc/ojdbc8/21.5.0.0/eb13f0948ca8675f71d59b5e8a1129d4c6189e7a/oraclepki.jar
2024-10-27 09:09:11.355  INFO 2972 --- [restartedMain] .e.DevToolsPropertyDefaultsPostProcessor : Devtools property defaults active! Set 'spring.devtools.add-properties' to 'false' to disable
2024-10-27 09:09:11.355  INFO 2972 --- [restartedMain] .e.DevToolsPropertyDefaultsPostProcessor : For additional web related logging consider setting the 'logging.level.web' property to 'DEBUG'
2024-10-27 09:09:12.046 DEBUG 2972 --- [restartedMain] o.m.s.b.a.MybatisAutoConfiguration       : Searching for mappers annotated with @Mapper
2024-10-27 09:09:12.047 DEBUG 2972 --- [restartedMain] o.m.s.b.a.MybatisAutoConfiguration       : Using auto-configuration base package 'com.zd.back'
2024-10-27 09:09:12.095  INFO 2972 --- [restartedMain] .s.d.r.c.RepositoryConfigurationDelegate : Bootstrapping Spring Data JPA repositories in DEFAULT mode.
2024-10-27 09:09:12.133  INFO 2972 --- [restartedMain] .s.d.r.c.RepositoryConfigurationDelegate : Finished Spring Data repository scanning in 25 ms. Found 0 JPA repository interfaces.
2024-10-27 09:09:12.261 DEBUG 2972 --- [restartedMain] o.m.s.mapper.ClassPathMapperScanner      : Identified candidate component class: file [C:\Users\Peter\Desktop\zero\back\build\classes\java\main\com\zd\back\JY\domain\attendance\AttendanceMapper.class]
2024-10-27 09:09:12.262 DEBUG 2972 --- [restartedMain] o.m.s.mapper.ClassPathMapperScanner      : Identified candidate component class: file [C:\Users\Peter\Desktop\zero\back\build\classes\java\main\com\zd\back\JY\domain\dailyQuiz\QuizMapper.class]
2024-10-27 09:09:12.262 DEBUG 2972 --- [restartedMain] o.m.s.mapper.ClassPathMapperScanner      : Identified candidate component class: file [C:\Users\Peter\Desktop\zero\back\build\classes\java\main\com\zd\back\JY\domain\point\PointHistoryMapper.class]
2024-10-27 09:09:12.262 DEBUG 2972 --- [restartedMain] o.m.s.mapper.ClassPathMapperScanner      : Identified candidate component class: file [C:\Users\Peter\Desktop\zero\back\build\classes\java\main\com\zd\back\JY\domain\point\PointMapper.class]
2024-10-27 09:09:12.262 DEBUG 2972 --- [restartedMain] o.m.s.mapper.ClassPathMapperScanner      : Identified candidate component class: file [C:\Users\Peter\Desktop\zero\back\build\classes\java\main\com\zd\back\imgboard\mapper\ImgMapper.class]
2024-10-27 09:09:12.262 DEBUG 2972 --- [restartedMain] o.m.s.mapper.ClassPathMapperScanner      : Identified candidate component class: file [C:\Users\Peter\Desktop\zero\back\build\classes\java\main\com\zd\back\imgboard\mapper\ImgPostMapper.class]
2024-10-27 09:09:12.262 DEBUG 2972 --- [restartedMain] o.m.s.mapper.ClassPathMapperScanner      : Identified candidate component class: file [C:\Users\Peter\Desktop\zero\back\build\classes\java\main\com\zd\back\login\mapper\MemberMapper.class]
2024-10-27 09:09:12.263 DEBUG 2972 --- [restartedMain] o.m.s.mapper.ClassPathMapperScanner      : Identified candidate component class: file [C:\Users\Peter\Desktop\zero\back\build\classes\java\main\com\zd\back\mainminiboard\mapper\MiniBoardMapper.class]
2024-10-27 09:09:12.263 DEBUG 2972 --- [restartedMain] o.m.s.mapper.ClassPathMapperScanner      : Identified candidate component class: file [C:\Users\Peter\Desktop\zero\back\build\classes\java\main\com\zd\back\naversearchapi\mapper\SearchApiMapper.class]
2024-10-27 09:09:12.263 DEBUG 2972 --- [restartedMain] o.m.s.mapper.ClassPathMapperScanner      : Identified candidate component class: file [C:\Users\Peter\Desktop\zero\back\build\classes\java\main\com\zd\back\seoulcrawler\mapper\CrawlerMapper.class]
2024-10-27 09:09:12.265 DEBUG 2972 --- [restartedMain] o.m.s.mapper.ClassPathMapperScanner      : Creating MapperFactoryBean with name 'attendanceMapper' and 'com.zd.back.JY.domain.attendance.AttendanceMapper' mapperInterface
2024-10-27 09:09:12.267 DEBUG 2972 --- [restartedMain] o.m.s.mapper.ClassPathMapperScanner      : Creating MapperFactoryBean with name 'quizMapper' and 'com.zd.back.JY.domain.dailyQuiz.QuizMapper' mapperInterface
2024-10-27 09:09:12.268 DEBUG 2972 --- [restartedMain] o.m.s.mapper.ClassPathMapperScanner      : Creating MapperFactoryBean with name 'pointHistoryMapper' and 'com.zd.back.JY.domain.point.PointHistoryMapper' mapperInterface
2024-10-27 09:09:12.269 DEBUG 2972 --- [restartedMain] o.m.s.mapper.ClassPathMapperScanner      : Creating MapperFactoryBean with name 'pointMapper' and 'com.zd.back.JY.domain.point.PointMapper' mapperInterface
2024-10-27 09:09:12.269 DEBUG 2972 --- [restartedMain] o.m.s.mapper.ClassPathMapperScanner      : Creating MapperFactoryBean with name 'imgMapper' and 'com.zd.back.imgboard.mapper.ImgMapper' mapperInterface
2024-10-27 09:09:12.270 DEBUG 2972 --- [restartedMain] o.m.s.mapper.ClassPathMapperScanner      : Creating MapperFactoryBean with name 'imgPostMapper' and 'com.zd.back.imgboard.mapper.ImgPostMapper' mapperInterface
2024-10-27 09:09:12.271 DEBUG 2972 --- [restartedMain] o.m.s.mapper.ClassPathMapperScanner      : Creating MapperFactoryBean with name 'memberMapper' and 'com.zd.back.login.mapper.MemberMapper' mapperInterface
2024-10-27 09:09:12.272 DEBUG 2972 --- [restartedMain] o.m.s.mapper.ClassPathMapperScanner      : Creating MapperFactoryBean with name 'miniBoardMapper' and 'com.zd.back.mainminiboard.mapper.MiniBoardMapper' mapperInterface
2024-10-27 09:09:12.273 DEBUG 2972 --- [restartedMain] o.m.s.mapper.ClassPathMapperScanner      : Creating MapperFactoryBean with name 'searchApiMapper' and 'com.zd.back.naversearchapi.mapper.SearchApiMapper' mapperInterface
2024-10-27 09:09:12.273 DEBUG 2972 --- [restartedMain] o.m.s.mapper.ClassPathMapperScanner      : Creating MapperFactoryBean with name 'crawlerMapper' and 'com.zd.back.seoulcrawler.mapper.CrawlerMapper' mapperInterface
2024-10-27 09:09:13.019  INFO 2972 --- [restartedMain] o.s.b.w.embedded.tomcat.TomcatWebServer  : Tomcat initialized with port(s): 8080 (http)
2024-10-27 09:09:13.027  INFO 2972 --- [restartedMain] o.apache.catalina.core.StandardService   : Starting service [Tomcat]
2024-10-27 09:09:13.027  INFO 2972 --- [restartedMain] org.apache.catalina.core.StandardEngine  : Starting Servlet engine: [Apache Tomcat/9.0.70]
2024-10-27 09:09:13.113  INFO 2972 --- [restartedMain] o.a.c.c.C.[Tomcat].[localhost].[/]       : Initializing Spring embedded WebApplicationContext
2024-10-27 09:09:13.114  INFO 2972 --- [restartedMain] w.s.c.ServletWebServerApplicationContext : Root WebApplicationContext: initialization completed in 1759 ms
2024-10-27 09:09:13.430 DEBUG 2972 --- [restartedMain] o.mybatis.spring.SqlSessionFactoryBean   : Parsed mapper file: 'file [C:\Users\Peter\Desktop\zero\back\build\resources\main\mapper\AttendanceMapper.xml]'
2024-10-27 09:09:13.441 DEBUG 2972 --- [restartedMain] o.mybatis.spring.SqlSessionFactoryBean   : Parsed mapper file: 'file [C:\Users\Peter\Desktop\zero\back\build\resources\main\mapper\CrawlerMapper.xml]'
2024-10-27 09:09:13.447 DEBUG 2972 --- [restartedMain] o.mybatis.spring.SqlSessionFactoryBean   : Parsed mapper file: 'file [C:\Users\Peter\Desktop\zero\back\build\resources\main\mapper\ImgMapper.xml]'
2024-10-27 09:09:13.458 DEBUG 2972 --- [restartedMain] o.mybatis.spring.SqlSessionFactoryBean   : Parsed mapper file: 'file [C:\Users\Peter\Desktop\zero\back\build\resources\main\mapper\ImgPostMapper.xml]'
2024-10-27 09:09:13.466 DEBUG 2972 --- [restartedMain] o.mybatis.spring.SqlSessionFactoryBean   : Parsed mapper file: 'file [C:\Users\Peter\Desktop\zero\back\build\resources\main\mapper\MemberMapper.xml]'
2024-10-27 09:09:13.472 DEBUG 2972 --- [restartedMain] o.mybatis.spring.SqlSessionFactoryBean   : Parsed mapper file: 'file [C:\Users\Peter\Desktop\zero\back\build\resources\main\mapper\MiniBoardMapper.xml]'
2024-10-27 09:09:13.477 DEBUG 2972 --- [restartedMain] o.mybatis.spring.SqlSessionFactoryBean   : Parsed mapper file: 'file [C:\Users\Peter\Desktop\zero\back\build\resources\main\mapper\OrgMapper.xml]'
2024-10-27 09:09:13.483 DEBUG 2972 --- [restartedMain] o.mybatis.spring.SqlSessionFactoryBean   : Parsed mapper file: 'file [C:\Users\Peter\Desktop\zero\back\build\resources\main\mapper\PointHistoryMapper.xml]'
2024-10-27 09:09:13.489 DEBUG 2972 --- [restartedMain] o.mybatis.spring.SqlSessionFactoryBean   : Parsed mapper file: 'file [C:\Users\Peter\Desktop\zero\back\build\resources\main\mapper\PointMapper.xml]'
2024-10-27 09:09:13.495 DEBUG 2972 --- [restartedMain] o.mybatis.spring.SqlSessionFactoryBean   : Parsed mapper file: 'file [C:\Users\Peter\Desktop\zero\back\build\resources\main\mapper\QuizMapper.xml]'
2024-10-27 09:09:13.502 DEBUG 2972 --- [restartedMain] o.mybatis.spring.SqlSessionFactoryBean   : Parsed mapper file: 'file [C:\Users\Peter\Desktop\zero\back\build\resources\main\mapper\SearchApiMapper.xml]'
2024-10-27 09:09:13.580 DEBUG 2972 --- [restartedMain] com.zd.back.login.security.JwtFilter     : Filter 'jwtFilter' configured for use
2024-10-27 09:09:13.648  INFO 2972 --- [restartedMain] o.hibernate.jpa.internal.util.LogHelper  : HHH000204: Processing PersistenceUnitInfo [name: default]
2024-10-27 09:09:13.691  INFO 2972 --- [restartedMain] org.hibernate.Version                    : HHH000412: Hibernate ORM core version 5.6.14.Final
2024-10-27 09:09:13.826  INFO 2972 --- [restartedMain] o.hibernate.annotations.common.Version   : HCANN000001: Hibernate Commons Annotations {5.1.2.Final}
2024-10-27 09:09:13.922  INFO 2972 --- [restartedMain] com.zaxxer.hikari.HikariDataSource       : HikariPool-1 - Starting...
2024-10-27 09:09:14.406  INFO 2972 --- [restartedMain] com.zaxxer.hikari.HikariDataSource       : HikariPool-1 - Start completed.
2024-10-27 09:09:14.419  INFO 2972 --- [restartedMain] org.hibernate.dialect.Dialect            : HHH000400: Using dialect: org.hibernate.dialect.Oracle12cDialect
2024-10-27 09:09:14.818  INFO 2972 --- [restartedMain] o.h.e.t.j.p.i.JtaPlatformInitiator       : HHH000490: Using JtaPlatform implementation: [org.hibernate.engine.transaction.jta.platform.internal.NoJtaPlatform]
2024-10-27 09:09:14.828  INFO 2972 --- [restartedMain] j.LocalContainerEntityManagerFactoryBean : Initialized JPA EntityManagerFactory for persistence unit 'default'
2024-10-27 09:09:15.132  INFO 2972 --- [restartedMain] o.s.s.web.DefaultSecurityFilterChain     : Will secure any request with [org.springframework.security.web.session.DisableEncodeUrlFilter@5459a834, org.springframework.security.web.context.request.async.WebAsyncManagerIntegrationFilter@1b0b6326, org.springframework.security.web.context.SecurityContextPersistenceFilter@e6e2e09, org.springframework.security.web.header.HeaderWriterFilter@54f8ec5, org.springframework.web.filter.CorsFilter@1838ee93, org.springframework.security.web.authentication.logout.LogoutFilter@44a8d1fa, com.zd.back.login.security.JwtFilter@22adb98b, org.springframework.security.web.savedrequest.RequestCacheAwareFilter@28082e96, org.springframework.security.web.servletapi.SecurityContextHolderAwareRequestFilter@35039140, org.springframework.security.web.authentication.AnonymousAuthenticationFilter@657f5c22, org.springframework.security.web.session.SessionManagementFilter@149bc432, org.springframework.security.web.access.ExceptionTranslationFilter@230606e2, org.springframework.security.web.access.intercept.FilterSecurityInterceptor@6a7cb71a]
2024-10-27 09:09:15.190  WARN 2972 --- [restartedMain] JpaBaseConfiguration$JpaWebConfiguration : spring.jpa.open-in-view is enabled by default. Therefore, database queries may be performed during view rendering. Explicitly configure spring.jpa.open-in-view to disable this warning
2024-10-27 09:09:15.407 DEBUG 2972 --- [restartedMain] o.m.s.b.a.MybatisAutoConfiguration       : Not found configuration for registering mapper bean using @MapperScan, MapperFactoryBean and MapperScannerConfigurer.
2024-10-27 09:09:15.585  INFO 2972 --- [restartedMain] o.s.b.d.a.OptionalLiveReloadServer       : LiveReload server is running on port 35729
2024-10-27 09:09:15.612  INFO 2972 --- [restartedMain] o.s.b.w.embedded.tomcat.TomcatWebServer  : Tomcat started on port(s): 8080 (http) with context path ''
2024-10-27 09:09:15.621  INFO 2972 --- [restartedMain] com.zd.back.BackApplication              : Started BackApplication in 4.73 seconds (JVM running for 5.249)
2024-10-27 09:09:24.238  INFO 2972 --- [http-nio-8080-exec-1] o.a.c.c.C.[Tomcat].[localhost].[/]       : Initializing Spring DispatcherServlet 'dispatcherServlet'
2024-10-27 09:09:24.238  INFO 2972 --- [http-nio-8080-exec-1] o.s.web.servlet.DispatcherServlet        : Initializing Servlet 'dispatcherServlet'
2024-10-27 09:09:24.239  INFO 2972 --- [http-nio-8080-exec-1] o.s.web.servlet.DispatcherServlet        : Completed initialization in 1 ms
2024-10-27 09:09:53.387 DEBUG 2972 --- [http-nio-8080-exec-2] org.mybatis.spring.SqlSessionUtils       : Creating a new SqlSession
2024-10-27 09:09:53.390 DEBUG 2972 --- [http-nio-8080-exec-2] org.mybatis.spring.SqlSessionUtils       : Registering transaction synchronization for SqlSession [org.apache.ibatis.session.defaults.DefaultSqlSession@ecd9526]
2024-10-27 09:09:53.397 DEBUG 2972 --- [http-nio-8080-exec-2] o.m.s.t.SpringManagedTransaction         : JDBC Connection [HikariProxyConnection@4305516 wrapping oracle.jdbc.driver.T4CConnection@433b2110] will be managed by Spring
2024-10-27 09:09:53.400 DEBUG 2972 --- [http-nio-8080-exec-2] c.z.b.l.m.MemberMapper.selectMemberById  : ==>  Preparing: SELECT * FROM member WHERE memId = ?
2024-10-27 09:09:53.406 DEBUG 2972 --- [http-nio-8080-exec-2] c.z.b.l.m.MemberMapper.selectMemberById  : ==> Parameters: suzi(String)
2024-10-27 09:09:53.417 DEBUG 2972 --- [http-nio-8080-exec-2] c.z.b.l.m.MemberMapper.selectMemberById  : <==      Total: 1
2024-10-27 09:09:53.418 DEBUG 2972 --- [http-nio-8080-exec-2] org.mybatis.spring.SqlSessionUtils       : Releasing transactional SqlSession [org.apache.ibatis.session.defaults.DefaultSqlSession@ecd9526]
2024-10-27 09:09:53.494 DEBUG 2972 --- [http-nio-8080-exec-2] org.mybatis.spring.SqlSessionUtils       : Fetched SqlSession [org.apache.ibatis.session.defaults.DefaultSqlSession@ecd9526] from current transaction
2024-10-27 09:09:53.494 DEBUG 2972 --- [http-nio-8080-exec-2] c.z.b.J.d.a.AttendanceMapper.checkToday  : ==>  Preparing: SELECT COUNT(*) FROM attendance WHERE TRUNC(attDate) = TRUNC(SYSDATE) AND memId = ?
2024-10-27 09:09:53.495 DEBUG 2972 --- [http-nio-8080-exec-2] c.z.b.J.d.a.AttendanceMapper.checkToday  : ==> Parameters: suzi(String)
2024-10-27 09:09:53.497 DEBUG 2972 --- [http-nio-8080-exec-2] c.z.b.J.d.a.AttendanceMapper.checkToday  : <==      Total: 1
2024-10-27 09:09:53.497 DEBUG 2972 --- [http-nio-8080-exec-2] org.mybatis.spring.SqlSessionUtils       : Releasing transactional SqlSession [org.apache.ibatis.session.defaults.DefaultSqlSession@ecd9526]
2024-10-27 09:09:53.498  INFO 2972 --- [http-nio-8080-exec-2] com.zd.back.login.service.MemberService  : 오늘 이미 출석한 회원: suzi
2024-10-27 09:09:53.498 DEBUG 2972 --- [http-nio-8080-exec-2] org.mybatis.spring.SqlSessionUtils       : Transaction synchronization committing SqlSession [org.apache.ibatis.session.defaults.DefaultSqlSession@ecd9526]
2024-10-27 09:09:53.498 DEBUG 2972 --- [http-nio-8080-exec-2] org.mybatis.spring.SqlSessionUtils       : Transaction synchronization deregistering SqlSession [org.apache.ibatis.session.defaults.DefaultSqlSession@ecd9526]
2024-10-27 09:09:53.499 DEBUG 2972 --- [http-nio-8080-exec-2] org.mybatis.spring.SqlSessionUtils       : Transaction synchronization closing SqlSession [org.apache.ibatis.session.defaults.DefaultSqlSession@ecd9526]
2024-10-27 09:09:55.507  WARN 2972 --- [http-nio-8080-exec-3] .w.s.m.s.DefaultHandlerExceptionResolver : Resolved [org.springframework.web.bind.MissingRequestHeaderException: Required request header 'Authorization' for method parameter type String is not present]
2024-10-27 09:09:55.557 DEBUG 2972 --- [http-nio-8080-exec-4] org.mybatis.spring.SqlSessionUtils       : Creating a new SqlSession
2024-10-27 09:09:55.558 DEBUG 2972 --- [http-nio-8080-exec-4] org.mybatis.spring.SqlSessionUtils       : SqlSession [org.apache.ibatis.session.defaults.DefaultSqlSession@761a86b] was not registered for synchronization because synchronization is not active
2024-10-27 09:09:55.559 DEBUG 2972 --- [http-nio-8080-exec-4] o.m.s.t.SpringManagedTransaction         : JDBC Connection [HikariProxyConnection@7278348 wrapping oracle.jdbc.driver.T4CConnection@433b2110] will not be managed by Spring
2024-10-27 09:09:55.559 DEBUG 2972 --- [http-nio-8080-exec-4] c.z.b.l.m.MemberMapper.selectMemberById  : ==>  Preparing: SELECT * FROM member WHERE memId = ?
2024-10-27 09:09:55.559 DEBUG 2972 --- [http-nio-8080-exec-4] c.z.b.l.m.MemberMapper.selectMemberById  : ==> Parameters: suzi(String)
2024-10-27 09:09:55.561 DEBUG 2972 --- [http-nio-8080-exec-4] c.z.b.l.m.MemberMapper.selectMemberById  : <==      Total: 1
2024-10-27 09:09:55.561 DEBUG 2972 --- [http-nio-8080-exec-4] org.mybatis.spring.SqlSessionUtils       : Closing non transactional SqlSession [org.apache.ibatis.session.defaults.DefaultSqlSession@761a86b]
2024-10-27 09:09:55.566 DEBUG 2972 --- [http-nio-8080-exec-4] org.mybatis.spring.SqlSessionUtils       : Creating a new SqlSession
2024-10-27 09:09:55.566 DEBUG 2972 --- [http-nio-8080-exec-4] org.mybatis.spring.SqlSessionUtils       : SqlSession [org.apache.ibatis.session.defaults.DefaultSqlSession@63757497] was not registered for synchronization because synchronization is not active
2024-10-27 09:09:55.566 DEBUG 2972 --- [http-nio-8080-exec-4] o.m.s.t.SpringManagedTransaction         : JDBC Connection [HikariProxyConnection@847846778 wrapping oracle.jdbc.driver.T4CConnection@433b2110] will not be managed by Spring
2024-10-27 09:09:55.566 DEBUG 2972 --- [http-nio-8080-exec-4] c.z.b.l.m.MemberMapper.selectMemberById  : ==>  Preparing: SELECT * FROM member WHERE memId = ?
2024-10-27 09:09:55.567 DEBUG 2972 --- [http-nio-8080-exec-4] c.z.b.l.m.MemberMapper.selectMemberById  : ==> Parameters: suzi(String)
2024-10-27 09:09:55.568 DEBUG 2972 --- [http-nio-8080-exec-4] c.z.b.l.m.MemberMapper.selectMemberById  : <==      Total: 1
2024-10-27 09:09:55.568 DEBUG 2972 --- [http-nio-8080-exec-4] org.mybatis.spring.SqlSessionUtils       : Closing non transactional SqlSession [org.apache.ibatis.session.defaults.DefaultSqlSession@63757497]
2024-10-27 09:09:55.618 DEBUG 2972 --- [http-nio-8080-exec-5] org.mybatis.spring.SqlSessionUtils       : Creating a new SqlSession
2024-10-27 09:09:55.618 DEBUG 2972 --- [http-nio-8080-exec-5] org.mybatis.spring.SqlSessionUtils       : SqlSession [org.apache.ibatis.session.defaults.DefaultSqlSession@6f676365] was not registered for synchronization because synchronization is not active
2024-10-27 09:09:55.618 DEBUG 2972 --- [http-nio-8080-exec-5] o.m.s.t.SpringManagedTransaction         : JDBC Connection [HikariProxyConnection@1637912825 wrapping oracle.jdbc.driver.T4CConnection@433b2110] will not be managed by Spring
2024-10-27 09:09:55.619 DEBUG 2972 --- [http-nio-8080-exec-5] c.z.b.l.m.MemberMapper.selectMemberById  : ==>  Preparing: SELECT * FROM member WHERE memId = ?
2024-10-27 09:09:55.619 DEBUG 2972 --- [http-nio-8080-exec-5] c.z.b.l.m.MemberMapper.selectMemberById  : ==> Parameters: suzi(String)
2024-10-27 09:09:55.620 DEBUG 2972 --- [http-nio-8080-exec-5] c.z.b.l.m.MemberMapper.selectMemberById  : <==      Total: 1
2024-10-27 09:09:55.621 DEBUG 2972 --- [http-nio-8080-exec-5] org.mybatis.spring.SqlSessionUtils       : Closing non transactional SqlSession [org.apache.ibatis.session.defaults.DefaultSqlSession@6f676365]
2024-10-27 09:09:55.624 DEBUG 2972 --- [http-nio-8080-exec-5] org.mybatis.spring.SqlSessionUtils       : Creating a new SqlSession
2024-10-27 09:09:55.624 DEBUG 2972 --- [http-nio-8080-exec-5] org.mybatis.spring.SqlSessionUtils       : Registering transaction synchronization for SqlSession [org.apache.ibatis.session.defaults.DefaultSqlSession@17b1c8f8]
2024-10-27 09:09:55.624 DEBUG 2972 --- [http-nio-8080-exec-5] o.m.s.t.SpringManagedTransaction         : JDBC Connection [HikariProxyConnection@1464803146 wrapping oracle.jdbc.driver.T4CConnection@433b2110] will be managed by Spring
2024-10-27 09:09:55.624 DEBUG 2972 --- [http-nio-8080-exec-5] c.z.b.J.d.a.A.getAttendanceDates         : ==>  Preparing: SELECT TRUNC(attDate) FROM attendance WHERE memId = ?
2024-10-27 09:09:55.624 DEBUG 2972 --- [http-nio-8080-exec-5] c.z.b.J.d.a.A.getAttendanceDates         : ==> Parameters: suzi(String)
2024-10-27 09:09:55.629 DEBUG 2972 --- [http-nio-8080-exec-5] c.z.b.J.d.a.A.getAttendanceDates         : <==      Total: 2
2024-10-27 09:09:55.629 DEBUG 2972 --- [http-nio-8080-exec-5] org.mybatis.spring.SqlSessionUtils       : Releasing transactional SqlSession [org.apache.ibatis.session.defaults.DefaultSqlSession@17b1c8f8]
2024-10-27 09:09:55.629 DEBUG 2972 --- [http-nio-8080-exec-5] org.mybatis.spring.SqlSessionUtils       : Transaction synchronization committing SqlSession [org.apache.ibatis.session.defaults.DefaultSqlSession@17b1c8f8]
2024-10-27 09:09:55.629 DEBUG 2972 --- [http-nio-8080-exec-5] org.mybatis.spring.SqlSessionUtils       : Transaction synchronization deregistering SqlSession [org.apache.ibatis.session.defaults.DefaultSqlSession@17b1c8f8]
2024-10-27 09:09:55.629 DEBUG 2972 --- [http-nio-8080-exec-5] org.mybatis.spring.SqlSessionUtils       : Transaction synchronization closing SqlSession [org.apache.ibatis.session.defaults.DefaultSqlSession@17b1c8f8]
2024-10-27 09:09:55.951 DEBUG 2972 --- [http-nio-8080-exec-6] org.mybatis.spring.SqlSessionUtils       : Creating a new SqlSession
2024-10-27 09:09:55.952 DEBUG 2972 --- [http-nio-8080-exec-6] org.mybatis.spring.SqlSessionUtils       : SqlSession [org.apache.ibatis.session.defaults.DefaultSqlSession@7b05d7bc] was not registered for synchronization because synchronization is not active
2024-10-27 09:09:55.952 DEBUG 2972 --- [http-nio-8080-exec-6] o.m.s.t.SpringManagedTransaction         : JDBC Connection [HikariProxyConnection@1975658156 wrapping oracle.jdbc.driver.T4CConnection@433b2110] will not be managed by Spring
2024-10-27 09:09:55.952 DEBUG 2972 --- [http-nio-8080-exec-6] c.z.b.l.m.MemberMapper.selectMemberById  : ==>  Preparing: SELECT * FROM member WHERE memId = ?
2024-10-27 09:09:55.952 DEBUG 2972 --- [http-nio-8080-exec-6] c.z.b.l.m.MemberMapper.selectMemberById  : ==> Parameters: suzi(String)
2024-10-27 09:09:55.953 DEBUG 2972 --- [http-nio-8080-exec-6] c.z.b.l.m.MemberMapper.selectMemberById  : <==      Total: 1
2024-10-27 09:09:55.953 DEBUG 2972 --- [http-nio-8080-exec-6] org.mybatis.spring.SqlSessionUtils       : Closing non transactional SqlSession [org.apache.ibatis.session.defaults.DefaultSqlSession@7b05d7bc]
2024-10-27 09:09:55.956 DEBUG 2972 --- [http-nio-8080-exec-6] org.mybatis.spring.SqlSessionUtils       : Creating a new SqlSession
2024-10-27 09:09:55.956 DEBUG 2972 --- [http-nio-8080-exec-6] org.mybatis.spring.SqlSessionUtils       : Registering transaction synchronization for SqlSession [org.apache.ibatis.session.defaults.DefaultSqlSession@202b622]
2024-10-27 09:09:55.956 DEBUG 2972 --- [http-nio-8080-exec-6] o.m.s.t.SpringManagedTransaction         : JDBC Connection [HikariProxyConnection@639701628 wrapping oracle.jdbc.driver.T4CConnection@433b2110] will be managed by Spring
2024-10-27 09:09:55.956 DEBUG 2972 --- [http-nio-8080-exec-6] c.z.b.J.d.a.A.getAttendanceDates         : ==>  Preparing: SELECT TRUNC(attDate) FROM attendance WHERE memId = ?
2024-10-27 09:09:55.956 DEBUG 2972 --- [http-nio-8080-exec-6] c.z.b.J.d.a.A.getAttendanceDates         : ==> Parameters: suzi(String)
2024-10-27 09:09:55.958 DEBUG 2972 --- [http-nio-8080-exec-6] c.z.b.J.d.a.A.getAttendanceDates         : <==      Total: 2
2024-10-27 09:09:55.958 DEBUG 2972 --- [http-nio-8080-exec-6] org.mybatis.spring.SqlSessionUtils       : Releasing transactional SqlSession [org.apache.ibatis.session.defaults.DefaultSqlSession@202b622]
2024-10-27 09:09:55.958 DEBUG 2972 --- [http-nio-8080-exec-6] org.mybatis.spring.SqlSessionUtils       : Transaction synchronization committing SqlSession [org.apache.ibatis.session.defaults.DefaultSqlSession@202b622]
2024-10-27 09:09:55.958 DEBUG 2972 --- [http-nio-8080-exec-6] org.mybatis.spring.SqlSessionUtils       : Transaction synchronization deregistering SqlSession [org.apache.ibatis.session.defaults.DefaultSqlSession@202b622]
2024-10-27 09:09:55.958 DEBUG 2972 --- [http-nio-8080-exec-6] org.mybatis.spring.SqlSessionUtils       : Transaction synchronization closing SqlSession [org.apache.ibatis.session.defaults.DefaultSqlSession@202b622]
2024-10-27 09:09:59.892 DEBUG 2972 --- [http-nio-8080-exec-7] org.mybatis.spring.SqlSessionUtils       : Creating a new SqlSession
2024-10-27 09:09:59.892 DEBUG 2972 --- [http-nio-8080-exec-7] org.mybatis.spring.SqlSessionUtils       : SqlSession [org.apache.ibatis.session.defaults.DefaultSqlSession@5b59a680] was not registered for synchronization because synchronization is not active
2024-10-27 09:09:59.893 DEBUG 2972 --- [http-nio-8080-exec-7] o.m.s.t.SpringManagedTransaction         : JDBC Connection [HikariProxyConnection@1369558512 wrapping oracle.jdbc.driver.T4CConnection@433b2110] will not be managed by Spring
2024-10-27 09:09:59.893 DEBUG 2972 --- [http-nio-8080-exec-7] c.z.b.l.m.MemberMapper.selectMemberById  : ==>  Preparing: SELECT * FROM member WHERE memId = ?
2024-10-27 09:09:59.895 DEBUG 2972 --- [http-nio-8080-exec-7] c.z.b.l.m.MemberMapper.selectMemberById  : ==> Parameters: suzi(String)
2024-10-27 09:09:59.896 DEBUG 2972 --- [http-nio-8080-exec-7] c.z.b.l.m.MemberMapper.selectMemberById  : <==      Total: 1
2024-10-27 09:09:59.896 DEBUG 2972 --- [http-nio-8080-exec-7] org.mybatis.spring.SqlSessionUtils       : Closing non transactional SqlSession [org.apache.ibatis.session.defaults.DefaultSqlSession@5b59a680]
2024-10-27 09:09:59.903 DEBUG 2972 --- [http-nio-8080-exec-7] org.mybatis.spring.SqlSessionUtils       : Creating a new SqlSession
2024-10-27 09:09:59.903 DEBUG 2972 --- [http-nio-8080-exec-7] org.mybatis.spring.SqlSessionUtils       : Registering transaction synchronization for SqlSession [org.apache.ibatis.session.defaults.DefaultSqlSession@66072978]
2024-10-27 09:09:59.905 DEBUG 2972 --- [http-nio-8080-exec-7] o.m.s.t.SpringManagedTransaction         : JDBC Connection [HikariProxyConnection@2071900008 wrapping oracle.jdbc.driver.T4CConnection@433b2110] will be managed by Spring
2024-10-27 09:09:59.905 DEBUG 2972 --- [http-nio-8080-exec-7] c.z.b.J.d.point.PointMapper.findByMemId  : ==>  Preparing: SELECT pointId, usedPoint, maxPoint, memId, grade FROM point WHERE memId = ?
2024-10-27 09:09:59.905 DEBUG 2972 --- [http-nio-8080-exec-7] c.z.b.J.d.point.PointMapper.findByMemId  : ==> Parameters: suzi(String)
2024-10-27 09:09:59.905 DEBUG 2972 --- [http-nio-8080-exec-7] c.z.b.J.d.point.PointMapper.findByMemId  : <==      Total: 1
2024-10-27 09:09:59.905 DEBUG 2972 --- [http-nio-8080-exec-7] org.mybatis.spring.SqlSessionUtils       : Releasing transactional SqlSession [org.apache.ibatis.session.defaults.DefaultSqlSession@66072978]
2024-10-27 09:09:59.905 DEBUG 2972 --- [http-nio-8080-exec-7] org.mybatis.spring.SqlSessionUtils       : Transaction synchronization committing SqlSession [org.apache.ibatis.session.defaults.DefaultSqlSession@66072978]
2024-10-27 09:09:59.905 DEBUG 2972 --- [http-nio-8080-exec-7] org.mybatis.spring.SqlSessionUtils       : Transaction synchronization deregistering SqlSession [org.apache.ibatis.session.defaults.DefaultSqlSession@66072978]
2024-10-27 09:09:59.906 DEBUG 2972 --- [http-nio-8080-exec-7] org.mybatis.spring.SqlSessionUtils       : Transaction synchronization closing SqlSession [org.apache.ibatis.session.defaults.DefaultSqlSession@66072978]
2024-10-27 09:10:00.196 DEBUG 2972 --- [http-nio-8080-exec-8] org.mybatis.spring.SqlSessionUtils       : Creating a new SqlSession
2024-10-27 09:10:00.196 DEBUG 2972 --- [http-nio-8080-exec-8] org.mybatis.spring.SqlSessionUtils       : SqlSession [org.apache.ibatis.session.defaults.DefaultSqlSession@1552485] was not registered for synchronization because synchronization is not active
2024-10-27 09:10:00.196 DEBUG 2972 --- [http-nio-8080-exec-8] o.m.s.t.SpringManagedTransaction         : JDBC Connection [HikariProxyConnection@261282527 wrapping oracle.jdbc.driver.T4CConnection@433b2110] will not be managed by Spring
2024-10-27 09:10:00.196 DEBUG 2972 --- [http-nio-8080-exec-8] c.z.b.l.m.MemberMapper.selectMemberById  : ==>  Preparing: SELECT * FROM member WHERE memId = ?
2024-10-27 09:10:00.196 DEBUG 2972 --- [http-nio-8080-exec-8] c.z.b.l.m.MemberMapper.selectMemberById  : ==> Parameters: suzi(String)
2024-10-27 09:10:00.197 DEBUG 2972 --- [http-nio-8080-exec-8] c.z.b.l.m.MemberMapper.selectMemberById  : <==      Total: 1
2024-10-27 09:10:00.198 DEBUG 2972 --- [http-nio-8080-exec-8] org.mybatis.spring.SqlSessionUtils       : Closing non transactional SqlSession [org.apache.ibatis.session.defaults.DefaultSqlSession@1552485]
2024-10-27 09:10:00.200 DEBUG 2972 --- [http-nio-8080-exec-8] org.mybatis.spring.SqlSessionUtils       : Creating a new SqlSession
2024-10-27 09:10:00.200 DEBUG 2972 --- [http-nio-8080-exec-8] org.mybatis.spring.SqlSessionUtils       : Registering transaction synchronization for SqlSession [org.apache.ibatis.session.defaults.DefaultSqlSession@51ceffd]
2024-10-27 09:10:00.200 DEBUG 2972 --- [http-nio-8080-exec-8] o.m.s.t.SpringManagedTransaction         : JDBC Connection [HikariProxyConnection@1406842969 wrapping oracle.jdbc.driver.T4CConnection@433b2110] will be managed by Spring
2024-10-27 09:10:00.201 DEBUG 2972 --- [http-nio-8080-exec-8] c.z.b.J.d.p.P.getPointHistoryByMemId     : ==>  Preparing: SELECT * FROM point_history WHERE mem_id = ? ORDER BY change_date DESC
2024-10-27 09:10:00.201 DEBUG 2972 --- [http-nio-8080-exec-8] c.z.b.J.d.p.P.getPointHistoryByMemId     : ==> Parameters: suzi(String)
2024-10-27 09:10:00.203 DEBUG 2972 --- [http-nio-8080-exec-8] c.z.b.J.d.p.P.getPointHistoryByMemId     : <==      Total: 2
2024-10-27 09:10:00.204 DEBUG 2972 --- [http-nio-8080-exec-8] org.mybatis.spring.SqlSessionUtils       : Releasing transactional SqlSession [org.apache.ibatis.session.defaults.DefaultSqlSession@51ceffd]
2024-10-27 09:10:00.204 DEBUG 2972 --- [http-nio-8080-exec-8] org.mybatis.spring.SqlSessionUtils       : Transaction synchronization committing SqlSession [org.apache.ibatis.session.defaults.DefaultSqlSession@51ceffd]
2024-10-27 09:10:00.204 DEBUG 2972 --- [http-nio-8080-exec-8] org.mybatis.spring.SqlSessionUtils       : Transaction synchronization deregistering SqlSession [org.apache.ibatis.session.defaults.DefaultSqlSession@51ceffd]
2024-10-27 09:10:00.204 DEBUG 2972 --- [http-nio-8080-exec-8] org.mybatis.spring.SqlSessionUtils       : Transaction synchronization closing SqlSession [org.apache.ibatis.session.defaults.DefaultSqlSession@51ceffd]
2024-10-27 09:10:00.216 DEBUG 2972 --- [http-nio-8080-exec-9] org.mybatis.spring.SqlSessionUtils       : Creating a new SqlSession
2024-10-27 09:10:00.216 DEBUG 2972 --- [http-nio-8080-exec-9] org.mybatis.spring.SqlSessionUtils       : SqlSession [org.apache.ibatis.session.defaults.DefaultSqlSession@5a8f7094] was not registered for synchronization because synchronization is not active
2024-10-27 09:10:00.216 DEBUG 2972 --- [http-nio-8080-exec-9] o.m.s.t.SpringManagedTransaction         : JDBC Connection [HikariProxyConnection@1414038965 wrapping oracle.jdbc.driver.T4CConnection@433b2110] will not be managed by Spring
2024-10-27 09:10:00.216 DEBUG 2972 --- [http-nio-8080-exec-9] c.z.b.l.m.MemberMapper.selectMemberById  : ==>  Preparing: SELECT * FROM member WHERE memId = ?
2024-10-27 09:10:00.217 DEBUG 2972 --- [http-nio-8080-exec-9] c.z.b.l.m.MemberMapper.selectMemberById  : ==> Parameters: suzi(String)
2024-10-27 09:10:00.217 DEBUG 2972 --- [http-nio-8080-exec-9] c.z.b.l.m.MemberMapper.selectMemberById  : <==      Total: 1
2024-10-27 09:10:00.218 DEBUG 2972 --- [http-nio-8080-exec-9] org.mybatis.spring.SqlSessionUtils       : Closing non transactional SqlSession [org.apache.ibatis.session.defaults.DefaultSqlSession@5a8f7094]
2024-10-27 09:10:00.220 DEBUG 2972 --- [http-nio-8080-exec-9] org.mybatis.spring.SqlSessionUtils       : Creating a new SqlSession
2024-10-27 09:10:00.220 DEBUG 2972 --- [http-nio-8080-exec-9] org.mybatis.spring.SqlSessionUtils       : Registering transaction synchronization for SqlSession [org.apache.ibatis.session.defaults.DefaultSqlSession@71146932]
2024-10-27 09:10:00.220 DEBUG 2972 --- [http-nio-8080-exec-9] o.m.s.t.SpringManagedTransaction         : JDBC Connection [HikariProxyConnection@1810239616 wrapping oracle.jdbc.driver.T4CConnection@433b2110] will be managed by Spring
2024-10-27 09:10:00.220 DEBUG 2972 --- [http-nio-8080-exec-9] c.z.b.J.d.point.PointMapper.findByMemId  : ==>  Preparing: SELECT pointId, usedPoint, maxPoint, memId, grade FROM point WHERE memId = ?
2024-10-27 09:10:00.220 DEBUG 2972 --- [http-nio-8080-exec-9] c.z.b.J.d.point.PointMapper.findByMemId  : ==> Parameters: suzi(String)
2024-10-27 09:10:00.221 DEBUG 2972 --- [http-nio-8080-exec-9] c.z.b.J.d.point.PointMapper.findByMemId  : <==      Total: 1
2024-10-27 09:10:00.221 DEBUG 2972 --- [http-nio-8080-exec-9] org.mybatis.spring.SqlSessionUtils       : Releasing transactional SqlSession [org.apache.ibatis.session.defaults.DefaultSqlSession@71146932]
2024-10-27 09:10:00.221 DEBUG 2972 --- [http-nio-8080-exec-9] org.mybatis.spring.SqlSessionUtils       : Transaction synchronization committing SqlSession [org.apache.ibatis.session.defaults.DefaultSqlSession@71146932]
2024-10-27 09:10:00.221 DEBUG 2972 --- [http-nio-8080-exec-9] org.mybatis.spring.SqlSessionUtils       : Transaction synchronization deregistering SqlSession [org.apache.ibatis.session.defaults.DefaultSqlSession@71146932]
2024-10-27 09:10:00.222 DEBUG 2972 --- [http-nio-8080-exec-9] org.mybatis.spring.SqlSessionUtils       : Transaction synchronization closing SqlSession [org.apache.ibatis.session.defaults.DefaultSqlSession@71146932]
2024-10-27 09:10:00.527 DEBUG 2972 --- [http-nio-8080-exec-10] org.mybatis.spring.SqlSessionUtils       : Creating a new SqlSession
2024-10-27 09:10:00.528 DEBUG 2972 --- [http-nio-8080-exec-10] org.mybatis.spring.SqlSessionUtils       : SqlSession [org.apache.ibatis.session.defaults.DefaultSqlSession@47c3f769] was not registered for synchronization because synchronization is not active
2024-10-27 09:10:00.528 DEBUG 2972 --- [http-nio-8080-exec-10] o.m.s.t.SpringManagedTransaction         : JDBC Connection [HikariProxyConnection@1140620105 wrapping oracle.jdbc.driver.T4CConnection@433b2110] will not be managed by Spring
2024-10-27 09:10:00.528 DEBUG 2972 --- [http-nio-8080-exec-10] c.z.b.l.m.MemberMapper.selectMemberById  : ==>  Preparing: SELECT * FROM member WHERE memId = ?
2024-10-27 09:10:00.528 DEBUG 2972 --- [http-nio-8080-exec-10] c.z.b.l.m.MemberMapper.selectMemberById  : ==> Parameters: suzi(String)
2024-10-27 09:10:00.530 DEBUG 2972 --- [http-nio-8080-exec-10] c.z.b.l.m.MemberMapper.selectMemberById  : <==      Total: 1
2024-10-27 09:10:00.530 DEBUG 2972 --- [http-nio-8080-exec-10] org.mybatis.spring.SqlSessionUtils       : Closing non transactional SqlSession [org.apache.ibatis.session.defaults.DefaultSqlSession@47c3f769]
2024-10-27 09:10:00.533 DEBUG 2972 --- [http-nio-8080-exec-10] org.mybatis.spring.SqlSessionUtils       : Creating a new SqlSession
2024-10-27 09:10:00.533 DEBUG 2972 --- [http-nio-8080-exec-10] org.mybatis.spring.SqlSessionUtils       : Registering transaction synchronization for SqlSession [org.apache.ibatis.session.defaults.DefaultSqlSession@2c90c252]
2024-10-27 09:10:00.533 DEBUG 2972 --- [http-nio-8080-exec-10] o.m.s.t.SpringManagedTransaction         : JDBC Connection [HikariProxyConnection@1840973284 wrapping oracle.jdbc.driver.T4CConnection@433b2110] will be managed by Spring
2024-10-27 09:10:00.533 DEBUG 2972 --- [http-nio-8080-exec-10] c.z.b.J.d.p.P.getPointHistoryByMemId     : ==>  Preparing: SELECT * FROM point_history WHERE mem_id = ? ORDER BY change_date DESC
2024-10-27 09:10:00.534 DEBUG 2972 --- [http-nio-8080-exec-10] c.z.b.J.d.p.P.getPointHistoryByMemId     : ==> Parameters: suzi(String)
2024-10-27 09:10:00.536 DEBUG 2972 --- [http-nio-8080-exec-10] c.z.b.J.d.p.P.getPointHistoryByMemId     : <==      Total: 2
2024-10-27 09:10:00.537 DEBUG 2972 --- [http-nio-8080-exec-10] org.mybatis.spring.SqlSessionUtils       : Releasing transactional SqlSession [org.apache.ibatis.session.defaults.DefaultSqlSession@2c90c252]
2024-10-27 09:10:00.537 DEBUG 2972 --- [http-nio-8080-exec-10] org.mybatis.spring.SqlSessionUtils       : Transaction synchronization committing SqlSession [org.apache.ibatis.session.defaults.DefaultSqlSession@2c90c252]
2024-10-27 09:10:00.537 DEBUG 2972 --- [http-nio-8080-exec-10] org.mybatis.spring.SqlSessionUtils       : Transaction synchronization deregistering SqlSession [org.apache.ibatis.session.defaults.DefaultSqlSession@2c90c252]
2024-10-27 09:10:00.537 DEBUG 2972 --- [http-nio-8080-exec-10] org.mybatis.spring.SqlSessionUtils       : Transaction synchronization closing SqlSession [org.apache.ibatis.session.defaults.DefaultSqlSession@2c90c252]
